22:46:11 **** Incremental Build of configuration Debug for project diansai_20_E ****
make -j12 all 
arm-none-eabi-gcc "../Core/Src/workman.c" -mcpu=cortex-m4 -std=gnu11 -g3 -DDEBUG -D_TARGET_FPU_VFP -DARM_MATH_CM4 '-D__FPU_PRESENT = 1U' -DUSE_HAL_DRIVER -DSTM32F407xx -c -I../Core/Inc -I../Core/DSP/Inc -I../Drivers/STM32F4xx_HAL_Driver/Inc -I../Drivers/STM32F4xx_HAL_Driver/Inc/Legacy -I../Drivers/CMSIS/Device/ST/STM32F4xx/Include -I../Drivers/CMSIS/Include -O0 -ffunction-sections -fdata-sections -Wall -fstack-usage -MMD -MP -MF"Core/Src/workman.d" -MT"Core/Src/workman.o" --specs=nano.specs -mfpu=fpv4-sp-d16 -mfloat-abi=hard -mthumb -o "Core/Src/workman.o"
arm-none-eabi-gcc -o "diansai_20_E.elf" @"objects.list"   -mcpu=cortex-m4 -T"G:\CubeProject\diansai_20_E\STM32F407ZGTX_FLASH.ld" --specs=nosys.specs -Wl,-Map="diansai_20_E.map" -Wl,--gc-sections -static --specs=nano.specs -mfpu=fpv4-sp-d16 -mfloat-abi=hard -mthumb -u _printf_float -Wl,--start-group -lc -lm -Wl,--end-group
Finished building target: diansai_20_E.elf
 
arm-none-eabi-objdump -h -S  diansai_20_E.elf  > "diansai_20_E.list"
arm-none-eabi-objcopy  -O binary  diansai_20_E.elf  "diansai_20_E.bin"
arm-none-eabi-size   diansai_20_E.elf 
   text	   data	    bss	    dec	    hex	filename
 109856	    484	  18356	 128696	  1f6b8	diansai_20_E.elf
Finished building: default.size.stdout
Finished building: diansai_20_E.bin
 
Finished building: diansai_20_E.list
 
 
22:46:31 **** Incremental Build of configuration Debug for project diansai_20_E ****
make -j12 all 
arm-none-eabi-size   diansai_20_E.elf 
   text	   data	    bss	    dec	    hex	filename
 109856	    484	  18356	 128696	  1f6b8	diansai_20_E.elf
Finished building: default.size.stdout
 
22:57:18 **** Incremental Build of configuration Debug for project diansai_20_E ****
make -j12 all 
arm-none-eabi-size   diansai_20_E.elf 
   text	   data	    bss	    dec	    hex	filename
 109856	    484	  18356	 128696	  1f6b8	diansai_20_E.elf
Finished building: default.size.stdout
 
23:06:09 **** Incremental Build of configuration Debug for project diansai_20_E ****
make -j12 all 
arm-none-eabi-gcc "../Core/Src/workman.c" -mcpu=cortex-m4 -std=gnu11 -g3 -DDEBUG -D_TARGET_FPU_VFP -DARM_MATH_CM4 '-D__FPU_PRESENT = 1U' -DUSE_HAL_DRIVER -DSTM32F407xx -c -I../Core/Inc -I../Core/DSP/Inc -I../Drivers/STM32F4xx_HAL_Driver/Inc -I../Drivers/STM32F4xx_HAL_Driver/Inc/Legacy -I../Drivers/CMSIS/Device/ST/STM32F4xx/Include -I../Drivers/CMSIS/Include -O0 -ffunction-sections -fdata-sections -Wall -fstack-usage -MMD -MP -MF"Core/Src/workman.d" -MT"Core/Src/workman.o" --specs=nano.specs -mfpu=fpv4-sp-d16 -mfloat-abi=hard -mthumb -o "Core/Src/workman.o"
arm-none-eabi-gcc -o "diansai_20_E.elf" @"objects.list"   -mcpu=cortex-m4 -T"G:\CubeProject\diansai_20_E\STM32F407ZGTX_FLASH.ld" --specs=nosys.specs -Wl,-Map="diansai_20_E.map" -Wl,--gc-sections -static --specs=nano.specs -mfpu=fpv4-sp-d16 -mfloat-abi=hard -mthumb -u _printf_float -Wl,--start-group -lc -lm -Wl,--end-group
Finished building target: diansai_20_E.elf
 
arm-none-eabi-objdump -h -S  diansai_20_E.elf  > "diansai_20_E.list"
arm-none-eabi-objcopy  -O binary  diansai_20_E.elf  "diansai_20_E.bin"
arm-none-eabi-size   diansai_20_E.elf 
   text	   data	    bss	    dec	    hex	filename
 109856	    484	  18356	 128696	  1f6b8	diansai_20_E.elf
Finished building: default.size.stdout
Finished building: diansai_20_E.bin
 
 
Finished building: diansai_20_E.list
 
23:20:35 **** Incremental Build of configuration Debug for project diansai_20_E ****
make -j12 all 
arm-none-eabi-gcc "../Drivers/STM32F4xx_HAL_Driver/Src/stm32f4xx_hal.c" -mcpu=cortex-m4 -std=gnu11 -g3 -DDEBUG -D_TARGET_FPU_VFP -DARM_MATH_CM4 '-D__FPU_PRESENT = 1U' -DUSE_HAL_DRIVER -DSTM32F407xx -c -I../Core/Inc -I../Core/DSP/Inc -I../Drivers/STM32F4xx_HAL_Driver/Inc -I../Drivers/STM32F4xx_HAL_Driver/Inc/Legacy -I../Drivers/CMSIS/Device/ST/STM32F4xx/Include -I../Drivers/CMSIS/Include -O0 -ffunction-sections -fdata-sections -Wall -fstack-usage -MMD -MP -MF"Drivers/STM32F4xx_HAL_Driver/Src/stm32f4xx_hal.d" -MT"Drivers/STM32F4xx_HAL_Driver/Src/stm32f4xx_hal.o" --specs=nano.specs -mfpu=fpv4-sp-d16 -mfloat-abi=hard -mthumb -o "Drivers/STM32F4xx_HAL_Driver/Src/stm32f4xx_hal.o"
arm-none-eabi-gcc "../Drivers/STM32F4xx_HAL_Driver/Src/stm32f4xx_hal_cortex.c" -mcpu=cortex-m4 -std=gnu11 -g3 -DDEBUG -D_TARGET_FPU_VFP -DARM_MATH_CM4 '-D__FPU_PRESENT = 1U' -DUSE_HAL_DRIVER -DSTM32F407xx -c -I../Core/Inc -I../Core/DSP/Inc -I../Drivers/STM32F4xx_HAL_Driver/Inc -I../Drivers/STM32F4xx_HAL_Driver/Inc/Legacy -I../Drivers/CMSIS/Device/ST/STM32F4xx/Include -I../Drivers/CMSIS/Include -O0 -ffunction-sections -fdata-sections -Wall -fstack-usage -MMD -MP -MF"Drivers/STM32F4xx_HAL_Driver/Src/stm32f4xx_hal_cortex.d" -MT"Drivers/STM32F4xx_HAL_Driver/Src/stm32f4xx_hal_cortex.o" --specs=nano.specs -mfpu=fpv4-sp-d16 -mfloat-abi=hard -mthumb -o "Drivers/STM32F4xx_HAL_Driver/Src/stm32f4xx_hal_cortex.o"
arm-none-eabi-gcc "../Drivers/STM32F4xx_HAL_Driver/Src/stm32f4xx_hal_dma.c" -mcpu=cortex-m4 -std=gnu11 -g3 -DDEBUG -D_TARGET_FPU_VFP -DARM_MATH_CM4 '-D__FPU_PRESENT = 1U' -DUSE_HAL_DRIVER -DSTM32F407xx -c -I../Core/Inc -I../Core/DSP/Inc -I../Drivers/STM32F4xx_HAL_Driver/Inc -I../Drivers/STM32F4xx_HAL_Driver/Inc/Legacy -I../Drivers/CMSIS/Device/ST/STM32F4xx/Include -I../Drivers/CMSIS/Include -O0 -ffunction-sections -fdata-sections -Wall -fstack-usage -MMD -MP -MF"Drivers/STM32F4xx_HAL_Driver/Src/stm32f4xx_hal_dma.d" -MT"Drivers/STM32F4xx_HAL_Driver/Src/stm32f4xx_hal_dma.o" --specs=nano.specs -mfpu=fpv4-sp-d16 -mfloat-abi=hard -mthumb -o "Drivers/STM32F4xx_HAL_Driver/Src/stm32f4xx_hal_dma.o"
arm-none-eabi-gcc "../Drivers/STM32F4xx_HAL_Driver/Src/stm32f4xx_hal_dma_ex.c" -mcpu=cortex-m4 -std=gnu11 -g3 -DDEBUG -D_TARGET_FPU_VFP -DARM_MATH_CM4 '-D__FPU_PRESENT = 1U' -DUSE_HAL_DRIVER -DSTM32F407xx -c -I../Core/Inc -I../Core/DSP/Inc -I../Drivers/STM32F4xx_HAL_Driver/Inc -I../Drivers/STM32F4xx_HAL_Driver/Inc/Legacy -I../Drivers/CMSIS/Device/ST/STM32F4xx/Include -I../Drivers/CMSIS/Include -O0 -ffunction-sections -fdata-sections -Wall -fstack-usage -MMD -MP -MF"Drivers/STM32F4xx_HAL_Driver/Src/stm32f4xx_hal_dma_ex.d" -MT"Drivers/STM32F4xx_HAL_Driver/Src/stm32f4xx_hal_dma_ex.o" --specs=nano.specs -mfpu=fpv4-sp-d16 -mfloat-abi=hard -mthumb -o "Drivers/STM32F4xx_HAL_Driver/Src/stm32f4xx_hal_dma_ex.o"
arm-none-eabi-gcc "../Drivers/STM32F4xx_HAL_Driver/Src/stm32f4xx_hal_exti.c" -mcpu=cortex-m4 -std=gnu11 -g3 -DDEBUG -D_TARGET_FPU_VFP -DARM_MATH_CM4 '-D__FPU_PRESENT = 1U' -DUSE_HAL_DRIVER -DSTM32F407xx -c -I../Core/Inc -I../Core/DSP/Inc -I../Drivers/STM32F4xx_HAL_Driver/Inc -I../Drivers/STM32F4xx_HAL_Driver/Inc/Legacy -I../Drivers/CMSIS/Device/ST/STM32F4xx/Include -I../Drivers/CMSIS/Include -O0 -ffunction-sections -fdata-sections -Wall -fstack-usage -MMD -MP -MF"Drivers/STM32F4xx_HAL_Driver/Src/stm32f4xx_hal_exti.d" -MT"Drivers/STM32F4xx_HAL_Driver/Src/stm32f4xx_hal_exti.o" --specs=nano.specs -mfpu=fpv4-sp-d16 -mfloat-abi=hard -mthumb -o "Drivers/STM32F4xx_HAL_Driver/Src/stm32f4xx_hal_exti.o"
arm-none-eabi-gcc "../Drivers/STM32F4xx_HAL_Driver/Src/stm32f4xx_hal_flash.c" -mcpu=cortex-m4 -std=gnu11 -g3 -DDEBUG -D_TARGET_FPU_VFP -DARM_MATH_CM4 '-D__FPU_PRESENT = 1U' -DUSE_HAL_DRIVER -DSTM32F407xx -c -I../Core/Inc -I../Core/DSP/Inc -I../Drivers/STM32F4xx_HAL_Driver/Inc -I../Drivers/STM32F4xx_HAL_Driver/Inc/Legacy -I../Drivers/CMSIS/Device/ST/STM32F4xx/Include -I../Drivers/CMSIS/Include -O0 -ffunction-sections -fdata-sections -Wall -fstack-usage -MMD -MP -MF"Drivers/STM32F4xx_HAL_Driver/Src/stm32f4xx_hal_flash.d" -MT"Drivers/STM32F4xx_HAL_Driver/Src/stm32f4xx_hal_flash.o" --specs=nano.specs -mfpu=fpv4-sp-d16 -mfloat-abi=hard -mthumb -o "Drivers/STM32F4xx_HAL_Driver/Src/stm32f4xx_hal_flash.o"
arm-none-eabi-gcc "../Drivers/STM32F4xx_HAL_Driver/Src/stm32f4xx_hal_flash_ex.c" -mcpu=cortex-m4 -std=gnu11 -g3 -DDEBUG -D_TARGET_FPU_VFP -DARM_MATH_CM4 '-D__FPU_PRESENT = 1U' -DUSE_HAL_DRIVER -DSTM32F407xx -c -I../Core/Inc -I../Core/DSP/Inc -I../Drivers/STM32F4xx_HAL_Driver/Inc -I../Drivers/STM32F4xx_HAL_Driver/Inc/Legacy -I../Drivers/CMSIS/Device/ST/STM32F4xx/Include -I../Drivers/CMSIS/Include -O0 -ffunction-sections -fdata-sections -Wall -fstack-usage -MMD -MP -MF"Drivers/STM32F4xx_HAL_Driver/Src/stm32f4xx_hal_flash_ex.d" -MT"Drivers/STM32F4xx_HAL_Driver/Src/stm32f4xx_hal_flash_ex.o" --specs=nano.specs -mfpu=fpv4-sp-d16 -mfloat-abi=hard -mthumb -o "Drivers/STM32F4xx_HAL_Driver/Src/stm32f4xx_hal_flash_ex.o"
arm-none-eabi-gcc "../Drivers/STM32F4xx_HAL_Driver/Src/stm32f4xx_hal_flash_ramfunc.c" -mcpu=cortex-m4 -std=gnu11 -g3 -DDEBUG -D_TARGET_FPU_VFP -DARM_MATH_CM4 '-D__FPU_PRESENT = 1U' -DUSE_HAL_DRIVER -DSTM32F407xx -c -I../Core/Inc -I../Core/DSP/Inc -I../Drivers/STM32F4xx_HAL_Driver/Inc -I../Drivers/STM32F4xx_HAL_Driver/Inc/Legacy -I../Drivers/CMSIS/Device/ST/STM32F4xx/Include -I../Drivers/CMSIS/Include -O0 -ffunction-sections -fdata-sections -Wall -fstack-usage -MMD -MP -MF"Drivers/STM32F4xx_HAL_Driver/Src/stm32f4xx_hal_flash_ramfunc.d" -MT"Drivers/STM32F4xx_HAL_Driver/Src/stm32f4xx_hal_flash_ramfunc.o" --specs=nano.specs -mfpu=fpv4-sp-d16 -mfloat-abi=hard -mthumb -o "Drivers/STM32F4xx_HAL_Driver/Src/stm32f4xx_hal_flash_ramfunc.o"
arm-none-eabi-gcc "../Drivers/STM32F4xx_HAL_Driver/Src/stm32f4xx_hal_gpio.c" -mcpu=cortex-m4 -std=gnu11 -g3 -DDEBUG -D_TARGET_FPU_VFP -DARM_MATH_CM4 '-D__FPU_PRESENT = 1U' -DUSE_HAL_DRIVER -DSTM32F407xx -c -I../Core/Inc -I../Core/DSP/Inc -I../Drivers/STM32F4xx_HAL_Driver/Inc -I../Drivers/STM32F4xx_HAL_Driver/Inc/Legacy -I../Drivers/CMSIS/Device/ST/STM32F4xx/Include -I../Drivers/CMSIS/Include -O0 -ffunction-sections -fdata-sections -Wall -fstack-usage -MMD -MP -MF"Drivers/STM32F4xx_HAL_Driver/Src/stm32f4xx_hal_gpio.d" -MT"Drivers/STM32F4xx_HAL_Driver/Src/stm32f4xx_hal_gpio.o" --specs=nano.specs -mfpu=fpv4-sp-d16 -mfloat-abi=hard -mthumb -o "Drivers/STM32F4xx_HAL_Driver/Src/stm32f4xx_hal_gpio.o"
arm-none-eabi-gcc "../Drivers/STM32F4xx_HAL_Driver/Src/stm32f4xx_hal_pwr.c" -mcpu=cortex-m4 -std=gnu11 -g3 -DDEBUG -D_TARGET_FPU_VFP -DARM_MATH_CM4 '-D__FPU_PRESENT = 1U' -DUSE_HAL_DRIVER -DSTM32F407xx -c -I../Core/Inc -I../Core/DSP/Inc -I../Drivers/STM32F4xx_HAL_Driver/Inc -I../Drivers/STM32F4xx_HAL_Driver/Inc/Legacy -I../Drivers/CMSIS/Device/ST/STM32F4xx/Include -I../Drivers/CMSIS/Include -O0 -ffunction-sections -fdata-sections -Wall -fstack-usage -MMD -MP -MF"Drivers/STM32F4xx_HAL_Driver/Src/stm32f4xx_hal_pwr.d" -MT"Drivers/STM32F4xx_HAL_Driver/Src/stm32f4xx_hal_pwr.o" --specs=nano.specs -mfpu=fpv4-sp-d16 -mfloat-abi=hard -mthumb -o "Drivers/STM32F4xx_HAL_Driver/Src/stm32f4xx_hal_pwr.o"
arm-none-eabi-gcc "../Drivers/STM32F4xx_HAL_Driver/Src/stm32f4xx_hal_pwr_ex.c" -mcpu=cortex-m4 -std=gnu11 -g3 -DDEBUG -D_TARGET_FPU_VFP -DARM_MATH_CM4 '-D__FPU_PRESENT = 1U' -DUSE_HAL_DRIVER -DSTM32F407xx -c -I../Core/Inc -I../Core/DSP/Inc -I../Drivers/STM32F4xx_HAL_Driver/Inc -I../Drivers/STM32F4xx_HAL_Driver/Inc/Legacy -I../Drivers/CMSIS/Device/ST/STM32F4xx/Include -I../Drivers/CMSIS/Include -O0 -ffunction-sections -fdata-sections -Wall -fstack-usage -MMD -MP -MF"Drivers/STM32F4xx_HAL_Driver/Src/stm32f4xx_hal_pwr_ex.d" -MT"Drivers/STM32F4xx_HAL_Driver/Src/stm32f4xx_hal_pwr_ex.o" --specs=nano.specs -mfpu=fpv4-sp-d16 -mfloat-abi=hard -mthumb -o "Drivers/STM32F4xx_HAL_Driver/Src/stm32f4xx_hal_pwr_ex.o"
arm-none-eabi-gcc "../Drivers/STM32F4xx_HAL_Driver/Src/stm32f4xx_hal_rcc.c" -mcpu=cortex-m4 -std=gnu11 -g3 -DDEBUG -D_TARGET_FPU_VFP -DARM_MATH_CM4 '-D__FPU_PRESENT = 1U' -DUSE_HAL_DRIVER -DSTM32F407xx -c -I../Core/Inc -I../Core/DSP/Inc -I../Drivers/STM32F4xx_HAL_Driver/Inc -I../Drivers/STM32F4xx_HAL_Driver/Inc/Legacy -I../Drivers/CMSIS/Device/ST/STM32F4xx/Include -I../Drivers/CMSIS/Include -O0 -ffunction-sections -fdata-sections -Wall -fstack-usage -MMD -MP -MF"Drivers/STM32F4xx_HAL_Driver/Src/stm32f4xx_hal_rcc.d" -MT"Drivers/STM32F4xx_HAL_Driver/Src/stm32f4xx_hal_rcc.o" --specs=nano.specs -mfpu=fpv4-sp-d16 -mfloat-abi=hard -mthumb -o "Drivers/STM32F4xx_HAL_Driver/Src/stm32f4xx_hal_rcc.o"
arm-none-eabi-gcc "../Drivers/STM32F4xx_HAL_Driver/Src/stm32f4xx_hal_rcc_ex.c" -mcpu=cortex-m4 -std=gnu11 -g3 -DDEBUG -D_TARGET_FPU_VFP -DARM_MATH_CM4 '-D__FPU_PRESENT = 1U' -DUSE_HAL_DRIVER -DSTM32F407xx -c -I../Core/Inc -I../Core/DSP/Inc -I../Drivers/STM32F4xx_HAL_Driver/Inc -I../Drivers/STM32F4xx_HAL_Driver/Inc/Legacy -I../Drivers/CMSIS/Device/ST/STM32F4xx/Include -I../Drivers/CMSIS/Include -O0 -ffunction-sections -fdata-sections -Wall -fstack-usage -MMD -MP -MF"Drivers/STM32F4xx_HAL_Driver/Src/stm32f4xx_hal_rcc_ex.d" -MT"Drivers/STM32F4xx_HAL_Driver/Src/stm32f4xx_hal_rcc_ex.o" --specs=nano.specs -mfpu=fpv4-sp-d16 -mfloat-abi=hard -mthumb -o "Drivers/STM32F4xx_HAL_Driver/Src/stm32f4xx_hal_rcc_ex.o"
arm-none-eabi-gcc "../Drivers/STM32F4xx_HAL_Driver/Src/stm32f4xx_hal_spi.c" -mcpu=cortex-m4 -std=gnu11 -g3 -DDEBUG -D_TARGET_FPU_VFP -DARM_MATH_CM4 '-D__FPU_PRESENT = 1U' -DUSE_HAL_DRIVER -DSTM32F407xx -c -I../Core/Inc -I../Core/DSP/Inc -I../Drivers/STM32F4xx_HAL_Driver/Inc -I../Drivers/STM32F4xx_HAL_Driver/Inc/Legacy -I../Drivers/CMSIS/Device/ST/STM32F4xx/Include -I../Drivers/CMSIS/Include -O0 -ffunction-sections -fdata-sections -Wall -fstack-usage -MMD -MP -MF"Drivers/STM32F4xx_HAL_Driver/Src/stm32f4xx_hal_spi.d" -MT"Drivers/STM32F4xx_HAL_Driver/Src/stm32f4xx_hal_spi.o" --specs=nano.specs -mfpu=fpv4-sp-d16 -mfloat-abi=hard -mthumb -o "Drivers/STM32F4xx_HAL_Driver/Src/stm32f4xx_hal_spi.o"
arm-none-eabi-gcc "../Drivers/STM32F4xx_HAL_Driver/Src/stm32f4xx_hal_tim.c" -mcpu=cortex-m4 -std=gnu11 -g3 -DDEBUG -D_TARGET_FPU_VFP -DARM_MATH_CM4 '-D__FPU_PRESENT = 1U' -DUSE_HAL_DRIVER -DSTM32F407xx -c -I../Core/Inc -I../Core/DSP/Inc -I../Drivers/STM32F4xx_HAL_Driver/Inc -I../Drivers/STM32F4xx_HAL_Driver/Inc/Legacy -I../Drivers/CMSIS/Device/ST/STM32F4xx/Include -I../Drivers/CMSIS/Include -O0 -ffunction-sections -fdata-sections -Wall -fstack-usage -MMD -MP -MF"Drivers/STM32F4xx_HAL_Driver/Src/stm32f4xx_hal_tim.d" -MT"Drivers/STM32F4xx_HAL_Driver/Src/stm32f4xx_hal_tim.o" --specs=nano.specs -mfpu=fpv4-sp-d16 -mfloat-abi=hard -mthumb -o "Drivers/STM32F4xx_HAL_Driver/Src/stm32f4xx_hal_tim.o"
arm-none-eabi-gcc "../Drivers/STM32F4xx_HAL_Driver/Src/stm32f4xx_hal_tim_ex.c" -mcpu=cortex-m4 -std=gnu11 -g3 -DDEBUG -D_TARGET_FPU_VFP -DARM_MATH_CM4 '-D__FPU_PRESENT = 1U' -DUSE_HAL_DRIVER -DSTM32F407xx -c -I../Core/Inc -I../Core/DSP/Inc -I../Drivers/STM32F4xx_HAL_Driver/Inc -I../Drivers/STM32F4xx_HAL_Driver/Inc/Legacy -I../Drivers/CMSIS/Device/ST/STM32F4xx/Include -I../Drivers/CMSIS/Include -O0 -ffunction-sections -fdata-sections -Wall -fstack-usage -MMD -MP -MF"Drivers/STM32F4xx_HAL_Driver/Src/stm32f4xx_hal_tim_ex.d" -MT"Drivers/STM32F4xx_HAL_Driver/Src/stm32f4xx_hal_tim_ex.o" --specs=nano.specs -mfpu=fpv4-sp-d16 -mfloat-abi=hard -mthumb -o "Drivers/STM32F4xx_HAL_Driver/Src/stm32f4xx_hal_tim_ex.o"
arm-none-eabi-gcc "../Drivers/STM32F4xx_HAL_Driver/Src/stm32f4xx_hal_uart.c" -mcpu=cortex-m4 -std=gnu11 -g3 -DDEBUG -D_TARGET_FPU_VFP -DARM_MATH_CM4 '-D__FPU_PRESENT = 1U' -DUSE_HAL_DRIVER -DSTM32F407xx -c -I../Core/Inc -I../Core/DSP/Inc -I../Drivers/STM32F4xx_HAL_Driver/Inc -I../Drivers/STM32F4xx_HAL_Driver/Inc/Legacy -I../Drivers/CMSIS/Device/ST/STM32F4xx/Include -I../Drivers/CMSIS/Include -O0 -ffunction-sections -fdata-sections -Wall -fstack-usage -MMD -MP -MF"Drivers/STM32F4xx_HAL_Driver/Src/stm32f4xx_hal_uart.d" -MT"Drivers/STM32F4xx_HAL_Driver/Src/stm32f4xx_hal_uart.o" --specs=nano.specs -mfpu=fpv4-sp-d16 -mfloat-abi=hard -mthumb -o "Drivers/STM32F4xx_HAL_Driver/Src/stm32f4xx_hal_uart.o"
arm-none-eabi-gcc "../Core/Src/ADS8688.c" -mcpu=cortex-m4 -std=gnu11 -g3 -DDEBUG -D_TARGET_FPU_VFP -DARM_MATH_CM4 '-D__FPU_PRESENT = 1U' -DUSE_HAL_DRIVER -DSTM32F407xx -c -I../Core/Inc -I../Core/DSP/Inc -I../Drivers/STM32F4xx_HAL_Driver/Inc -I../Drivers/STM32F4xx_HAL_Driver/Inc/Legacy -I../Drivers/CMSIS/Device/ST/STM32F4xx/Include -I../Drivers/CMSIS/Include -O0 -ffunction-sections -fdata-sections -Wall -fstack-usage -MMD -MP -MF"Core/Src/ADS8688.d" -MT"Core/Src/ADS8688.o" --specs=nano.specs -mfpu=fpv4-sp-d16 -mfloat-abi=hard -mthumb -o "Core/Src/ADS8688.o"
arm-none-eabi-gcc "../Core/Src/main.c" -mcpu=cortex-m4 -std=gnu11 -g3 -DDEBUG -D_TARGET_FPU_VFP -DARM_MATH_CM4 '-D__FPU_PRESENT = 1U' -DUSE_HAL_DRIVER -DSTM32F407xx -c -I../Core/Inc -I../Core/DSP/Inc -I../Drivers/STM32F4xx_HAL_Driver/Inc -I../Drivers/STM32F4xx_HAL_Driver/Inc/Legacy -I../Drivers/CMSIS/Device/ST/STM32F4xx/Include -I../Drivers/CMSIS/Include -O0 -ffunction-sections -fdata-sections -Wall -fstack-usage -MMD -MP -MF"Core/Src/main.d" -MT"Core/Src/main.o" --specs=nano.specs -mfpu=fpv4-sp-d16 -mfloat-abi=hard -mthumb -o "Core/Src/main.o"
arm-none-eabi-gcc "../Core/Src/outputdata.c" -mcpu=cortex-m4 -std=gnu11 -g3 -DDEBUG -D_TARGET_FPU_VFP -DARM_MATH_CM4 '-D__FPU_PRESENT = 1U' -DUSE_HAL_DRIVER -DSTM32F407xx -c -I../Core/Inc -I../Core/DSP/Inc -I../Drivers/STM32F4xx_HAL_Driver/Inc -I../Drivers/STM32F4xx_HAL_Driver/Inc/Legacy -I../Drivers/CMSIS/Device/ST/STM32F4xx/Include -I../Drivers/CMSIS/Include -O0 -ffunction-sections -fdata-sections -Wall -fstack-usage -MMD -MP -MF"Core/Src/outputdata.d" -MT"Core/Src/outputdata.o" --specs=nano.specs -mfpu=fpv4-sp-d16 -mfloat-abi=hard -mthumb -o "Core/Src/outputdata.o"
arm-none-eabi-gcc "../Core/Src/stm32f4xx_hal_msp.c" -mcpu=cortex-m4 -std=gnu11 -g3 -DDEBUG -D_TARGET_FPU_VFP -DARM_MATH_CM4 '-D__FPU_PRESENT = 1U' -DUSE_HAL_DRIVER -DSTM32F407xx -c -I../Core/Inc -I../Core/DSP/Inc -I../Drivers/STM32F4xx_HAL_Driver/Inc -I../Drivers/STM32F4xx_HAL_Driver/Inc/Legacy -I../Drivers/CMSIS/Device/ST/STM32F4xx/Include -I../Drivers/CMSIS/Include -O0 -ffunction-sections -fdata-sections -Wall -fstack-usage -MMD -MP -MF"Core/Src/stm32f4xx_hal_msp.d" -MT"Core/Src/stm32f4xx_hal_msp.o" --specs=nano.specs -mfpu=fpv4-sp-d16 -mfloat-abi=hard -mthumb -o "Core/Src/stm32f4xx_hal_msp.o"
arm-none-eabi-gcc "../Core/Src/stm32f4xx_it.c" -mcpu=cortex-m4 -std=gnu11 -g3 -DDEBUG -D_TARGET_FPU_VFP -DARM_MATH_CM4 '-D__FPU_PRESENT = 1U' -DUSE_HAL_DRIVER -DSTM32F407xx -c -I../Core/Inc -I../Core/DSP/Inc -I../Drivers/STM32F4xx_HAL_Driver/Inc -I../Drivers/STM32F4xx_HAL_Driver/Inc/Legacy -I../Drivers/CMSIS/Device/ST/STM32F4xx/Include -I../Drivers/CMSIS/Include -O0 -ffunction-sections -fdata-sections -Wall -fstack-usage -MMD -MP -MF"Core/Src/stm32f4xx_it.d" -MT"Core/Src/stm32f4xx_it.o" --specs=nano.specs -mfpu=fpv4-sp-d16 -mfloat-abi=hard -mthumb -o "Core/Src/stm32f4xx_it.o"
arm-none-eabi-gcc "../Core/Src/system_stm32f4xx.c" -mcpu=cortex-m4 -std=gnu11 -g3 -DDEBUG -D_TARGET_FPU_VFP -DARM_MATH_CM4 '-D__FPU_PRESENT = 1U' -DUSE_HAL_DRIVER -DSTM32F407xx -c -I../Core/Inc -I../Core/DSP/Inc -I../Drivers/STM32F4xx_HAL_Driver/Inc -I../Drivers/STM32F4xx_HAL_Driver/Inc/Legacy -I../Drivers/CMSIS/Device/ST/STM32F4xx/Include -I../Drivers/CMSIS/Include -O0 -ffunction-sections -fdata-sections -Wall -fstack-usage -MMD -MP -MF"Core/Src/system_stm32f4xx.d" -MT"Core/Src/system_stm32f4xx.o" --specs=nano.specs -mfpu=fpv4-sp-d16 -mfloat-abi=hard -mthumb -o "Core/Src/system_stm32f4xx.o"
arm-none-eabi-gcc "../Core/Src/tft.c" -mcpu=cortex-m4 -std=gnu11 -g3 -DDEBUG -D_TARGET_FPU_VFP -DARM_MATH_CM4 '-D__FPU_PRESENT = 1U' -DUSE_HAL_DRIVER -DSTM32F407xx -c -I../Core/Inc -I../Core/DSP/Inc -I../Drivers/STM32F4xx_HAL_Driver/Inc -I../Drivers/STM32F4xx_HAL_Driver/Inc/Legacy -I../Drivers/CMSIS/Device/ST/STM32F4xx/Include -I../Drivers/CMSIS/Include -O0 -ffunction-sections -fdata-sections -Wall -fstack-usage -MMD -MP -MF"Core/Src/tft.d" -MT"Core/Src/tft.o" --specs=nano.specs -mfpu=fpv4-sp-d16 -mfloat-abi=hard -mthumb -o "Core/Src/tft.o"
arm-none-eabi-gcc "../Core/Src/workman.c" -mcpu=cortex-m4 -std=gnu11 -g3 -DDEBUG -D_TARGET_FPU_VFP -DARM_MATH_CM4 '-D__FPU_PRESENT = 1U' -DUSE_HAL_DRIVER -DSTM32F407xx -c -I../Core/Inc -I../Core/DSP/Inc -I../Drivers/STM32F4xx_HAL_Driver/Inc -I../Drivers/STM32F4xx_HAL_Driver/Inc/Legacy -I../Drivers/CMSIS/Device/ST/STM32F4xx/Include -I../Drivers/CMSIS/Include -O0 -ffunction-sections -fdata-sections -Wall -fstack-usage -MMD -MP -MF"Core/Src/workman.d" -MT"Core/Src/workman.o" --specs=nano.specs -mfpu=fpv4-sp-d16 -mfloat-abi=hard -mthumb -o "Core/Src/workman.o"
../Core/Src/tft.c: In function 'tft_text_int':
../Core/Src/tft.c:37:10: warning: pointer targets in passing argument 1 of 'sprintf' differ in signedness [-Wpointer-sign]
   37 |  sprintf(body,"%d",num);
      |          ^~~~
      |          |
      |          uint8_t * {aka unsigned char *}
In file included from ../Core/Inc/tft.h:4,
                 from ../Core/Src/tft.c:1:
g:\cubeide\stm32cubeide_1.6.1\stm32cubeide\plugins\com.st.stm32cube.ide.mcu.externaltools.gnu-tools-for-stm32.9-2020-q2-update.win32_1.5.0.202011040924\tools\arm-none-eabi\include\stdio.h:244:14: note: expected 'char * restrict' but argument is of type 'uint8_t *' {aka 'unsigned char *'}
  244 | int sprintf (char *__restrict, const char *__restrict, ...)
      |              ^
../Core/Src/tft.c: In function 'tft_text_float':
../Core/Src/tft.c:55:10: warning: pointer targets in passing argument 1 of 'sprintf' differ in signedness [-Wpointer-sign]
   55 |  sprintf(body,"%.3f",num);
      |          ^~~~
      |          |
      |          uint8_t * {aka unsigned char *}
In file included from ../Core/Inc/tft.h:4,
                 from ../Core/Src/tft.c:1:
g:\cubeide\stm32cubeide_1.6.1\stm32cubeide\plugins\com.st.stm32cube.ide.mcu.externaltools.gnu-tools-for-stm32.9-2020-q2-update.win32_1.5.0.202011040924\tools\arm-none-eabi\include\stdio.h:244:14: note: expected 'char * restrict' but argument is of type 'uint8_t *' {aka 'unsigned char *'}
  244 | int sprintf (char *__restrict, const char *__restrict, ...)
      |              ^
arm-none-eabi-gcc -o "diansai_20_E.elf" @"objects.list"   -mcpu=cortex-m4 -T"G:\CubeProject\diansai_20_E\STM32F407ZGTX_FLASH.ld" --specs=nosys.specs -Wl,-Map="diansai_20_E.map" -Wl,--gc-sections -static --specs=nano.specs -mfpu=fpv4-sp-d16 -mfloat-abi=hard -mthumb -u _printf_float -Wl,--start-group -lc -lm -Wl,--end-group
Finished building target: diansai_20_E.elf
 
arm-none-eabi-objdump -h -S  diansai_20_E.elf  > "diansai_20_E.list"
arm-none-eabi-objcopy  -O binary  diansai_20_E.elf  "diansai_20_E.bin"
arm-none-eabi-size   diansai_20_E.elf 
   text	   data	    bss	    dec	    hex	filename
 109352	    484	  18356	 128192	  1f4c0	diansai_20_E.elf
Finished building: default.size.stdout
 
Finished building: diansai_20_E.bin
Finished building: diansai_20_E.list
 
 
23:21:54 **** Incremental Build of configuration Debug for project diansai_20_E ****
make -j12 all 
arm-none-eabi-gcc "../Core/Src/main.c" -mcpu=cortex-m4 -std=gnu11 -g3 -DDEBUG -D_TARGET_FPU_VFP -DARM_MATH_CM4 '-D__FPU_PRESENT = 1U' -DUSE_HAL_DRIVER -DSTM32F407xx -c -I../Core/Inc -I../Core/DSP/Inc -I../Drivers/STM32F4xx_HAL_Driver/Inc -I../Drivers/STM32F4xx_HAL_Driver/Inc/Legacy -I../Drivers/CMSIS/Device/ST/STM32F4xx/Include -I../Drivers/CMSIS/Include -O0 -ffunction-sections -fdata-sections -Wall -fstack-usage -MMD -MP -MF"Core/Src/main.d" -MT"Core/Src/main.o" --specs=nano.specs -mfpu=fpv4-sp-d16 -mfloat-abi=hard -mthumb -o "Core/Src/main.o"
arm-none-eabi-gcc "../Core/Src/workman.c" -mcpu=cortex-m4 -std=gnu11 -g3 -DDEBUG -D_TARGET_FPU_VFP -DARM_MATH_CM4 '-D__FPU_PRESENT = 1U' -DUSE_HAL_DRIVER -DSTM32F407xx -c -I../Core/Inc -I../Core/DSP/Inc -I../Drivers/STM32F4xx_HAL_Driver/Inc -I../Drivers/STM32F4xx_HAL_Driver/Inc/Legacy -I../Drivers/CMSIS/Device/ST/STM32F4xx/Include -I../Drivers/CMSIS/Include -O0 -ffunction-sections -fdata-sections -Wall -fstack-usage -MMD -MP -MF"Core/Src/workman.d" -MT"Core/Src/workman.o" --specs=nano.specs -mfpu=fpv4-sp-d16 -mfloat-abi=hard -mthumb -o "Core/Src/workman.o"
arm-none-eabi-gcc -o "diansai_20_E.elf" @"objects.list"   -mcpu=cortex-m4 -T"G:\CubeProject\diansai_20_E\STM32F407ZGTX_FLASH.ld" --specs=nosys.specs -Wl,-Map="diansai_20_E.map" -Wl,--gc-sections -static --specs=nano.specs -mfpu=fpv4-sp-d16 -mfloat-abi=hard -mthumb -u _printf_float -Wl,--start-group -lc -lm -Wl,--end-group
Finished building target: diansai_20_E.elf
 
arm-none-eabi-objdump -h -S  diansai_20_E.elf  > "diansai_20_E.list"
arm-none-eabi-objcopy  -O binary  diansai_20_E.elf  "diansai_20_E.bin"
arm-none-eabi-size   diansai_20_E.elf 
   text	   data	    bss	    dec	    hex	filename
 109600	    484	  18356	 128440	  1f5b8	diansai_20_E.elf
Finished building: default.size.stdout
 
Finished building: diansai_20_E.bin
Finished building: diansai_20_E.list
 
 
23:24:11 **** Incremental Build of configuration Debug for project diansai_20_E ****
make -j12 all 
arm-none-eabi-size   diansai_20_E.elf 
   text	   data	    bss	    dec	    hex	filename
 109600	    484	  18356	 128440	  1f5b8	diansai_20_E.elf
Finished building: default.size.stdout
 
23:29:28 **** Incremental Build of configuration Debug for project diansai_20_E ****
make -j12 all 
arm-none-eabi-gcc "../Core/Src/tft.c" -mcpu=cortex-m4 -std=gnu11 -g3 -DDEBUG -D_TARGET_FPU_VFP -DARM_MATH_CM4 '-D__FPU_PRESENT = 1U' -DUSE_HAL_DRIVER -DSTM32F407xx -c -I../Core/Inc -I../Core/DSP/Inc -I../Drivers/STM32F4xx_HAL_Driver/Inc -I../Drivers/STM32F4xx_HAL_Driver/Inc/Legacy -I../Drivers/CMSIS/Device/ST/STM32F4xx/Include -I../Drivers/CMSIS/Include -O0 -ffunction-sections -fdata-sections -Wall -fstack-usage -MMD -MP -MF"Core/Src/tft.d" -MT"Core/Src/tft.o" --specs=nano.specs -mfpu=fpv4-sp-d16 -mfloat-abi=hard -mthumb -o "Core/Src/tft.o"
../Core/Src/tft.c: In function 'tft_text_int':
../Core/Src/tft.c:37:10: warning: pointer targets in passing argument 1 of 'sprintf' differ in signedness [-Wpointer-sign]
   37 |  sprintf(body,"%d",num);
      |          ^~~~
      |          |
      |          uint8_t * {aka unsigned char *}
In file included from ../Core/Inc/tft.h:4,
                 from ../Core/Src/tft.c:1:
g:\cubeide\stm32cubeide_1.6.1\stm32cubeide\plugins\com.st.stm32cube.ide.mcu.externaltools.gnu-tools-for-stm32.9-2020-q2-update.win32_1.5.0.202011040924\tools\arm-none-eabi\include\stdio.h:244:14: note: expected 'char * restrict' but argument is of type 'uint8_t *' {aka 'unsigned char *'}
  244 | int sprintf (char *__restrict, const char *__restrict, ...)
      |              ^
../Core/Src/tft.c: In function 'tft_text_float':
../Core/Src/tft.c:55:10: warning: pointer targets in passing argument 1 of 'sprintf' differ in signedness [-Wpointer-sign]
   55 |  sprintf(body,"%.3f",num);
      |          ^~~~
      |          |
      |          uint8_t * {aka unsigned char *}
In file included from ../Core/Inc/tft.h:4,
                 from ../Core/Src/tft.c:1:
g:\cubeide\stm32cubeide_1.6.1\stm32cubeide\plugins\com.st.stm32cube.ide.mcu.externaltools.gnu-tools-for-stm32.9-2020-q2-update.win32_1.5.0.202011040924\tools\arm-none-eabi\include\stdio.h:244:14: note: expected 'char * restrict' but argument is of type 'uint8_t *' {aka 'unsigned char *'}
  244 | int sprintf (char *__restrict, const char *__restrict, ...)
      |              ^
arm-none-eabi-gcc -o "diansai_20_E.elf" @"objects.list"   -mcpu=cortex-m4 -T"G:\CubeProject\diansai_20_E\STM32F407ZGTX_FLASH.ld" --specs=nosys.specs -Wl,-Map="diansai_20_E.map" -Wl,--gc-sections -static --specs=nano.specs -mfpu=fpv4-sp-d16 -mfloat-abi=hard -mthumb -u _printf_float -Wl,--start-group -lc -lm -Wl,--end-group
Finished building target: diansai_20_E.elf
 
arm-none-eabi-objdump -h -S  diansai_20_E.elf  > "diansai_20_E.list"
arm-none-eabi-objcopy  -O binary  diansai_20_E.elf  "diansai_20_E.bin"
arm-none-eabi-size   diansai_20_E.elf 
   text	   data	    bss	    dec	    hex	filename
 109600	    484	  18356	 128440	  1f5b8	diansai_20_E.elf
Finished building: default.size.stdout
 
Finished building: diansai_20_E.bin
Finished building: diansai_20_E.list
 
 
23:31:09 **** Incremental Build of configuration Debug for project diansai_20_E ****
make -j12 all 
arm-none-eabi-gcc "../Core/Src/tft.c" -mcpu=cortex-m4 -std=gnu11 -g3 -DDEBUG -D_TARGET_FPU_VFP -DARM_MATH_CM4 '-D__FPU_PRESENT = 1U' -DUSE_HAL_DRIVER -DSTM32F407xx -c -I../Core/Inc -I../Core/DSP/Inc -I../Drivers/STM32F4xx_HAL_Driver/Inc -I../Drivers/STM32F4xx_HAL_Driver/Inc/Legacy -I../Drivers/CMSIS/Device/ST/STM32F4xx/Include -I../Drivers/CMSIS/Include -O0 -ffunction-sections -fdata-sections -Wall -fstack-usage -MMD -MP -MF"Core/Src/tft.d" -MT"Core/Src/tft.o" --specs=nano.specs -mfpu=fpv4-sp-d16 -mfloat-abi=hard -mthumb -o "Core/Src/tft.o"
../Core/Src/tft.c: In function 'tft_text_int':
../Core/Src/tft.c:37:10: warning: pointer targets in passing argument 1 of 'sprintf' differ in signedness [-Wpointer-sign]
   37 |  sprintf(body,"%d",num);
      |          ^~~~
      |          |
      |          uint8_t * {aka unsigned char *}
In file included from ../Core/Inc/tft.h:4,
                 from ../Core/Src/tft.c:1:
g:\cubeide\stm32cubeide_1.6.1\stm32cubeide\plugins\com.st.stm32cube.ide.mcu.externaltools.gnu-tools-for-stm32.9-2020-q2-update.win32_1.5.0.202011040924\tools\arm-none-eabi\include\stdio.h:244:14: note: expected 'char * restrict' but argument is of type 'uint8_t *' {aka 'unsigned char *'}
  244 | int sprintf (char *__restrict, const char *__restrict, ...)
      |              ^
../Core/Src/tft.c: In function 'tft_text_float':
../Core/Src/tft.c:55:10: warning: pointer targets in passing argument 1 of 'sprintf' differ in signedness [-Wpointer-sign]
   55 |  sprintf(body,"%.3f",num);
      |          ^~~~
      |          |
      |          uint8_t * {aka unsigned char *}
In file included from ../Core/Inc/tft.h:4,
                 from ../Core/Src/tft.c:1:
g:\cubeide\stm32cubeide_1.6.1\stm32cubeide\plugins\com.st.stm32cube.ide.mcu.externaltools.gnu-tools-for-stm32.9-2020-q2-update.win32_1.5.0.202011040924\tools\arm-none-eabi\include\stdio.h:244:14: note: expected 'char * restrict' but argument is of type 'uint8_t *' {aka 'unsigned char *'}
  244 | int sprintf (char *__restrict, const char *__restrict, ...)
      |              ^
arm-none-eabi-gcc -o "diansai_20_E.elf" @"objects.list"   -mcpu=cortex-m4 -T"G:\CubeProject\diansai_20_E\STM32F407ZGTX_FLASH.ld" --specs=nosys.specs -Wl,-Map="diansai_20_E.map" -Wl,--gc-sections -static --specs=nano.specs -mfpu=fpv4-sp-d16 -mfloat-abi=hard -mthumb -u _printf_float -Wl,--start-group -lc -lm -Wl,--end-group
Finished building target: diansai_20_E.elf
 
arm-none-eabi-objdump -h -S  diansai_20_E.elf  > "diansai_20_E.list"
arm-none-eabi-objcopy  -O binary  diansai_20_E.elf  "diansai_20_E.bin"
arm-none-eabi-size   diansai_20_E.elf 
   text	   data	    bss	    dec	    hex	filename
 109600	    484	  18356	 128440	  1f5b8	diansai_20_E.elf
Finished building: default.size.stdout
 
Finished building: diansai_20_E.bin
Finished building: diansai_20_E.list
 
 
23:35:38 **** Incremental Build of configuration Debug for project diansai_20_E ****
make -j12 all 
arm-none-eabi-gcc "../Core/Src/workman.c" -mcpu=cortex-m4 -std=gnu11 -g3 -DDEBUG -D_TARGET_FPU_VFP -DARM_MATH_CM4 '-D__FPU_PRESENT = 1U' -DUSE_HAL_DRIVER -DSTM32F407xx -c -I../Core/Inc -I../Core/DSP/Inc -I../Drivers/STM32F4xx_HAL_Driver/Inc -I../Drivers/STM32F4xx_HAL_Driver/Inc/Legacy -I../Drivers/CMSIS/Device/ST/STM32F4xx/Include -I../Drivers/CMSIS/Include -O0 -ffunction-sections -fdata-sections -Wall -fstack-usage -MMD -MP -MF"Core/Src/workman.d" -MT"Core/Src/workman.o" --specs=nano.specs -mfpu=fpv4-sp-d16 -mfloat-abi=hard -mthumb -o "Core/Src/workman.o"
arm-none-eabi-gcc -o "diansai_20_E.elf" @"objects.list"   -mcpu=cortex-m4 -T"G:\CubeProject\diansai_20_E\STM32F407ZGTX_FLASH.ld" --specs=nosys.specs -Wl,-Map="diansai_20_E.map" -Wl,--gc-sections -static --specs=nano.specs -mfpu=fpv4-sp-d16 -mfloat-abi=hard -mthumb -u _printf_float -Wl,--start-group -lc -lm -Wl,--end-group
Finished building target: diansai_20_E.elf
 
arm-none-eabi-objdump -h -S  diansai_20_E.elf  > "diansai_20_E.list"
arm-none-eabi-objcopy  -O binary  diansai_20_E.elf  "diansai_20_E.bin"
arm-none-eabi-size   diansai_20_E.elf 
   text	   data	    bss	    dec	    hex	filename
 109584	    484	  18356	 128424	  1f5a8	diansai_20_E.elf
Finished building: default.size.stdout
 
Finished building: diansai_20_E.bin
Finished building: diansai_20_E.list
 
 
23:42:37 **** Incremental Build of configuration Debug for project diansai_20_E ****
make -j12 all 
arm-none-eabi-size   diansai_20_E.elf 
   text	   data	    bss	    dec	    hex	filename
 109584	    484	  18356	 128424	  1f5a8	diansai_20_E.elf
Finished building: default.size.stdout
 
23:52:34 **** Incremental Build of configuration Debug for project diansai_20_E ****
make -j12 all 
arm-none-eabi-gcc "../Core/Src/workman.c" -mcpu=cortex-m4 -std=gnu11 -g3 -DDEBUG -D_TARGET_FPU_VFP -DARM_MATH_CM4 '-D__FPU_PRESENT = 1U' -DUSE_HAL_DRIVER -DSTM32F407xx -c -I../Core/Inc -I../Core/DSP/Inc -I../Drivers/STM32F4xx_HAL_Driver/Inc -I../Drivers/STM32F4xx_HAL_Driver/Inc/Legacy -I../Drivers/CMSIS/Device/ST/STM32F4xx/Include -I../Drivers/CMSIS/Include -O0 -ffunction-sections -fdata-sections -Wall -fstack-usage -MMD -MP -MF"Core/Src/workman.d" -MT"Core/Src/workman.o" --specs=nano.specs -mfpu=fpv4-sp-d16 -mfloat-abi=hard -mthumb -o "Core/Src/workman.o"
../Core/Src/workman.c: In function 'DosomethingTim1':
../Core/Src/workman.c:46:2: error: expected expression before '}' token
   46 |  }
      |  ^
make: *** [Core/Src/subdir.mk:64: Core/Src/workman.o] Error 1
"make -j12 all" terminated with exit code 2. Build might be incomplete.
23:54:03 **** Incremental Build of configuration Debug for project diansai_20_E ****
make -j12 all 
arm-none-eabi-gcc "../Core/Src/workman.c" -mcpu=cortex-m4 -std=gnu11 -g3 -DDEBUG -D_TARGET_FPU_VFP -DARM_MATH_CM4 '-D__FPU_PRESENT = 1U' -DUSE_HAL_DRIVER -DSTM32F407xx -c -I../Core/Inc -I../Core/DSP/Inc -I../Drivers/STM32F4xx_HAL_Driver/Inc -I../Drivers/STM32F4xx_HAL_Driver/Inc/Legacy -I../Drivers/CMSIS/Device/ST/STM32F4xx/Include -I../Drivers/CMSIS/Include -O0 -ffunction-sections -fdata-sections -Wall -fstack-usage -MMD -MP -MF"Core/Src/workman.d" -MT"Core/Src/workman.o" --specs=nano.specs -mfpu=fpv4-sp-d16 -mfloat-abi=hard -mthumb -o "Core/Src/workman.o"
arm-none-eabi-gcc -o "diansai_20_E.elf" @"objects.list"   -mcpu=cortex-m4 -T"G:\CubeProject\diansai_20_E\STM32F407ZGTX_FLASH.ld" --specs=nosys.specs -Wl,-Map="diansai_20_E.map" -Wl,--gc-sections -static --specs=nano.specs -mfpu=fpv4-sp-d16 -mfloat-abi=hard -mthumb -u _printf_float -Wl,--start-group -lc -lm -Wl,--end-group
Finished building target: diansai_20_E.elf
 
arm-none-eabi-objdump -h -S  diansai_20_E.elf  > "diansai_20_E.list"
arm-none-eabi-objcopy  -O binary  diansai_20_E.elf  "diansai_20_E.bin"
arm-none-eabi-size   diansai_20_E.elf 
   text	   data	    bss	    dec	    hex	filename
 109784	    484	  18356	 128624	  1f670	diansai_20_E.elf
Finished building: default.size.stdout
 
Finished building: diansai_20_E.bin
 
Finished building: diansai_20_E.list
 
23:54:58 **** Incremental Build of configuration Debug for project diansai_20_E ****
make -j12 all 
arm-none-eabi-gcc "../Core/Src/workman.c" -mcpu=cortex-m4 -std=gnu11 -g3 -DDEBUG -D_TARGET_FPU_VFP -DARM_MATH_CM4 '-D__FPU_PRESENT = 1U' -DUSE_HAL_DRIVER -DSTM32F407xx -c -I../Core/Inc -I../Core/DSP/Inc -I../Drivers/STM32F4xx_HAL_Driver/Inc -I../Drivers/STM32F4xx_HAL_Driver/Inc/Legacy -I../Drivers/CMSIS/Device/ST/STM32F4xx/Include -I../Drivers/CMSIS/Include -O0 -ffunction-sections -fdata-sections -Wall -fstack-usage -MMD -MP -MF"Core/Src/workman.d" -MT"Core/Src/workman.o" --specs=nano.specs -mfpu=fpv4-sp-d16 -mfloat-abi=hard -mthumb -o "Core/Src/workman.o"
arm-none-eabi-gcc -o "diansai_20_E.elf" @"objects.list"   -mcpu=cortex-m4 -T"G:\CubeProject\diansai_20_E\STM32F407ZGTX_FLASH.ld" --specs=nosys.specs -Wl,-Map="diansai_20_E.map" -Wl,--gc-sections -static --specs=nano.specs -mfpu=fpv4-sp-d16 -mfloat-abi=hard -mthumb -u _printf_float -Wl,--start-group -lc -lm -Wl,--end-group
Finished building target: diansai_20_E.elf
 
arm-none-eabi-objdump -h -S  diansai_20_E.elf  > "diansai_20_E.list"
arm-none-eabi-objcopy  -O binary  diansai_20_E.elf  "diansai_20_E.bin"
arm-none-eabi-size   diansai_20_E.elf 
   text	   data	    bss	    dec	    hex	filename
 109792	    484	  18356	 128632	  1f678	diansai_20_E.elf
Finished building: default.size.stdout
 
Finished building: diansai_20_E.bin
Finished building: diansai_20_E.list
 
 
23:56:28 **** Incremental Build of configuration Debug for project diansai_20_E ****
make -j12 all 
arm-none-eabi-gcc "../Core/Src/workman.c" -mcpu=cortex-m4 -std=gnu11 -g3 -DDEBUG -D_TARGET_FPU_VFP -DARM_MATH_CM4 '-D__FPU_PRESENT = 1U' -DUSE_HAL_DRIVER -DSTM32F407xx -c -I../Core/Inc -I../Core/DSP/Inc -I../Drivers/STM32F4xx_HAL_Driver/Inc -I../Drivers/STM32F4xx_HAL_Driver/Inc/Legacy -I../Drivers/CMSIS/Device/ST/STM32F4xx/Include -I../Drivers/CMSIS/Include -O0 -ffunction-sections -fdata-sections -Wall -fstack-usage -MMD -MP -MF"Core/Src/workman.d" -MT"Core/Src/workman.o" --specs=nano.specs -mfpu=fpv4-sp-d16 -mfloat-abi=hard -mthumb -o "Core/Src/workman.o"
arm-none-eabi-gcc -o "diansai_20_E.elf" @"objects.list"   -mcpu=cortex-m4 -T"G:\CubeProject\diansai_20_E\STM32F407ZGTX_FLASH.ld" --specs=nosys.specs -Wl,-Map="diansai_20_E.map" -Wl,--gc-sections -static --specs=nano.specs -mfpu=fpv4-sp-d16 -mfloat-abi=hard -mthumb -u _printf_float -Wl,--start-group -lc -lm -Wl,--end-group
Finished building target: diansai_20_E.elf
 
arm-none-eabi-objdump -h -S  diansai_20_E.elf  > "diansai_20_E.list"
arm-none-eabi-objcopy  -O binary  diansai_20_E.elf  "diansai_20_E.bin"
arm-none-eabi-size   diansai_20_E.elf 
   text	   data	    bss	    dec	    hex	filename
 109792	    484	  18356	 128632	  1f678	diansai_20_E.elf
Finished building: default.size.stdout
 
Finished building: diansai_20_E.bin
Finished building: diansai_20_E.list
 
 
23:56:51 **** Incremental Build of configuration Debug for project diansai_20_E ****
make -j12 all 
arm-none-eabi-size   diansai_20_E.elf 
   text	   data	    bss	    dec	    hex	filename
 109792	    484	  18356	 128632	  1f678	diansai_20_E.elf
Finished building: default.size.stdout
 
23:57:43 **** Incremental Build of configuration Debug for project diansai_20_E ****
make -j12 all 
arm-none-eabi-gcc "../Core/Src/workman.c" -mcpu=cortex-m4 -std=gnu11 -g3 -DDEBUG -D_TARGET_FPU_VFP -DARM_MATH_CM4 '-D__FPU_PRESENT = 1U' -DUSE_HAL_DRIVER -DSTM32F407xx -c -I../Core/Inc -I../Core/DSP/Inc -I../Drivers/STM32F4xx_HAL_Driver/Inc -I../Drivers/STM32F4xx_HAL_Driver/Inc/Legacy -I../Drivers/CMSIS/Device/ST/STM32F4xx/Include -I../Drivers/CMSIS/Include -O0 -ffunction-sections -fdata-sections -Wall -fstack-usage -MMD -MP -MF"Core/Src/workman.d" -MT"Core/Src/workman.o" --specs=nano.specs -mfpu=fpv4-sp-d16 -mfloat-abi=hard -mthumb -o "Core/Src/workman.o"
arm-none-eabi-gcc -o "diansai_20_E.elf" @"objects.list"   -mcpu=cortex-m4 -T"G:\CubeProject\diansai_20_E\STM32F407ZGTX_FLASH.ld" --specs=nosys.specs -Wl,-Map="diansai_20_E.map" -Wl,--gc-sections -static --specs=nano.specs -mfpu=fpv4-sp-d16 -mfloat-abi=hard -mthumb -u _printf_float -Wl,--start-group -lc -lm -Wl,--end-group
Finished building target: diansai_20_E.elf
 
arm-none-eabi-objdump -h -S  diansai_20_E.elf  > "diansai_20_E.list"
arm-none-eabi-objcopy  -O binary  diansai_20_E.elf  "diansai_20_E.bin"
arm-none-eabi-size   diansai_20_E.elf 
   text	   data	    bss	    dec	    hex	filename
 109792	    484	  18356	 128632	  1f678	diansai_20_E.elf
Finished building: default.size.stdout
 
Finished building: diansai_20_E.bin
Finished building: diansai_20_E.list
 
 
23:59:25 **** Incremental Build of configuration Debug for project diansai_20_E ****
make -j12 all 
arm-none-eabi-gcc "../Core/Src/workman.c" -mcpu=cortex-m4 -std=gnu11 -g3 -DDEBUG -D_TARGET_FPU_VFP -DARM_MATH_CM4 '-D__FPU_PRESENT = 1U' -DUSE_HAL_DRIVER -DSTM32F407xx -c -I../Core/Inc -I../Core/DSP/Inc -I../Drivers/STM32F4xx_HAL_Driver/Inc -I../Drivers/STM32F4xx_HAL_Driver/Inc/Legacy -I../Drivers/CMSIS/Device/ST/STM32F4xx/Include -I../Drivers/CMSIS/Include -O0 -ffunction-sections -fdata-sections -Wall -fstack-usage -MMD -MP -MF"Core/Src/workman.d" -MT"Core/Src/workman.o" --specs=nano.specs -mfpu=fpv4-sp-d16 -mfloat-abi=hard -mthumb -o "Core/Src/workman.o"
arm-none-eabi-gcc -o "diansai_20_E.elf" @"objects.list"   -mcpu=cortex-m4 -T"G:\CubeProject\diansai_20_E\STM32F407ZGTX_FLASH.ld" --specs=nosys.specs -Wl,-Map="diansai_20_E.map" -Wl,--gc-sections -static --specs=nano.specs -mfpu=fpv4-sp-d16 -mfloat-abi=hard -mthumb -u _printf_float -Wl,--start-group -lc -lm -Wl,--end-group
Finished building target: diansai_20_E.elf
 
arm-none-eabi-objdump -h -S  diansai_20_E.elf  > "diansai_20_E.list"
arm-none-eabi-objcopy  -O binary  diansai_20_E.elf  "diansai_20_E.bin"
arm-none-eabi-size   diansai_20_E.elf 
   text	   data	    bss	    dec	    hex	filename
 109792	    484	  18356	 128632	  1f678	diansai_20_E.elf
Finished building: default.size.stdout
 
Finished building: diansai_20_E.bin
Finished building: diansai_20_E.list
 
 
23:59:47 **** Incremental Build of configuration Debug for project diansai_20_E ****
make -j12 all 
arm-none-eabi-size   diansai_20_E.elf 
   text	   data	    bss	    dec	    hex	filename
 109792	    484	  18356	 128632	  1f678	diansai_20_E.elf
Finished building: default.size.stdout
 
00:02:30 **** Incremental Build of configuration Debug for project diansai_20_E ****
make -j12 all 
arm-none-eabi-gcc "../Core/Src/workman.c" -mcpu=cortex-m4 -std=gnu11 -g3 -DDEBUG -D_TARGET_FPU_VFP -DARM_MATH_CM4 '-D__FPU_PRESENT = 1U' -DUSE_HAL_DRIVER -DSTM32F407xx -c -I../Core/Inc -I../Core/DSP/Inc -I../Drivers/STM32F4xx_HAL_Driver/Inc -I../Drivers/STM32F4xx_HAL_Driver/Inc/Legacy -I../Drivers/CMSIS/Device/ST/STM32F4xx/Include -I../Drivers/CMSIS/Include -O0 -ffunction-sections -fdata-sections -Wall -fstack-usage -MMD -MP -MF"Core/Src/workman.d" -MT"Core/Src/workman.o" --specs=nano.specs -mfpu=fpv4-sp-d16 -mfloat-abi=hard -mthumb -o "Core/Src/workman.o"
arm-none-eabi-gcc -o "diansai_20_E.elf" @"objects.list"   -mcpu=cortex-m4 -T"G:\CubeProject\diansai_20_E\STM32F407ZGTX_FLASH.ld" --specs=nosys.specs -Wl,-Map="diansai_20_E.map" -Wl,--gc-sections -static --specs=nano.specs -mfpu=fpv4-sp-d16 -mfloat-abi=hard -mthumb -u _printf_float -Wl,--start-group -lc -lm -Wl,--end-group
Finished building target: diansai_20_E.elf
 
arm-none-eabi-objdump -h -S  diansai_20_E.elf  > "diansai_20_E.list"
arm-none-eabi-objcopy  -O binary  diansai_20_E.elf  "diansai_20_E.bin"
arm-none-eabi-size   diansai_20_E.elf 
   text	   data	    bss	    dec	    hex	filename
 109792	    484	  18356	 128632	  1f678	diansai_20_E.elf
Finished building: default.size.stdout
 
Finished building: diansai_20_E.bin
Finished building: diansai_20_E.list
 
 
00:06:42 **** Incremental Build of configuration Debug for project diansai_20_E ****
make -j12 all 
arm-none-eabi-gcc "../Core/Src/workman.c" -mcpu=cortex-m4 -std=gnu11 -g3 -DDEBUG -D_TARGET_FPU_VFP -DARM_MATH_CM4 '-D__FPU_PRESENT = 1U' -DUSE_HAL_DRIVER -DSTM32F407xx -c -I../Core/Inc -I../Core/DSP/Inc -I../Drivers/STM32F4xx_HAL_Driver/Inc -I../Drivers/STM32F4xx_HAL_Driver/Inc/Legacy -I../Drivers/CMSIS/Device/ST/STM32F4xx/Include -I../Drivers/CMSIS/Include -O0 -ffunction-sections -fdata-sections -Wall -fstack-usage -MMD -MP -MF"Core/Src/workman.d" -MT"Core/Src/workman.o" --specs=nano.specs -mfpu=fpv4-sp-d16 -mfloat-abi=hard -mthumb -o "Core/Src/workman.o"
arm-none-eabi-gcc -o "diansai_20_E.elf" @"objects.list"   -mcpu=cortex-m4 -T"G:\CubeProject\diansai_20_E\STM32F407ZGTX_FLASH.ld" --specs=nosys.specs -Wl,-Map="diansai_20_E.map" -Wl,--gc-sections -static --specs=nano.specs -mfpu=fpv4-sp-d16 -mfloat-abi=hard -mthumb -u _printf_float -Wl,--start-group -lc -lm -Wl,--end-group
Finished building target: diansai_20_E.elf
 
arm-none-eabi-objdump -h -S  diansai_20_E.elf  > "diansai_20_E.list"
arm-none-eabi-objcopy  -O binary  diansai_20_E.elf  "diansai_20_E.bin"
arm-none-eabi-size   diansai_20_E.elf 
   text	   data	    bss	    dec	    hex	filename
 109784	    484	  18356	 128624	  1f670	diansai_20_E.elf
Finished building: default.size.stdout
 
Finished building: diansai_20_E.bin
Finished building: diansai_20_E.list
 
 
00:10:19 **** Incremental Build of configuration Debug for project diansai_20_E ****
make -j12 all 
arm-none-eabi-gcc "../Core/Src/workman.c" -mcpu=cortex-m4 -std=gnu11 -g3 -DDEBUG -D_TARGET_FPU_VFP -DARM_MATH_CM4 '-D__FPU_PRESENT = 1U' -DUSE_HAL_DRIVER -DSTM32F407xx -c -I../Core/Inc -I../Core/DSP/Inc -I../Drivers/STM32F4xx_HAL_Driver/Inc -I../Drivers/STM32F4xx_HAL_Driver/Inc/Legacy -I../Drivers/CMSIS/Device/ST/STM32F4xx/Include -I../Drivers/CMSIS/Include -O0 -ffunction-sections -fdata-sections -Wall -fstack-usage -MMD -MP -MF"Core/Src/workman.d" -MT"Core/Src/workman.o" --specs=nano.specs -mfpu=fpv4-sp-d16 -mfloat-abi=hard -mthumb -o "Core/Src/workman.o"
arm-none-eabi-gcc -o "diansai_20_E.elf" @"objects.list"   -mcpu=cortex-m4 -T"G:\CubeProject\diansai_20_E\STM32F407ZGTX_FLASH.ld" --specs=nosys.specs -Wl,-Map="diansai_20_E.map" -Wl,--gc-sections -static --specs=nano.specs -mfpu=fpv4-sp-d16 -mfloat-abi=hard -mthumb -u _printf_float -Wl,--start-group -lc -lm -Wl,--end-group
Finished building target: diansai_20_E.elf
 
arm-none-eabi-objdump -h -S  diansai_20_E.elf  > "diansai_20_E.list"
arm-none-eabi-objcopy  -O binary  diansai_20_E.elf  "diansai_20_E.bin"
arm-none-eabi-size   diansai_20_E.elf 
   text	   data	    bss	    dec	    hex	filename
 120228	    488	  18352	 139068	  21f3c	diansai_20_E.elf
Finished building: default.size.stdout
 
Finished building: diansai_20_E.bin
 
Finished building: diansai_20_E.list
 
00:10:58 **** Incremental Build of configuration Debug for project diansai_20_E ****
make -j12 all 
arm-none-eabi-gcc "../Core/Src/workman.c" -mcpu=cortex-m4 -std=gnu11 -g3 -DDEBUG -D_TARGET_FPU_VFP -DARM_MATH_CM4 '-D__FPU_PRESENT = 1U' -DUSE_HAL_DRIVER -DSTM32F407xx -c -I../Core/Inc -I../Core/DSP/Inc -I../Drivers/STM32F4xx_HAL_Driver/Inc -I../Drivers/STM32F4xx_HAL_Driver/Inc/Legacy -I../Drivers/CMSIS/Device/ST/STM32F4xx/Include -I../Drivers/CMSIS/Include -O0 -ffunction-sections -fdata-sections -Wall -fstack-usage -MMD -MP -MF"Core/Src/workman.d" -MT"Core/Src/workman.o" --specs=nano.specs -mfpu=fpv4-sp-d16 -mfloat-abi=hard -mthumb -o "Core/Src/workman.o"
arm-none-eabi-gcc -o "diansai_20_E.elf" @"objects.list"   -mcpu=cortex-m4 -T"G:\CubeProject\diansai_20_E\STM32F407ZGTX_FLASH.ld" --specs=nosys.specs -Wl,-Map="diansai_20_E.map" -Wl,--gc-sections -static --specs=nano.specs -mfpu=fpv4-sp-d16 -mfloat-abi=hard -mthumb -u _printf_float -Wl,--start-group -lc -lm -Wl,--end-group
Finished building target: diansai_20_E.elf
 
arm-none-eabi-objdump -h -S  diansai_20_E.elf  > "diansai_20_E.list"
arm-none-eabi-objcopy  -O binary  diansai_20_E.elf  "diansai_20_E.bin"
arm-none-eabi-size   diansai_20_E.elf 
   text	   data	    bss	    dec	    hex	filename
 120228	    488	  18352	 139068	  21f3c	diansai_20_E.elf
Finished building: default.size.stdout
 
Finished building: diansai_20_E.bin
Finished building: diansai_20_E.list
 
 
00:11:16 **** Incremental Build of configuration Debug for project diansai_20_E ****
make -j12 all 
arm-none-eabi-gcc "../Core/Src/workman.c" -mcpu=cortex-m4 -std=gnu11 -g3 -DDEBUG -D_TARGET_FPU_VFP -DARM_MATH_CM4 '-D__FPU_PRESENT = 1U' -DUSE_HAL_DRIVER -DSTM32F407xx -c -I../Core/Inc -I../Core/DSP/Inc -I../Drivers/STM32F4xx_HAL_Driver/Inc -I../Drivers/STM32F4xx_HAL_Driver/Inc/Legacy -I../Drivers/CMSIS/Device/ST/STM32F4xx/Include -I../Drivers/CMSIS/Include -O0 -ffunction-sections -fdata-sections -Wall -fstack-usage -MMD -MP -MF"Core/Src/workman.d" -MT"Core/Src/workman.o" --specs=nano.specs -mfpu=fpv4-sp-d16 -mfloat-abi=hard -mthumb -o "Core/Src/workman.o"
../Core/Src/workman.c: In function 'DosomethingTim1':
../Core/Src/workman.c:67:17: warning: passing argument 3 of 'tft_form' from incompatible pointer type [-Wincompatible-pointer-types]
   67 |  tft_form(0, 1, dataCh1,600, 1);
      |                 ^~~~~~~
      |                 |
      |                 float *
In file included from ../Core/Inc/main.h:36,
                 from ../Core/Inc/workman.h:3,
                 from ../Core/Src/workman.c:1:
../Core/Inc/tft.h:20:50: note: expected 'uint8_t *' {aka 'unsigned char *'} but argument is of type 'float *'
   20 | void tft_form(uint8_t screen,uint8_t id,uint8_t *text,uint16_t len,uint8_t channel);//å‘é?å›¾æ ‡å†…å®?   æ›²çº¿è¡?
      |                                         ~~~~~~~~~^~~~
../Core/Src/workman.c:35:10: warning: variable 'dataOutput' set but not used [-Wunused-but-set-variable]
   35 |  uint8_t dataOutput[2048];
      |          ^~~~~~~~~~
arm-none-eabi-gcc -o "diansai_20_E.elf" @"objects.list"   -mcpu=cortex-m4 -T"G:\CubeProject\diansai_20_E\STM32F407ZGTX_FLASH.ld" --specs=nosys.specs -Wl,-Map="diansai_20_E.map" -Wl,--gc-sections -static --specs=nano.specs -mfpu=fpv4-sp-d16 -mfloat-abi=hard -mthumb -u _printf_float -Wl,--start-group -lc -lm -Wl,--end-group
Finished building target: diansai_20_E.elf
 
arm-none-eabi-objdump -h -S  diansai_20_E.elf  > "diansai_20_E.list"
arm-none-eabi-objcopy  -O binary  diansai_20_E.elf  "diansai_20_E.bin"
arm-none-eabi-size   diansai_20_E.elf 
   text	   data	    bss	    dec	    hex	filename
 120228	    488	  18352	 139068	  21f3c	diansai_20_E.elf
Finished building: default.size.stdout
 
Finished building: diansai_20_E.bin
Finished building: diansai_20_E.list
 
 
00:12:48 **** Incremental Build of configuration Debug for project diansai_20_E ****
make -j12 all 
arm-none-eabi-gcc "../Core/Src/workman.c" -mcpu=cortex-m4 -std=gnu11 -g3 -DDEBUG -D_TARGET_FPU_VFP -DARM_MATH_CM4 '-D__FPU_PRESENT = 1U' -DUSE_HAL_DRIVER -DSTM32F407xx -c -I../Core/Inc -I../Core/DSP/Inc -I../Drivers/STM32F4xx_HAL_Driver/Inc -I../Drivers/STM32F4xx_HAL_Driver/Inc/Legacy -I../Drivers/CMSIS/Device/ST/STM32F4xx/Include -I../Drivers/CMSIS/Include -O0 -ffunction-sections -fdata-sections -Wall -fstack-usage -MMD -MP -MF"Core/Src/workman.d" -MT"Core/Src/workman.o" --specs=nano.specs -mfpu=fpv4-sp-d16 -mfloat-abi=hard -mthumb -o "Core/Src/workman.o"
../Core/Src/workman.c: In function 'DosomethingTim1':
../Core/Src/workman.c:70:20: error: expected ';' before '}' token
   70 |   dataCh1[i] /= 110
      |                    ^
      |                    ;
   71 |  }
      |  ~                  
../Core/Src/workman.c:72:17: warning: passing argument 3 of 'tft_form' from incompatible pointer type [-Wincompatible-pointer-types]
   72 |  tft_form(0, 1, dataCh1,600, 1);
      |                 ^~~~~~~
      |                 |
      |                 float *
In file included from ../Core/Inc/main.h:36,
                 from ../Core/Inc/workman.h:3,
                 from ../Core/Src/workman.c:1:
../Core/Inc/tft.h:20:50: note: expected 'uint8_t *' {aka 'unsigned char *'} but argument is of type 'float *'
   20 | void tft_form(uint8_t screen,uint8_t id,uint8_t *text,uint16_t len,uint8_t channel);//å‘é?å›¾æ ‡å†…å®?   æ›²çº¿è¡?
      |                                         ~~~~~~~~~^~~~
../Core/Src/workman.c:35:10: warning: variable 'dataOutput' set but not used [-Wunused-but-set-variable]
   35 |  uint8_t dataOutput[2048];
      |          ^~~~~~~~~~
make: *** [Core/Src/subdir.mk:64: Core/Src/workman.o] Error 1
"make -j12 all" terminated with exit code 2. Build might be incomplete.
00:13:01 **** Incremental Build of configuration Debug for project diansai_20_E ****
make -j12 all 
arm-none-eabi-gcc "../Core/Src/workman.c" -mcpu=cortex-m4 -std=gnu11 -g3 -DDEBUG -D_TARGET_FPU_VFP -DARM_MATH_CM4 '-D__FPU_PRESENT = 1U' -DUSE_HAL_DRIVER -DSTM32F407xx -c -I../Core/Inc -I../Core/DSP/Inc -I../Drivers/STM32F4xx_HAL_Driver/Inc -I../Drivers/STM32F4xx_HAL_Driver/Inc/Legacy -I../Drivers/CMSIS/Device/ST/STM32F4xx/Include -I../Drivers/CMSIS/Include -O0 -ffunction-sections -fdata-sections -Wall -fstack-usage -MMD -MP -MF"Core/Src/workman.d" -MT"Core/Src/workman.o" --specs=nano.specs -mfpu=fpv4-sp-d16 -mfloat-abi=hard -mthumb -o "Core/Src/workman.o"
../Core/Src/workman.c: In function 'DosomethingTim1':
../Core/Src/workman.c:72:17: warning: passing argument 3 of 'tft_form' from incompatible pointer type [-Wincompatible-pointer-types]
   72 |  tft_form(0, 1, dataCh1,600, 1);
      |                 ^~~~~~~
      |                 |
      |                 float *
In file included from ../Core/Inc/main.h:36,
                 from ../Core/Inc/workman.h:3,
                 from ../Core/Src/workman.c:1:
../Core/Inc/tft.h:20:50: note: expected 'uint8_t *' {aka 'unsigned char *'} but argument is of type 'float *'
   20 | void tft_form(uint8_t screen,uint8_t id,uint8_t *text,uint16_t len,uint8_t channel);//å‘é?å›¾æ ‡å†…å®?   æ›²çº¿è¡?
      |                                         ~~~~~~~~~^~~~
../Core/Src/workman.c:35:10: warning: variable 'dataOutput' set but not used [-Wunused-but-set-variable]
   35 |  uint8_t dataOutput[2048];
      |          ^~~~~~~~~~
arm-none-eabi-gcc -o "diansai_20_E.elf" @"objects.list"   -mcpu=cortex-m4 -T"G:\CubeProject\diansai_20_E\STM32F407ZGTX_FLASH.ld" --specs=nosys.specs -Wl,-Map="diansai_20_E.map" -Wl,--gc-sections -static --specs=nano.specs -mfpu=fpv4-sp-d16 -mfloat-abi=hard -mthumb -u _printf_float -Wl,--start-group -lc -lm -Wl,--end-group
Finished building target: diansai_20_E.elf
 
arm-none-eabi-objdump -h -S  diansai_20_E.elf  > "diansai_20_E.list"
arm-none-eabi-objcopy  -O binary  diansai_20_E.elf  "diansai_20_E.bin"
arm-none-eabi-size   diansai_20_E.elf 
   text	   data	    bss	    dec	    hex	filename
 120300	    488	  18352	 139140	  21f84	diansai_20_E.elf
Finished building: default.size.stdout
 
Finished building: diansai_20_E.bin
 
Finished building: diansai_20_E.list
 
00:13:29 **** Incremental Build of configuration Debug for project diansai_20_E ****
make -j12 all 
arm-none-eabi-gcc "../Core/Src/workman.c" -mcpu=cortex-m4 -std=gnu11 -g3 -DDEBUG -D_TARGET_FPU_VFP -DARM_MATH_CM4 '-D__FPU_PRESENT = 1U' -DUSE_HAL_DRIVER -DSTM32F407xx -c -I../Core/Inc -I../Core/DSP/Inc -I../Drivers/STM32F4xx_HAL_Driver/Inc -I../Drivers/STM32F4xx_HAL_Driver/Inc/Legacy -I../Drivers/CMSIS/Device/ST/STM32F4xx/Include -I../Drivers/CMSIS/Include -O0 -ffunction-sections -fdata-sections -Wall -fstack-usage -MMD -MP -MF"Core/Src/workman.d" -MT"Core/Src/workman.o" --specs=nano.specs -mfpu=fpv4-sp-d16 -mfloat-abi=hard -mthumb -o "Core/Src/workman.o"
../Core/Src/workman.c: In function 'DosomethingTim1':
../Core/Src/workman.c:72:17: warning: passing argument 3 of 'tft_form' from incompatible pointer type [-Wincompatible-pointer-types]
   72 |  tft_form(0, 1, dataCh1,600, 1);
      |                 ^~~~~~~
      |                 |
      |                 float *
In file included from ../Core/Inc/main.h:36,
                 from ../Core/Inc/workman.h:3,
                 from ../Core/Src/workman.c:1:
../Core/Inc/tft.h:20:50: note: expected 'uint8_t *' {aka 'unsigned char *'} but argument is of type 'float *'
   20 | void tft_form(uint8_t screen,uint8_t id,uint8_t *text,uint16_t len,uint8_t channel);//å‘é?å›¾æ ‡å†…å®?   æ›²çº¿è¡?
      |                                         ~~~~~~~~~^~~~
../Core/Src/workman.c:35:10: warning: variable 'dataOutput' set but not used [-Wunused-but-set-variable]
   35 |  uint8_t dataOutput[2048];
      |          ^~~~~~~~~~
arm-none-eabi-gcc -o "diansai_20_E.elf" @"objects.list"   -mcpu=cortex-m4 -T"G:\CubeProject\diansai_20_E\STM32F407ZGTX_FLASH.ld" --specs=nosys.specs -Wl,-Map="diansai_20_E.map" -Wl,--gc-sections -static --specs=nano.specs -mfpu=fpv4-sp-d16 -mfloat-abi=hard -mthumb -u _printf_float -Wl,--start-group -lc -lm -Wl,--end-group
Finished building target: diansai_20_E.elf
 
arm-none-eabi-objdump -h -S  diansai_20_E.elf  > "diansai_20_E.list"
arm-none-eabi-objcopy  -O binary  diansai_20_E.elf  "diansai_20_E.bin"
arm-none-eabi-size   diansai_20_E.elf 
   text	   data	    bss	    dec	    hex	filename
 120300	    488	  18352	 139140	  21f84	diansai_20_E.elf
Finished building: default.size.stdout
 
Finished building: diansai_20_E.bin
Finished building: diansai_20_E.list
 
 
00:14:11 **** Incremental Build of configuration Debug for project diansai_20_E ****
make -j12 all 
arm-none-eabi-gcc "../Core/Src/workman.c" -mcpu=cortex-m4 -std=gnu11 -g3 -DDEBUG -D_TARGET_FPU_VFP -DARM_MATH_CM4 '-D__FPU_PRESENT = 1U' -DUSE_HAL_DRIVER -DSTM32F407xx -c -I../Core/Inc -I../Core/DSP/Inc -I../Drivers/STM32F4xx_HAL_Driver/Inc -I../Drivers/STM32F4xx_HAL_Driver/Inc/Legacy -I../Drivers/CMSIS/Device/ST/STM32F4xx/Include -I../Drivers/CMSIS/Include -O0 -ffunction-sections -fdata-sections -Wall -fstack-usage -MMD -MP -MF"Core/Src/workman.d" -MT"Core/Src/workman.o" --specs=nano.specs -mfpu=fpv4-sp-d16 -mfloat-abi=hard -mthumb -o "Core/Src/workman.o"
../Core/Src/workman.c: In function 'DosomethingTim1':
../Core/Src/workman.c:72:17: warning: passing argument 3 of 'tft_form' from incompatible pointer type [-Wincompatible-pointer-types]
   72 |  tft_form(0, 1, dataCh1,600, 1);
      |                 ^~~~~~~
      |                 |
      |                 float *
In file included from ../Core/Inc/main.h:36,
                 from ../Core/Inc/workman.h:3,
                 from ../Core/Src/workman.c:1:
../Core/Inc/tft.h:20:50: note: expected 'uint8_t *' {aka 'unsigned char *'} but argument is of type 'float *'
   20 | void tft_form(uint8_t screen,uint8_t id,uint8_t *text,uint16_t len,uint8_t channel);//å‘é?å›¾æ ‡å†…å®?   æ›²çº¿è¡?
      |                                         ~~~~~~~~~^~~~
../Core/Src/workman.c:35:10: warning: variable 'dataOutput' set but not used [-Wunused-but-set-variable]
   35 |  uint8_t dataOutput[2048];
      |          ^~~~~~~~~~
arm-none-eabi-gcc -o "diansai_20_E.elf" @"objects.list"   -mcpu=cortex-m4 -T"G:\CubeProject\diansai_20_E\STM32F407ZGTX_FLASH.ld" --specs=nosys.specs -Wl,-Map="diansai_20_E.map" -Wl,--gc-sections -static --specs=nano.specs -mfpu=fpv4-sp-d16 -mfloat-abi=hard -mthumb -u _printf_float -Wl,--start-group -lc -lm -Wl,--end-group
Finished building target: diansai_20_E.elf
 
arm-none-eabi-objdump -h -S  diansai_20_E.elf  > "diansai_20_E.list"
arm-none-eabi-objcopy  -O binary  diansai_20_E.elf  "diansai_20_E.bin"
arm-none-eabi-size   diansai_20_E.elf 
   text	   data	    bss	    dec	    hex	filename
 120300	    488	  18352	 139140	  21f84	diansai_20_E.elf
Finished building: default.size.stdout
 
Finished building: diansai_20_E.bin
 
Finished building: diansai_20_E.list
 
00:14:35 **** Incremental Build of configuration Debug for project diansai_20_E ****
make -j12 all 
arm-none-eabi-gcc "../Core/Src/workman.c" -mcpu=cortex-m4 -std=gnu11 -g3 -DDEBUG -D_TARGET_FPU_VFP -DARM_MATH_CM4 '-D__FPU_PRESENT = 1U' -DUSE_HAL_DRIVER -DSTM32F407xx -c -I../Core/Inc -I../Core/DSP/Inc -I../Drivers/STM32F4xx_HAL_Driver/Inc -I../Drivers/STM32F4xx_HAL_Driver/Inc/Legacy -I../Drivers/CMSIS/Device/ST/STM32F4xx/Include -I../Drivers/CMSIS/Include -O0 -ffunction-sections -fdata-sections -Wall -fstack-usage -MMD -MP -MF"Core/Src/workman.d" -MT"Core/Src/workman.o" --specs=nano.specs -mfpu=fpv4-sp-d16 -mfloat-abi=hard -mthumb -o "Core/Src/workman.o"
../Core/Src/workman.c: In function 'DosomethingTim1':
../Core/Src/workman.c:72:17: warning: passing argument 3 of 'tft_form' from incompatible pointer type [-Wincompatible-pointer-types]
   72 |  tft_form(0, 1, dataCh1,600, 1);
      |                 ^~~~~~~
      |                 |
      |                 float *
In file included from ../Core/Inc/main.h:36,
                 from ../Core/Inc/workman.h:3,
                 from ../Core/Src/workman.c:1:
../Core/Inc/tft.h:20:50: note: expected 'uint8_t *' {aka 'unsigned char *'} but argument is of type 'float *'
   20 | void tft_form(uint8_t screen,uint8_t id,uint8_t *text,uint16_t len,uint8_t channel);//å‘é?å›¾æ ‡å†…å®?   æ›²çº¿è¡?
      |                                         ~~~~~~~~~^~~~
../Core/Src/workman.c:35:10: warning: variable 'dataOutput' set but not used [-Wunused-but-set-variable]
   35 |  uint8_t dataOutput[2048];
      |          ^~~~~~~~~~
arm-none-eabi-gcc -o "diansai_20_E.elf" @"objects.list"   -mcpu=cortex-m4 -T"G:\CubeProject\diansai_20_E\STM32F407ZGTX_FLASH.ld" --specs=nosys.specs -Wl,-Map="diansai_20_E.map" -Wl,--gc-sections -static --specs=nano.specs -mfpu=fpv4-sp-d16 -mfloat-abi=hard -mthumb -u _printf_float -Wl,--start-group -lc -lm -Wl,--end-group
Finished building target: diansai_20_E.elf
 
arm-none-eabi-objdump -h -S  diansai_20_E.elf  > "diansai_20_E.list"
arm-none-eabi-objcopy  -O binary  diansai_20_E.elf  "diansai_20_E.bin"
arm-none-eabi-size   diansai_20_E.elf 
   text	   data	    bss	    dec	    hex	filename
 120300	    488	  18352	 139140	  21f84	diansai_20_E.elf
Finished building: default.size.stdout
Finished building: diansai_20_E.bin
 
 
Finished building: diansai_20_E.list
 
00:14:54 **** Incremental Build of configuration Debug for project diansai_20_E ****
make -j12 all 
arm-none-eabi-size   diansai_20_E.elf 
   text	   data	    bss	    dec	    hex	filename
 120300	    488	  18352	 139140	  21f84	diansai_20_E.elf
Finished building: default.size.stdout
 
00:17:58 **** Incremental Build of configuration Debug for project diansai_20_E ****
make -j12 all 
arm-none-eabi-gcc "../Core/Src/workman.c" -mcpu=cortex-m4 -std=gnu11 -g3 -DDEBUG -D_TARGET_FPU_VFP -DARM_MATH_CM4 '-D__FPU_PRESENT = 1U' -DUSE_HAL_DRIVER -DSTM32F407xx -c -I../Core/Inc -I../Core/DSP/Inc -I../Drivers/STM32F4xx_HAL_Driver/Inc -I../Drivers/STM32F4xx_HAL_Driver/Inc/Legacy -I../Drivers/CMSIS/Device/ST/STM32F4xx/Include -I../Drivers/CMSIS/Include -O0 -ffunction-sections -fdata-sections -Wall -fstack-usage -MMD -MP -MF"Core/Src/workman.d" -MT"Core/Src/workman.o" --specs=nano.specs -mfpu=fpv4-sp-d16 -mfloat-abi=hard -mthumb -o "Core/Src/workman.o"
arm-none-eabi-gcc -o "diansai_20_E.elf" @"objects.list"   -mcpu=cortex-m4 -T"G:\CubeProject\diansai_20_E\STM32F407ZGTX_FLASH.ld" --specs=nosys.specs -Wl,-Map="diansai_20_E.map" -Wl,--gc-sections -static --specs=nano.specs -mfpu=fpv4-sp-d16 -mfloat-abi=hard -mthumb -u _printf_float -Wl,--start-group -lc -lm -Wl,--end-group
Finished building target: diansai_20_E.elf
 
arm-none-eabi-objdump -h -S  diansai_20_E.elf  > "diansai_20_E.list"
arm-none-eabi-objcopy  -O binary  diansai_20_E.elf  "diansai_20_E.bin"
arm-none-eabi-size   diansai_20_E.elf 
   text	   data	    bss	    dec	    hex	filename
 120308	    488	  18352	 139148	  21f8c	diansai_20_E.elf
Finished building: default.size.stdout
Finished building: diansai_20_E.bin
 
 
Finished building: diansai_20_E.list
 
00:19:34 **** Incremental Build of configuration Debug for project diansai_20_E ****
make -j12 all 
arm-none-eabi-gcc "../Core/Src/workman.c" -mcpu=cortex-m4 -std=gnu11 -g3 -DDEBUG -D_TARGET_FPU_VFP -DARM_MATH_CM4 '-D__FPU_PRESENT = 1U' -DUSE_HAL_DRIVER -DSTM32F407xx -c -I../Core/Inc -I../Core/DSP/Inc -I../Drivers/STM32F4xx_HAL_Driver/Inc -I../Drivers/STM32F4xx_HAL_Driver/Inc/Legacy -I../Drivers/CMSIS/Device/ST/STM32F4xx/Include -I../Drivers/CMSIS/Include -O0 -ffunction-sections -fdata-sections -Wall -fstack-usage -MMD -MP -MF"Core/Src/workman.d" -MT"Core/Src/workman.o" --specs=nano.specs -mfpu=fpv4-sp-d16 -mfloat-abi=hard -mthumb -o "Core/Src/workman.o"
arm-none-eabi-gcc -o "diansai_20_E.elf" @"objects.list"   -mcpu=cortex-m4 -T"G:\CubeProject\diansai_20_E\STM32F407ZGTX_FLASH.ld" --specs=nosys.specs -Wl,-Map="diansai_20_E.map" -Wl,--gc-sections -static --specs=nano.specs -mfpu=fpv4-sp-d16 -mfloat-abi=hard -mthumb -u _printf_float -Wl,--start-group -lc -lm -Wl,--end-group
Finished building target: diansai_20_E.elf
 
arm-none-eabi-objdump -h -S  diansai_20_E.elf  > "diansai_20_E.list"
arm-none-eabi-objcopy  -O binary  diansai_20_E.elf  "diansai_20_E.bin"
arm-none-eabi-size   diansai_20_E.elf 
   text	   data	    bss	    dec	    hex	filename
 120332	    488	  18352	 139172	  21fa4	diansai_20_E.elf
Finished building: default.size.stdout
 
Finished building: diansai_20_E.bin
Finished building: diansai_20_E.list
 
 
11:17:47 **** Incremental Build of configuration Debug for project diansai_20_E ****
make -j12 all 
arm-none-eabi-gcc "../Core/Src/workman.c" -mcpu=cortex-m4 -std=gnu11 -g3 -DDEBUG -D_TARGET_FPU_VFP -DARM_MATH_CM4 '-D__FPU_PRESENT = 1U' -DUSE_HAL_DRIVER -DSTM32F407xx -c -I../Core/Inc -I../Core/DSP/Inc -I../Drivers/STM32F4xx_HAL_Driver/Inc -I../Drivers/STM32F4xx_HAL_Driver/Inc/Legacy -I../Drivers/CMSIS/Device/ST/STM32F4xx/Include -I../Drivers/CMSIS/Include -O0 -ffunction-sections -fdata-sections -Wall -fstack-usage -MMD -MP -MF"Core/Src/workman.d" -MT"Core/Src/workman.o" --specs=nano.specs -mfpu=fpv4-sp-d16 -mfloat-abi=hard -mthumb -o "Core/Src/workman.o"
../Core/Src/workman.c: In function 'DosomethingTim1':
../Core/Src/workman.c:81:31: error: incompatible type for argument 3 of 'arm_power_f32'
   81 |  arm_power_f32(&THD_data[1],5,THD);
      |                               ^~~
      |                               |
      |                               float
In file included from ../Core/Inc/main.h:38,
                 from ../Core/Inc/workman.h:3,
                 from ../Core/Src/workman.c:1:
../Core/DSP/Inc/arm_math.h:6104:15: note: expected 'float32_t *' {aka 'float *'} but argument is of type 'float'
 6104 |   float32_t * pResult);
      |   ~~~~~~~~~~~~^~~~~~~
../Core/Src/workman.c:85:25: error: expected ';' before 'HAL_TIM_Base_Start_IT'
   85 |  tft_text_float(3,3,THD)
      |                         ^
      |                         ;
......
   97 |  HAL_TIM_Base_Start_IT(&htim1);
      |  ~~~~~~~~~~~~~~~~~~~~~   
make: *** [Core/Src/subdir.mk:64: Core/Src/workman.o] Error 1
"make -j12 all" terminated with exit code 2. Build might be incomplete.
11:18:09 **** Incremental Build of configuration Debug for project diansai_20_E ****
make -j12 all 
arm-none-eabi-gcc "../Core/Src/workman.c" -mcpu=cortex-m4 -std=gnu11 -g3 -DDEBUG -D_TARGET_FPU_VFP -DARM_MATH_CM4 '-D__FPU_PRESENT = 1U' -DUSE_HAL_DRIVER -DSTM32F407xx -c -I../Core/Inc -I../Core/DSP/Inc -I../Drivers/STM32F4xx_HAL_Driver/Inc -I../Drivers/STM32F4xx_HAL_Driver/Inc/Legacy -I../Drivers/CMSIS/Device/ST/STM32F4xx/Include -I../Drivers/CMSIS/Include -O0 -ffunction-sections -fdata-sections -Wall -fstack-usage -MMD -MP -MF"Core/Src/workman.d" -MT"Core/Src/workman.o" --specs=nano.specs -mfpu=fpv4-sp-d16 -mfloat-abi=hard -mthumb -o "Core/Src/workman.o"
../Core/Src/workman.c: In function 'DosomethingTim1':
../Core/Src/workman.c:81:31: error: incompatible type for argument 3 of 'arm_power_f32'
   81 |  arm_power_f32(&THD_data[1],5,THD);
      |                               ^~~
      |                               |
      |                               float
In file included from ../Core/Inc/main.h:38,
                 from ../Core/Inc/workman.h:3,
                 from ../Core/Src/workman.c:1:
../Core/DSP/Inc/arm_math.h:6104:15: note: expected 'float32_t *' {aka 'float *'} but argument is of type 'float'
 6104 |   float32_t * pResult);
      |   ~~~~~~~~~~~~^~~~~~~
make: *** [Core/Src/subdir.mk:64: Core/Src/workman.o] Error 1
"make -j12 all" terminated with exit code 2. Build might be incomplete.
11:18:35 **** Incremental Build of configuration Debug for project diansai_20_E ****
make -j12 all 
arm-none-eabi-gcc "../Core/Src/workman.c" -mcpu=cortex-m4 -std=gnu11 -g3 -DDEBUG -D_TARGET_FPU_VFP -DARM_MATH_CM4 '-D__FPU_PRESENT = 1U' -DUSE_HAL_DRIVER -DSTM32F407xx -c -I../Core/Inc -I../Core/DSP/Inc -I../Drivers/STM32F4xx_HAL_Driver/Inc -I../Drivers/STM32F4xx_HAL_Driver/Inc/Legacy -I../Drivers/CMSIS/Device/ST/STM32F4xx/Include -I../Drivers/CMSIS/Include -O0 -ffunction-sections -fdata-sections -Wall -fstack-usage -MMD -MP -MF"Core/Src/workman.d" -MT"Core/Src/workman.o" --specs=nano.specs -mfpu=fpv4-sp-d16 -mfloat-abi=hard -mthumb -o "Core/Src/workman.o"
arm-none-eabi-gcc -o "diansai_20_E.elf" @"objects.list"   -mcpu=cortex-m4 -T"G:\CubeProject\diansai_20_E\STM32F407ZGTX_FLASH.ld" --specs=nosys.specs -Wl,-Map="diansai_20_E.map" -Wl,--gc-sections -static --specs=nano.specs -mfpu=fpv4-sp-d16 -mfloat-abi=hard -mthumb -u _printf_float -Wl,--start-group -lc -lm -Wl,--end-group
Finished building target: diansai_20_E.elf
 
arm-none-eabi-objdump -h -S  diansai_20_E.elf  > "diansai_20_E.list"
arm-none-eabi-objcopy  -O binary  diansai_20_E.elf  "diansai_20_E.bin"
arm-none-eabi-size   diansai_20_E.elf 
   text	   data	    bss	    dec	    hex	filename
 121836	    488	  18352	 140676	  22584	diansai_20_E.elf
Finished building: default.size.stdout
Finished building: diansai_20_E.bin
 
 
Finished building: diansai_20_E.list
 
11:19:30 **** Incremental Build of configuration Debug for project diansai_20_E ****
make -j12 all 
arm-none-eabi-size   diansai_20_E.elf 
   text	   data	    bss	    dec	    hex	filename
 121836	    488	  18352	 140676	  22584	diansai_20_E.elf
Finished building: default.size.stdout
 
11:19:47 **** Incremental Build of configuration Debug for project diansai_20_E ****
make -j12 all 
arm-none-eabi-gcc "../Core/Src/workman.c" -mcpu=cortex-m4 -std=gnu11 -g3 -DDEBUG -D_TARGET_FPU_VFP -DARM_MATH_CM4 '-D__FPU_PRESENT = 1U' -DUSE_HAL_DRIVER -DSTM32F407xx -c -I../Core/Inc -I../Core/DSP/Inc -I../Drivers/STM32F4xx_HAL_Driver/Inc -I../Drivers/STM32F4xx_HAL_Driver/Inc/Legacy -I../Drivers/CMSIS/Device/ST/STM32F4xx/Include -I../Drivers/CMSIS/Include -O0 -ffunction-sections -fdata-sections -Wall -fstack-usage -MMD -MP -MF"Core/Src/workman.d" -MT"Core/Src/workman.o" --specs=nano.specs -mfpu=fpv4-sp-d16 -mfloat-abi=hard -mthumb -o "Core/Src/workman.o"
arm-none-eabi-gcc -o "diansai_20_E.elf" @"objects.list"   -mcpu=cortex-m4 -T"G:\CubeProject\diansai_20_E\STM32F407ZGTX_FLASH.ld" --specs=nosys.specs -Wl,-Map="diansai_20_E.map" -Wl,--gc-sections -static --specs=nano.specs -mfpu=fpv4-sp-d16 -mfloat-abi=hard -mthumb -u _printf_float -Wl,--start-group -lc -lm -Wl,--end-group
Finished building target: diansai_20_E.elf
 
arm-none-eabi-objdump -h -S  diansai_20_E.elf  > "diansai_20_E.list"
arm-none-eabi-objcopy  -O binary  diansai_20_E.elf  "diansai_20_E.bin"
arm-none-eabi-size   diansai_20_E.elf 
   text	   data	    bss	    dec	    hex	filename
 121836	    488	  18352	 140676	  22584	diansai_20_E.elf
Finished building: default.size.stdout
 
Finished building: diansai_20_E.bin
 
Finished building: diansai_20_E.list
 
11:35:28 **** Incremental Build of configuration Debug for project diansai_20_E ****
make -j12 all 
arm-none-eabi-gcc "../Core/Src/main.c" -mcpu=cortex-m4 -std=gnu11 -g3 -DDEBUG -D_TARGET_FPU_VFP -DARM_MATH_CM4 '-D__FPU_PRESENT = 1U' -DUSE_HAL_DRIVER -DSTM32F407xx -c -I../Core/Inc -I../Core/DSP/Inc -I../Drivers/STM32F4xx_HAL_Driver/Inc -I../Drivers/STM32F4xx_HAL_Driver/Inc/Legacy -I../Drivers/CMSIS/Device/ST/STM32F4xx/Include -I../Drivers/CMSIS/Include -O0 -ffunction-sections -fdata-sections -Wall -fstack-usage -MMD -MP -MF"Core/Src/main.d" -MT"Core/Src/main.o" --specs=nano.specs -mfpu=fpv4-sp-d16 -mfloat-abi=hard -mthumb -o "Core/Src/main.o"
arm-none-eabi-gcc "../Core/Src/outputdata.c" -mcpu=cortex-m4 -std=gnu11 -g3 -DDEBUG -D_TARGET_FPU_VFP -DARM_MATH_CM4 '-D__FPU_PRESENT = 1U' -DUSE_HAL_DRIVER -DSTM32F407xx -c -I../Core/Inc -I../Core/DSP/Inc -I../Drivers/STM32F4xx_HAL_Driver/Inc -I../Drivers/STM32F4xx_HAL_Driver/Inc/Legacy -I../Drivers/CMSIS/Device/ST/STM32F4xx/Include -I../Drivers/CMSIS/Include -O0 -ffunction-sections -fdata-sections -Wall -fstack-usage -MMD -MP -MF"Core/Src/outputdata.d" -MT"Core/Src/outputdata.o" --specs=nano.specs -mfpu=fpv4-sp-d16 -mfloat-abi=hard -mthumb -o "Core/Src/outputdata.o"
arm-none-eabi-gcc "../Core/Src/stm32f4xx_hal_msp.c" -mcpu=cortex-m4 -std=gnu11 -g3 -DDEBUG -D_TARGET_FPU_VFP -DARM_MATH_CM4 '-D__FPU_PRESENT = 1U' -DUSE_HAL_DRIVER -DSTM32F407xx -c -I../Core/Inc -I../Core/DSP/Inc -I../Drivers/STM32F4xx_HAL_Driver/Inc -I../Drivers/STM32F4xx_HAL_Driver/Inc/Legacy -I../Drivers/CMSIS/Device/ST/STM32F4xx/Include -I../Drivers/CMSIS/Include -O0 -ffunction-sections -fdata-sections -Wall -fstack-usage -MMD -MP -MF"Core/Src/stm32f4xx_hal_msp.d" -MT"Core/Src/stm32f4xx_hal_msp.o" --specs=nano.specs -mfpu=fpv4-sp-d16 -mfloat-abi=hard -mthumb -o "Core/Src/stm32f4xx_hal_msp.o"
arm-none-eabi-gcc "../Core/Src/stm32f4xx_it.c" -mcpu=cortex-m4 -std=gnu11 -g3 -DDEBUG -D_TARGET_FPU_VFP -DARM_MATH_CM4 '-D__FPU_PRESENT = 1U' -DUSE_HAL_DRIVER -DSTM32F407xx -c -I../Core/Inc -I../Core/DSP/Inc -I../Drivers/STM32F4xx_HAL_Driver/Inc -I../Drivers/STM32F4xx_HAL_Driver/Inc/Legacy -I../Drivers/CMSIS/Device/ST/STM32F4xx/Include -I../Drivers/CMSIS/Include -O0 -ffunction-sections -fdata-sections -Wall -fstack-usage -MMD -MP -MF"Core/Src/stm32f4xx_it.d" -MT"Core/Src/stm32f4xx_it.o" --specs=nano.specs -mfpu=fpv4-sp-d16 -mfloat-abi=hard -mthumb -o "Core/Src/stm32f4xx_it.o"
arm-none-eabi-gcc "../Core/Src/tft.c" -mcpu=cortex-m4 -std=gnu11 -g3 -DDEBUG -D_TARGET_FPU_VFP -DARM_MATH_CM4 '-D__FPU_PRESENT = 1U' -DUSE_HAL_DRIVER -DSTM32F407xx -c -I../Core/Inc -I../Core/DSP/Inc -I../Drivers/STM32F4xx_HAL_Driver/Inc -I../Drivers/STM32F4xx_HAL_Driver/Inc/Legacy -I../Drivers/CMSIS/Device/ST/STM32F4xx/Include -I../Drivers/CMSIS/Include -O0 -ffunction-sections -fdata-sections -Wall -fstack-usage -MMD -MP -MF"Core/Src/tft.d" -MT"Core/Src/tft.o" --specs=nano.specs -mfpu=fpv4-sp-d16 -mfloat-abi=hard -mthumb -o "Core/Src/tft.o"
arm-none-eabi-gcc "../Core/Src/workman.c" -mcpu=cortex-m4 -std=gnu11 -g3 -DDEBUG -D_TARGET_FPU_VFP -DARM_MATH_CM4 '-D__FPU_PRESENT = 1U' -DUSE_HAL_DRIVER -DSTM32F407xx -c -I../Core/Inc -I../Core/DSP/Inc -I../Drivers/STM32F4xx_HAL_Driver/Inc -I../Drivers/STM32F4xx_HAL_Driver/Inc/Legacy -I../Drivers/CMSIS/Device/ST/STM32F4xx/Include -I../Drivers/CMSIS/Include -O0 -ffunction-sections -fdata-sections -Wall -fstack-usage -MMD -MP -MF"Core/Src/workman.d" -MT"Core/Src/workman.o" --specs=nano.specs -mfpu=fpv4-sp-d16 -mfloat-abi=hard -mthumb -o "Core/Src/workman.o"
../Core/Src/tft.c: In function 'tft_text_int':
../Core/Src/tft.c:37:10: warning: pointer targets in passing argument 1 of 'sprintf' differ in signedness [-Wpointer-sign]
   37 |  sprintf(body,"%d",num);
      |          ^~~~
      |          |
      |          uint8_t * {aka unsigned char *}
In file included from ../Core/Inc/tft.h:4,
                 from ../Core/Src/tft.c:1:
g:\cubeide\stm32cubeide_1.6.1\stm32cubeide\plugins\com.st.stm32cube.ide.mcu.externaltools.gnu-tools-for-stm32.9-2020-q2-update.win32_1.5.0.202011040924\tools\arm-none-eabi\include\stdio.h:244:14: note: expected 'char * restrict' but argument is of type 'uint8_t *' {aka 'unsigned char *'}
  244 | int sprintf (char *__restrict, const char *__restrict, ...)
      |              ^
../Core/Src/tft.c: In function 'tft_text_float':
../Core/Src/tft.c:55:10: warning: pointer targets in passing argument 1 of 'sprintf' differ in signedness [-Wpointer-sign]
   55 |  sprintf(body,"%.3f",num);
      |          ^~~~
      |          |
      |          uint8_t * {aka unsigned char *}
In file included from ../Core/Inc/tft.h:4,
                 from ../Core/Src/tft.c:1:
g:\cubeide\stm32cubeide_1.6.1\stm32cubeide\plugins\com.st.stm32cube.ide.mcu.externaltools.gnu-tools-for-stm32.9-2020-q2-update.win32_1.5.0.202011040924\tools\arm-none-eabi\include\stdio.h:244:14: note: expected 'char * restrict' but argument is of type 'uint8_t *' {aka 'unsigned char *'}
  244 | int sprintf (char *__restrict, const char *__restrict, ...)
      |              ^
arm-none-eabi-gcc -o "diansai_20_E.elf" @"objects.list"   -mcpu=cortex-m4 -T"G:\CubeProject\diansai_20_E\STM32F407ZGTX_FLASH.ld" --specs=nosys.specs -Wl,-Map="diansai_20_E.map" -Wl,--gc-sections -static --specs=nano.specs -mfpu=fpv4-sp-d16 -mfloat-abi=hard -mthumb -u _printf_float -Wl,--start-group -lc -lm -Wl,--end-group
Finished building target: diansai_20_E.elf
 
arm-none-eabi-objdump -h -S  diansai_20_E.elf  > "diansai_20_E.list"
arm-none-eabi-objcopy  -O binary  diansai_20_E.elf  "diansai_20_E.bin"
arm-none-eabi-size   diansai_20_E.elf 
   text	   data	    bss	    dec	    hex	filename
 121868	    488	  18360	 140716	  225ac	diansai_20_E.elf
Finished building: default.size.stdout
Finished building: diansai_20_E.bin
 
 
Finished building: diansai_20_E.list
 
12:36:45 **** Incremental Build of configuration Debug for project diansai_20_E ****
make -j12 all 
arm-none-eabi-gcc "../Core/Src/main.c" -mcpu=cortex-m4 -std=gnu11 -g3 -DDEBUG -D_TARGET_FPU_VFP -DARM_MATH_CM4 '-D__FPU_PRESENT = 1U' -DUSE_HAL_DRIVER -DSTM32F407xx -c -I../Core/Inc -I../Core/DSP/Inc -I../Drivers/STM32F4xx_HAL_Driver/Inc -I../Drivers/STM32F4xx_HAL_Driver/Inc/Legacy -I../Drivers/CMSIS/Device/ST/STM32F4xx/Include -I../Drivers/CMSIS/Include -O0 -ffunction-sections -fdata-sections -Wall -fstack-usage -MMD -MP -MF"Core/Src/main.d" -MT"Core/Src/main.o" --specs=nano.specs -mfpu=fpv4-sp-d16 -mfloat-abi=hard -mthumb -o "Core/Src/main.o"
arm-none-eabi-gcc "../Core/Src/workman.c" -mcpu=cortex-m4 -std=gnu11 -g3 -DDEBUG -D_TARGET_FPU_VFP -DARM_MATH_CM4 '-D__FPU_PRESENT = 1U' -DUSE_HAL_DRIVER -DSTM32F407xx -c -I../Core/Inc -I../Core/DSP/Inc -I../Drivers/STM32F4xx_HAL_Driver/Inc -I../Drivers/STM32F4xx_HAL_Driver/Inc/Legacy -I../Drivers/CMSIS/Device/ST/STM32F4xx/Include -I../Drivers/CMSIS/Include -O0 -ffunction-sections -fdata-sections -Wall -fstack-usage -MMD -MP -MF"Core/Src/workman.d" -MT"Core/Src/workman.o" --specs=nano.specs -mfpu=fpv4-sp-d16 -mfloat-abi=hard -mthumb -o "Core/Src/workman.o"
arm-none-eabi-gcc -o "diansai_20_E.elf" @"objects.list"   -mcpu=cortex-m4 -T"G:\CubeProject\diansai_20_E\STM32F407ZGTX_FLASH.ld" --specs=nosys.specs -Wl,-Map="diansai_20_E.map" -Wl,--gc-sections -static --specs=nano.specs -mfpu=fpv4-sp-d16 -mfloat-abi=hard -mthumb -u _printf_float -Wl,--start-group -lc -lm -Wl,--end-group
Finished building target: diansai_20_E.elf
 
arm-none-eabi-objdump -h -S  diansai_20_E.elf  > "diansai_20_E.list"
arm-none-eabi-objcopy  -O binary  diansai_20_E.elf  "diansai_20_E.bin"
arm-none-eabi-size   diansai_20_E.elf 
   text	   data	    bss	    dec	    hex	filename
 121972	    488	  18360	 140820	  22614	diansai_20_E.elf
Finished building: default.size.stdout
 
Finished building: diansai_20_E.bin
 
Finished building: diansai_20_E.list
 
12:54:47 **** Incremental Build of configuration Debug for project diansai_20_E ****
make -j12 all 
arm-none-eabi-gcc "../Core/Src/workman.c" -mcpu=cortex-m4 -std=gnu11 -g3 -DDEBUG -D_TARGET_FPU_VFP -DARM_MATH_CM4 '-D__FPU_PRESENT = 1U' -DUSE_HAL_DRIVER -DSTM32F407xx -c -I../Core/Inc -I../Core/DSP/Inc -I../Drivers/STM32F4xx_HAL_Driver/Inc -I../Drivers/STM32F4xx_HAL_Driver/Inc/Legacy -I../Drivers/CMSIS/Device/ST/STM32F4xx/Include -I../Drivers/CMSIS/Include -O0 -ffunction-sections -fdata-sections -Wall -fstack-usage -MMD -MP -MF"Core/Src/workman.d" -MT"Core/Src/workman.o" --specs=nano.specs -mfpu=fpv4-sp-d16 -mfloat-abi=hard -mthumb -o "Core/Src/workman.o"
arm-none-eabi-gcc -o "diansai_20_E.elf" @"objects.list"   -mcpu=cortex-m4 -T"G:\CubeProject\diansai_20_E\STM32F407ZGTX_FLASH.ld" --specs=nosys.specs -Wl,-Map="diansai_20_E.map" -Wl,--gc-sections -static --specs=nano.specs -mfpu=fpv4-sp-d16 -mfloat-abi=hard -mthumb -u _printf_float -Wl,--start-group -lc -lm -Wl,--end-group
Finished building target: diansai_20_E.elf
 
arm-none-eabi-objdump -h -S  diansai_20_E.elf  > "diansai_20_E.list"
arm-none-eabi-objcopy  -O binary  diansai_20_E.elf  "diansai_20_E.bin"
arm-none-eabi-size   diansai_20_E.elf 
   text	   data	    bss	    dec	    hex	filename
 123020	    488	  18360	 141868	  22a2c	diansai_20_E.elf
Finished building: default.size.stdout
Finished building: diansai_20_E.bin
 
 
Finished building: diansai_20_E.list
 
12:56:09 **** Incremental Build of configuration Debug for project diansai_20_E ****
make -j12 all 
arm-none-eabi-gcc "../Core/Src/workman.c" -mcpu=cortex-m4 -std=gnu11 -g3 -DDEBUG -D_TARGET_FPU_VFP -DARM_MATH_CM4 '-D__FPU_PRESENT = 1U' -DUSE_HAL_DRIVER -DSTM32F407xx -c -I../Core/Inc -I../Core/DSP/Inc -I../Drivers/STM32F4xx_HAL_Driver/Inc -I../Drivers/STM32F4xx_HAL_Driver/Inc/Legacy -I../Drivers/CMSIS/Device/ST/STM32F4xx/Include -I../Drivers/CMSIS/Include -O0 -ffunction-sections -fdata-sections -Wall -fstack-usage -MMD -MP -MF"Core/Src/workman.d" -MT"Core/Src/workman.o" --specs=nano.specs -mfpu=fpv4-sp-d16 -mfloat-abi=hard -mthumb -o "Core/Src/workman.o"
arm-none-eabi-gcc -o "diansai_20_E.elf" @"objects.list"   -mcpu=cortex-m4 -T"G:\CubeProject\diansai_20_E\STM32F407ZGTX_FLASH.ld" --specs=nosys.specs -Wl,-Map="diansai_20_E.map" -Wl,--gc-sections -static --specs=nano.specs -mfpu=fpv4-sp-d16 -mfloat-abi=hard -mthumb -u _printf_float -Wl,--start-group -lc -lm -Wl,--end-group
Finished building target: diansai_20_E.elf
 
arm-none-eabi-objdump -h -S  diansai_20_E.elf  > "diansai_20_E.list"
arm-none-eabi-objcopy  -O binary  diansai_20_E.elf  "diansai_20_E.bin"
arm-none-eabi-size   diansai_20_E.elf 
   text	   data	    bss	    dec	    hex	filename
 123020	    488	  18360	 141868	  22a2c	diansai_20_E.elf
Finished building: default.size.stdout
Finished building: diansai_20_E.bin
 
 
Finished building: diansai_20_E.list
 
12:58:43 **** Incremental Build of configuration Debug for project diansai_20_E ****
make -j12 all 
arm-none-eabi-gcc "../Core/Src/workman.c" -mcpu=cortex-m4 -std=gnu11 -g3 -DDEBUG -D_TARGET_FPU_VFP -DARM_MATH_CM4 '-D__FPU_PRESENT = 1U' -DUSE_HAL_DRIVER -DSTM32F407xx -c -I../Core/Inc -I../Core/DSP/Inc -I../Drivers/STM32F4xx_HAL_Driver/Inc -I../Drivers/STM32F4xx_HAL_Driver/Inc/Legacy -I../Drivers/CMSIS/Device/ST/STM32F4xx/Include -I../Drivers/CMSIS/Include -O0 -ffunction-sections -fdata-sections -Wall -fstack-usage -MMD -MP -MF"Core/Src/workman.d" -MT"Core/Src/workman.o" --specs=nano.specs -mfpu=fpv4-sp-d16 -mfloat-abi=hard -mthumb -o "Core/Src/workman.o"
arm-none-eabi-gcc -o "diansai_20_E.elf" @"objects.list"   -mcpu=cortex-m4 -T"G:\CubeProject\diansai_20_E\STM32F407ZGTX_FLASH.ld" --specs=nosys.specs -Wl,-Map="diansai_20_E.map" -Wl,--gc-sections -static --specs=nano.specs -mfpu=fpv4-sp-d16 -mfloat-abi=hard -mthumb -u _printf_float -Wl,--start-group -lc -lm -Wl,--end-group
Finished building target: diansai_20_E.elf
 
arm-none-eabi-objdump -h -S  diansai_20_E.elf  > "diansai_20_E.list"
arm-none-eabi-objcopy  -O binary  diansai_20_E.elf  "diansai_20_E.bin"
arm-none-eabi-size   diansai_20_E.elf 
   text	   data	    bss	    dec	    hex	filename
 123012	    488	  18360	 141860	  22a24	diansai_20_E.elf
Finished building: default.size.stdout
Finished building: diansai_20_E.bin
 
 
Finished building: diansai_20_E.list
 
13:03:18 **** Incremental Build of configuration Debug for project diansai_20_E ****
make -j12 all 
arm-none-eabi-gcc "../Core/Src/workman.c" -mcpu=cortex-m4 -std=gnu11 -g3 -DDEBUG -D_TARGET_FPU_VFP -DARM_MATH_CM4 '-D__FPU_PRESENT = 1U' -DUSE_HAL_DRIVER -DSTM32F407xx -c -I../Core/Inc -I../Core/DSP/Inc -I../Drivers/STM32F4xx_HAL_Driver/Inc -I../Drivers/STM32F4xx_HAL_Driver/Inc/Legacy -I../Drivers/CMSIS/Device/ST/STM32F4xx/Include -I../Drivers/CMSIS/Include -O0 -ffunction-sections -fdata-sections -Wall -fstack-usage -MMD -MP -MF"Core/Src/workman.d" -MT"Core/Src/workman.o" --specs=nano.specs -mfpu=fpv4-sp-d16 -mfloat-abi=hard -mthumb -o "Core/Src/workman.o"
arm-none-eabi-gcc -o "diansai_20_E.elf" @"objects.list"   -mcpu=cortex-m4 -T"G:\CubeProject\diansai_20_E\STM32F407ZGTX_FLASH.ld" --specs=nosys.specs -Wl,-Map="diansai_20_E.map" -Wl,--gc-sections -static --specs=nano.specs -mfpu=fpv4-sp-d16 -mfloat-abi=hard -mthumb -u _printf_float -Wl,--start-group -lc -lm -Wl,--end-group
Finished building target: diansai_20_E.elf
 
arm-none-eabi-objdump -h -S  diansai_20_E.elf  > "diansai_20_E.list"
arm-none-eabi-objcopy  -O binary  diansai_20_E.elf  "diansai_20_E.bin"
arm-none-eabi-size   diansai_20_E.elf 
   text	   data	    bss	    dec	    hex	filename
 123012	    488	  18360	 141860	  22a24	diansai_20_E.elf
Finished building: default.size.stdout
 
Finished building: diansai_20_E.bin
 
Finished building: diansai_20_E.list
 
14:15:56 **** Incremental Build of configuration Debug for project diansai_20_E ****
make -j12 all 
arm-none-eabi-gcc "../Core/Src/workman.c" -mcpu=cortex-m4 -std=gnu11 -g3 -DDEBUG -D_TARGET_FPU_VFP -DARM_MATH_CM4 '-D__FPU_PRESENT = 1U' -DUSE_HAL_DRIVER -DSTM32F407xx -c -I../Core/Inc -I../Core/DSP/Inc -I../Drivers/STM32F4xx_HAL_Driver/Inc -I../Drivers/STM32F4xx_HAL_Driver/Inc/Legacy -I../Drivers/CMSIS/Device/ST/STM32F4xx/Include -I../Drivers/CMSIS/Include -O0 -ffunction-sections -fdata-sections -Wall -fstack-usage -MMD -MP -MF"Core/Src/workman.d" -MT"Core/Src/workman.o" --specs=nano.specs -mfpu=fpv4-sp-d16 -mfloat-abi=hard -mthumb -o "Core/Src/workman.o"
../Core/Src/workman.c: In function 'DosomethingTim1':
../Core/Src/workman.c:67:15: warning: pointer targets in passing argument 3 of 'tft_text' differ in signedness [-Wpointer-sign]
   67 |  tft_text(0,6,"1k",2);
      |               ^~~~
      |               |
      |               char *
In file included from ../Core/Inc/main.h:36,
                 from ../Core/Inc/workman.h:3,
                 from ../Core/Src/workman.c:1:
../Core/Inc/tft.h:17:50: note: expected 'uint8_t *' {aka 'unsigned char *'} but argument is of type 'char *'
   17 | void tft_text(uint8_t screen,uint8_t id,uint8_t *text,uint8_t len);//å‘é?æ–‡æœ¬æŽ§ä»¶å†…å®?
      |                                         ~~~~~~~~~^~~~
arm-none-eabi-gcc -o "diansai_20_E.elf" @"objects.list"   -mcpu=cortex-m4 -T"G:\CubeProject\diansai_20_E\STM32F407ZGTX_FLASH.ld" --specs=nosys.specs -Wl,-Map="diansai_20_E.map" -Wl,--gc-sections -static --specs=nano.specs -mfpu=fpv4-sp-d16 -mfloat-abi=hard -mthumb -u _printf_float -Wl,--start-group -lc -lm -Wl,--end-group
Finished building target: diansai_20_E.elf
 
arm-none-eabi-objdump -h -S  diansai_20_E.elf  > "diansai_20_E.list"
arm-none-eabi-objcopy  -O binary  diansai_20_E.elf  "diansai_20_E.bin"
arm-none-eabi-size   diansai_20_E.elf 
   text	   data	    bss	    dec	    hex	filename
 123164	    488	  18360	 142012	  22abc	diansai_20_E.elf
Finished building: default.size.stdout
 
Finished building: diansai_20_E.bin
 
Finished building: diansai_20_E.list
 
14:16:23 **** Incremental Build of configuration Debug for project diansai_20_E ****
make -j12 all 
arm-none-eabi-gcc "../Core/Src/workman.c" -mcpu=cortex-m4 -std=gnu11 -g3 -DDEBUG -D_TARGET_FPU_VFP -DARM_MATH_CM4 '-D__FPU_PRESENT = 1U' -DUSE_HAL_DRIVER -DSTM32F407xx -c -I../Core/Inc -I../Core/DSP/Inc -I../Drivers/STM32F4xx_HAL_Driver/Inc -I../Drivers/STM32F4xx_HAL_Driver/Inc/Legacy -I../Drivers/CMSIS/Device/ST/STM32F4xx/Include -I../Drivers/CMSIS/Include -O0 -ffunction-sections -fdata-sections -Wall -fstack-usage -MMD -MP -MF"Core/Src/workman.d" -MT"Core/Src/workman.o" --specs=nano.specs -mfpu=fpv4-sp-d16 -mfloat-abi=hard -mthumb -o "Core/Src/workman.o"
../Core/Src/workman.c: In function 'DosomethingTim1':
../Core/Src/workman.c:69:15: warning: pointer targets in passing argument 3 of 'tft_text' differ in signedness [-Wpointer-sign]
   69 |  tft_text(0,6,"1k",2);
      |               ^~~~
      |               |
      |               char *
In file included from ../Core/Inc/main.h:36,
                 from ../Core/Inc/workman.h:3,
                 from ../Core/Src/workman.c:1:
../Core/Inc/tft.h:17:50: note: expected 'uint8_t *' {aka 'unsigned char *'} but argument is of type 'char *'
   17 | void tft_text(uint8_t screen,uint8_t id,uint8_t *text,uint8_t len);//å‘é?æ–‡æœ¬æŽ§ä»¶å†…å®?
      |                                         ~~~~~~~~~^~~~
arm-none-eabi-gcc -o "diansai_20_E.elf" @"objects.list"   -mcpu=cortex-m4 -T"G:\CubeProject\diansai_20_E\STM32F407ZGTX_FLASH.ld" --specs=nosys.specs -Wl,-Map="diansai_20_E.map" -Wl,--gc-sections -static --specs=nano.specs -mfpu=fpv4-sp-d16 -mfloat-abi=hard -mthumb -u _printf_float -Wl,--start-group -lc -lm -Wl,--end-group
Finished building target: diansai_20_E.elf
 
arm-none-eabi-objdump -h -S  diansai_20_E.elf  > "diansai_20_E.list"
arm-none-eabi-objcopy  -O binary  diansai_20_E.elf  "diansai_20_E.bin"
arm-none-eabi-size   diansai_20_E.elf 
   text	   data	    bss	    dec	    hex	filename
 123180	    488	  18360	 142028	  22acc	diansai_20_E.elf
Finished building: default.size.stdout
Finished building: diansai_20_E.bin
 
 
Finished building: diansai_20_E.list
 
14:18:08 **** Incremental Build of configuration Debug for project diansai_20_E ****
make -j12 all 
arm-none-eabi-gcc "../Core/Src/workman.c" -mcpu=cortex-m4 -std=gnu11 -g3 -DDEBUG -D_TARGET_FPU_VFP -DARM_MATH_CM4 '-D__FPU_PRESENT = 1U' -DUSE_HAL_DRIVER -DSTM32F407xx -c -I../Core/Inc -I../Core/DSP/Inc -I../Drivers/STM32F4xx_HAL_Driver/Inc -I../Drivers/STM32F4xx_HAL_Driver/Inc/Legacy -I../Drivers/CMSIS/Device/ST/STM32F4xx/Include -I../Drivers/CMSIS/Include -O0 -ffunction-sections -fdata-sections -Wall -fstack-usage -MMD -MP -MF"Core/Src/workman.d" -MT"Core/Src/workman.o" --specs=nano.specs -mfpu=fpv4-sp-d16 -mfloat-abi=hard -mthumb -o "Core/Src/workman.o"
../Core/Src/workman.c: In function 'DosomethingTim1':
../Core/Src/workman.c:88:16: warning: pointer targets in passing argument 3 of 'tft_text' differ in signedness [-Wpointer-sign]
   88 |   tft_text(0,6,"1k",2);
      |                ^~~~
      |                |
      |                char *
In file included from ../Core/Inc/main.h:36,
                 from ../Core/Inc/workman.h:3,
                 from ../Core/Src/workman.c:1:
../Core/Inc/tft.h:17:50: note: expected 'uint8_t *' {aka 'unsigned char *'} but argument is of type 'char *'
   17 | void tft_text(uint8_t screen,uint8_t id,uint8_t *text,uint8_t len);//å‘é?æ–‡æœ¬æŽ§ä»¶å†…å®?
      |                                         ~~~~~~~~~^~~~
arm-none-eabi-gcc -o "diansai_20_E.elf" @"objects.list"   -mcpu=cortex-m4 -T"G:\CubeProject\diansai_20_E\STM32F407ZGTX_FLASH.ld" --specs=nosys.specs -Wl,-Map="diansai_20_E.map" -Wl,--gc-sections -static --specs=nano.specs -mfpu=fpv4-sp-d16 -mfloat-abi=hard -mthumb -u _printf_float -Wl,--start-group -lc -lm -Wl,--end-group
Finished building target: diansai_20_E.elf
 
arm-none-eabi-objdump -h -S  diansai_20_E.elf  > "diansai_20_E.list"
arm-none-eabi-objcopy  -O binary  diansai_20_E.elf  "diansai_20_E.bin"
arm-none-eabi-size   diansai_20_E.elf 
   text	   data	    bss	    dec	    hex	filename
 123180	    488	  18360	 142028	  22acc	diansai_20_E.elf
Finished building: default.size.stdout
 
Finished building: diansai_20_E.bin
 
Finished building: diansai_20_E.list
 
14:18:48 **** Incremental Build of configuration Debug for project diansai_20_E ****
make -j12 all 
arm-none-eabi-gcc "../Core/Src/workman.c" -mcpu=cortex-m4 -std=gnu11 -g3 -DDEBUG -D_TARGET_FPU_VFP -DARM_MATH_CM4 '-D__FPU_PRESENT = 1U' -DUSE_HAL_DRIVER -DSTM32F407xx -c -I../Core/Inc -I../Core/DSP/Inc -I../Drivers/STM32F4xx_HAL_Driver/Inc -I../Drivers/STM32F4xx_HAL_Driver/Inc/Legacy -I../Drivers/CMSIS/Device/ST/STM32F4xx/Include -I../Drivers/CMSIS/Include -O0 -ffunction-sections -fdata-sections -Wall -fstack-usage -MMD -MP -MF"Core/Src/workman.d" -MT"Core/Src/workman.o" --specs=nano.specs -mfpu=fpv4-sp-d16 -mfloat-abi=hard -mthumb -o "Core/Src/workman.o"
../Core/Src/workman.c: In function 'DosomethingTim1':
../Core/Src/workman.c:88:16: warning: pointer targets in passing argument 3 of 'tft_text' differ in signedness [-Wpointer-sign]
   88 |   tft_text(0,6,"1k",2);
      |                ^~~~
      |                |
      |                char *
In file included from ../Core/Inc/main.h:36,
                 from ../Core/Inc/workman.h:3,
                 from ../Core/Src/workman.c:1:
../Core/Inc/tft.h:17:50: note: expected 'uint8_t *' {aka 'unsigned char *'} but argument is of type 'char *'
   17 | void tft_text(uint8_t screen,uint8_t id,uint8_t *text,uint8_t len);//å‘é?æ–‡æœ¬æŽ§ä»¶å†…å®?
      |                                         ~~~~~~~~~^~~~
arm-none-eabi-gcc -o "diansai_20_E.elf" @"objects.list"   -mcpu=cortex-m4 -T"G:\CubeProject\diansai_20_E\STM32F407ZGTX_FLASH.ld" --specs=nosys.specs -Wl,-Map="diansai_20_E.map" -Wl,--gc-sections -static --specs=nano.specs -mfpu=fpv4-sp-d16 -mfloat-abi=hard -mthumb -u _printf_float -Wl,--start-group -lc -lm -Wl,--end-group
Finished building target: diansai_20_E.elf
 
arm-none-eabi-objdump -h -S  diansai_20_E.elf  > "diansai_20_E.list"
arm-none-eabi-objcopy  -O binary  diansai_20_E.elf  "diansai_20_E.bin"
arm-none-eabi-size   diansai_20_E.elf 
   text	   data	    bss	    dec	    hex	filename
 123180	    488	  18360	 142028	  22acc	diansai_20_E.elf
Finished building: default.size.stdout
 
Finished building: diansai_20_E.bin
 
Finished building: diansai_20_E.list
 
14:23:09 **** Incremental Build of configuration Debug for project diansai_20_E ****
make -j12 all 
arm-none-eabi-gcc "../Core/Src/workman.c" -mcpu=cortex-m4 -std=gnu11 -g3 -DDEBUG -D_TARGET_FPU_VFP -DARM_MATH_CM4 '-D__FPU_PRESENT = 1U' -DUSE_HAL_DRIVER -DSTM32F407xx -c -I../Core/Inc -I../Core/DSP/Inc -I../Drivers/STM32F4xx_HAL_Driver/Inc -I../Drivers/STM32F4xx_HAL_Driver/Inc/Legacy -I../Drivers/CMSIS/Device/ST/STM32F4xx/Include -I../Drivers/CMSIS/Include -O0 -ffunction-sections -fdata-sections -Wall -fstack-usage -MMD -MP -MF"Core/Src/workman.d" -MT"Core/Src/workman.o" --specs=nano.specs -mfpu=fpv4-sp-d16 -mfloat-abi=hard -mthumb -o "Core/Src/workman.o"
../Core/Src/workman.c: In function 'DosomethingTim1':
../Core/Src/workman.c:41:19: warning: unused variable 'min' [-Wunused-variable]
   41 |  float max=-32768,min=32768;
      |                   ^~~
../Core/Src/workman.c:41:8: warning: unused variable 'max' [-Wunused-variable]
   41 |  float max=-32768,min=32768;
      |        ^~~
../Core/Src/workman.c:40:8: warning: unused variable 'Vpp' [-Wunused-variable]
   40 |  float Vpp;
      |        ^~~
arm-none-eabi-gcc -o "diansai_20_E.elf" @"objects.list"   -mcpu=cortex-m4 -T"G:\CubeProject\diansai_20_E\STM32F407ZGTX_FLASH.ld" --specs=nosys.specs -Wl,-Map="diansai_20_E.map" -Wl,--gc-sections -static --specs=nano.specs -mfpu=fpv4-sp-d16 -mfloat-abi=hard -mthumb -u _printf_float -Wl,--start-group -lc -lm -Wl,--end-group
Finished building target: diansai_20_E.elf
 
arm-none-eabi-objdump -h -S  diansai_20_E.elf  > "diansai_20_E.list"
arm-none-eabi-objcopy  -O binary  diansai_20_E.elf  "diansai_20_E.bin"
arm-none-eabi-size   diansai_20_E.elf 
   text	   data	    bss	    dec	    hex	filename
 122868	    488	  18360	 141716	  22994	diansai_20_E.elf
Finished building: default.size.stdout
 
Finished building: diansai_20_E.bin
 
Finished building: diansai_20_E.list
 
14:23:54 **** Incremental Build of configuration Debug for project diansai_20_E ****
make -j12 all 
arm-none-eabi-gcc "../Core/Src/workman.c" -mcpu=cortex-m4 -std=gnu11 -g3 -DDEBUG -D_TARGET_FPU_VFP -DARM_MATH_CM4 '-D__FPU_PRESENT = 1U' -DUSE_HAL_DRIVER -DSTM32F407xx -c -I../Core/Inc -I../Core/DSP/Inc -I../Drivers/STM32F4xx_HAL_Driver/Inc -I../Drivers/STM32F4xx_HAL_Driver/Inc/Legacy -I../Drivers/CMSIS/Device/ST/STM32F4xx/Include -I../Drivers/CMSIS/Include -O0 -ffunction-sections -fdata-sections -Wall -fstack-usage -MMD -MP -MF"Core/Src/workman.d" -MT"Core/Src/workman.o" --specs=nano.specs -mfpu=fpv4-sp-d16 -mfloat-abi=hard -mthumb -o "Core/Src/workman.o"
arm-none-eabi-gcc -o "diansai_20_E.elf" @"objects.list"   -mcpu=cortex-m4 -T"G:\CubeProject\diansai_20_E\STM32F407ZGTX_FLASH.ld" --specs=nosys.specs -Wl,-Map="diansai_20_E.map" -Wl,--gc-sections -static --specs=nano.specs -mfpu=fpv4-sp-d16 -mfloat-abi=hard -mthumb -u _printf_float -Wl,--start-group -lc -lm -Wl,--end-group
Finished building target: diansai_20_E.elf
 
arm-none-eabi-objdump -h -S  diansai_20_E.elf  > "diansai_20_E.list"
arm-none-eabi-objcopy  -O binary  diansai_20_E.elf  "diansai_20_E.bin"
arm-none-eabi-size   diansai_20_E.elf 
   text	   data	    bss	    dec	    hex	filename
 123156	    488	  18360	 142004	  22ab4	diansai_20_E.elf
Finished building: default.size.stdout
 
Finished building: diansai_20_E.bin
 
Finished building: diansai_20_E.list
 
14:24:20 **** Incremental Build of configuration Debug for project diansai_20_E ****
make -j12 all 
arm-none-eabi-gcc "../Core/Src/workman.c" -mcpu=cortex-m4 -std=gnu11 -g3 -DDEBUG -D_TARGET_FPU_VFP -DARM_MATH_CM4 '-D__FPU_PRESENT = 1U' -DUSE_HAL_DRIVER -DSTM32F407xx -c -I../Core/Inc -I../Core/DSP/Inc -I../Drivers/STM32F4xx_HAL_Driver/Inc -I../Drivers/STM32F4xx_HAL_Driver/Inc/Legacy -I../Drivers/CMSIS/Device/ST/STM32F4xx/Include -I../Drivers/CMSIS/Include -O0 -ffunction-sections -fdata-sections -Wall -fstack-usage -MMD -MP -MF"Core/Src/workman.d" -MT"Core/Src/workman.o" --specs=nano.specs -mfpu=fpv4-sp-d16 -mfloat-abi=hard -mthumb -o "Core/Src/workman.o"
../Core/Src/workman.c: In function 'DosomethingTim1':
../Core/Src/workman.c:88:16: warning: pointer targets in passing argument 3 of 'tft_text' differ in signedness [-Wpointer-sign]
   88 |   tft_text(0,6,"1k",2);
      |                ^~~~
      |                |
      |                char *
In file included from ../Core/Inc/main.h:36,
                 from ../Core/Inc/workman.h:3,
                 from ../Core/Src/workman.c:1:
../Core/Inc/tft.h:17:50: note: expected 'uint8_t *' {aka 'unsigned char *'} but argument is of type 'char *'
   17 | void tft_text(uint8_t screen,uint8_t id,uint8_t *text,uint8_t len);//å‘é?æ–‡æœ¬æŽ§ä»¶å†…å®?
      |                                         ~~~~~~~~~^~~~
arm-none-eabi-gcc -o "diansai_20_E.elf" @"objects.list"   -mcpu=cortex-m4 -T"G:\CubeProject\diansai_20_E\STM32F407ZGTX_FLASH.ld" --specs=nosys.specs -Wl,-Map="diansai_20_E.map" -Wl,--gc-sections -static --specs=nano.specs -mfpu=fpv4-sp-d16 -mfloat-abi=hard -mthumb -u _printf_float -Wl,--start-group -lc -lm -Wl,--end-group
Finished building target: diansai_20_E.elf
 
arm-none-eabi-objdump -h -S  diansai_20_E.elf  > "diansai_20_E.list"
arm-none-eabi-objcopy  -O binary  diansai_20_E.elf  "diansai_20_E.bin"
arm-none-eabi-size   diansai_20_E.elf 
   text	   data	    bss	    dec	    hex	filename
 123180	    488	  18360	 142028	  22acc	diansai_20_E.elf
Finished building: default.size.stdout
Finished building: diansai_20_E.bin
 
 
Finished building: diansai_20_E.list
 
