21:28:01 **** Incremental Build of configuration Debug for project diansai_19_C ****
make -j12 all 
arm-none-eabi-gcc "../Core/Src/main.c" -mcpu=cortex-m4 -std=gnu11 -g3 -DDEBUG '-D__FPU_PRESENT = 1U' -D__TARGET_FPU_VFP -DARM_MATH_CM4 -DUSE_HAL_DRIVER -DSTM32F407xx -c -I../Core/Inc -I../Drivers/DSP/Inc -I../Drivers/STM32F4xx_HAL_Driver/Inc -I../Drivers/STM32F4xx_HAL_Driver/Inc/Legacy -I../Drivers/CMSIS/Device/ST/STM32F4xx/Include -I../Drivers/CMSIS/Include -O0 -ffunction-sections -fdata-sections -Wall -fstack-usage -MMD -MP -MF"Core/Src/main.d" -MT"Core/Src/main.o" --specs=nano.specs -mfpu=fpv4-sp-d16 -mfloat-abi=hard -mthumb -o "Core/Src/main.o"
../Core/Src/main.c: In function 'main':
../Core/Src/main.c:104:3: warning: implicit declaration of function 'Init_AD9959' [-Wimplicit-function-declaration]
  104 |   Init_AD9959();
      |   ^~~~~~~~~~~
arm-none-eabi-gcc -o "diansai_19_C.elf" @"objects.list"   -mcpu=cortex-m4 -T"G:\CubeProject\diansai_19_C\STM32F407ZGTX_FLASH.ld" --specs=nosys.specs -Wl,-Map="diansai_19_C.map" -Wl,--gc-sections -static --specs=nano.specs -mfpu=fpv4-sp-d16 -mfloat-abi=hard -mthumb -u _printf_float -Wl,--start-group -lc -lm -Wl,--end-group
Finished building target: diansai_19_C.elf
 
arm-none-eabi-objdump -h -S  diansai_19_C.elf  > "diansai_19_C.list"
arm-none-eabi-objcopy  -O binary  diansai_19_C.elf  "diansai_19_C.bin"
arm-none-eabi-size   diansai_19_C.elf 
   text	   data	    bss	    dec	    hex	filename
 124960	    548	  10460	 135968	  21320	diansai_19_C.elf
Finished building: default.size.stdout
 
Finished building: diansai_19_C.bin
 
Finished building: diansai_19_C.list
 
21:28:28 **** Incremental Build of configuration Debug for project diansai_19_C ****
make -j12 all 
arm-none-eabi-size   diansai_19_C.elf 
   text	   data	    bss	    dec	    hex	filename
 124960	    548	  10460	 135968	  21320	diansai_19_C.elf
Finished building: default.size.stdout
 
21:28:50 **** Incremental Build of configuration Debug for project diansai_19_C ****
make -j12 all 
arm-none-eabi-size   diansai_19_C.elf 
   text	   data	    bss	    dec	    hex	filename
 124960	    548	  10460	 135968	  21320	diansai_19_C.elf
Finished building: default.size.stdout
 
21:29:50 **** Incremental Build of configuration Debug for project diansai_19_C ****
make -j12 all 
arm-none-eabi-gcc "../Core/Src/stm32f4xx_it.c" -mcpu=cortex-m4 -std=gnu11 -g3 -DDEBUG '-D__FPU_PRESENT = 1U' -D__TARGET_FPU_VFP -DARM_MATH_CM4 -DUSE_HAL_DRIVER -DSTM32F407xx -c -I../Core/Inc -I../Drivers/DSP/Inc -I../Drivers/STM32F4xx_HAL_Driver/Inc -I../Drivers/STM32F4xx_HAL_Driver/Inc/Legacy -I../Drivers/CMSIS/Device/ST/STM32F4xx/Include -I../Drivers/CMSIS/Include -O0 -ffunction-sections -fdata-sections -Wall -fstack-usage -MMD -MP -MF"Core/Src/stm32f4xx_it.d" -MT"Core/Src/stm32f4xx_it.o" --specs=nano.specs -mfpu=fpv4-sp-d16 -mfloat-abi=hard -mthumb -o "Core/Src/stm32f4xx_it.o"
../Core/Src/stm32f4xx_it.c: In function 'TIM1_UP_TIM10_IRQHandler':
../Core/Src/stm32f4xx_it.c:214:3: warning: implicit declaration of function 'resTim1' [-Wimplicit-function-declaration]
  214 |   resTim1();
      |   ^~~~~~~
../Core/Src/stm32f4xx_it.c: In function 'TIM3_IRQHandler':
../Core/Src/stm32f4xx_it.c:228:3: warning: implicit declaration of function 'resTim3' [-Wimplicit-function-declaration]
  228 |   resTim3();
      |   ^~~~~~~
../Core/Src/stm32f4xx_it.c: In function 'USART6_IRQHandler':
../Core/Src/stm32f4xx_it.c:244:4: warning: implicit declaration of function 'resUart6' [-Wimplicit-function-declaration]
  244 |    resUart6();
      |    ^~~~~~~~
arm-none-eabi-gcc -o "diansai_19_C.elf" @"objects.list"   -mcpu=cortex-m4 -T"G:\CubeProject\diansai_19_C\STM32F407ZGTX_FLASH.ld" --specs=nosys.specs -Wl,-Map="diansai_19_C.map" -Wl,--gc-sections -static --specs=nano.specs -mfpu=fpv4-sp-d16 -mfloat-abi=hard -mthumb -u _printf_float -Wl,--start-group -lc -lm -Wl,--end-group
Finished building target: diansai_19_C.elf
 
arm-none-eabi-objdump -h -S  diansai_19_C.elf  > "diansai_19_C.list"
arm-none-eabi-objcopy  -O binary  diansai_19_C.elf  "diansai_19_C.bin"
arm-none-eabi-size   diansai_19_C.elf 
   text	   data	    bss	    dec	    hex	filename
 126216	    548	  10460	 137224	  21808	diansai_19_C.elf
Finished building: default.size.stdout
Finished building: diansai_19_C.bin
 
 
Finished building: diansai_19_C.list
 
21:30:29 **** Incremental Build of configuration Debug for project diansai_19_C ****
make -j12 all 
arm-none-eabi-size   diansai_19_C.elf 
   text	   data	    bss	    dec	    hex	filename
 126216	    548	  10460	 137224	  21808	diansai_19_C.elf
Finished building: default.size.stdout
 
21:31:35 **** Incremental Build of configuration Debug for project diansai_19_C ****
make -j12 all 
arm-none-eabi-gcc "../Core/Src/main.c" -mcpu=cortex-m4 -std=gnu11 -g3 -DDEBUG '-D__FPU_PRESENT = 1U' -D__TARGET_FPU_VFP -DARM_MATH_CM4 -DUSE_HAL_DRIVER -DSTM32F407xx -c -I../Core/Inc -I../Drivers/DSP/Inc -I../Drivers/STM32F4xx_HAL_Driver/Inc -I../Drivers/STM32F4xx_HAL_Driver/Inc/Legacy -I../Drivers/CMSIS/Device/ST/STM32F4xx/Include -I../Drivers/CMSIS/Include -O0 -ffunction-sections -fdata-sections -Wall -fstack-usage -MMD -MP -MF"Core/Src/main.d" -MT"Core/Src/main.o" --specs=nano.specs -mfpu=fpv4-sp-d16 -mfloat-abi=hard -mthumb -o "Core/Src/main.o"
../Core/Src/main.c: In function 'main':
../Core/Src/main.c:104:3: warning: implicit declaration of function 'Init_AD9959' [-Wimplicit-function-declaration]
  104 |   Init_AD9959();
      |   ^~~~~~~~~~~
arm-none-eabi-gcc -o "diansai_19_C.elf" @"objects.list"   -mcpu=cortex-m4 -T"G:\CubeProject\diansai_19_C\STM32F407ZGTX_FLASH.ld" --specs=nosys.specs -Wl,-Map="diansai_19_C.map" -Wl,--gc-sections -static --specs=nano.specs -mfpu=fpv4-sp-d16 -mfloat-abi=hard -mthumb -u _printf_float -Wl,--start-group -lc -lm -Wl,--end-group
Finished building target: diansai_19_C.elf
 
arm-none-eabi-objdump -h -S  diansai_19_C.elf  > "diansai_19_C.list"
arm-none-eabi-objcopy  -O binary  diansai_19_C.elf  "diansai_19_C.bin"
arm-none-eabi-size   diansai_19_C.elf 
   text	   data	    bss	    dec	    hex	filename
 126232	    548	  10460	 137240	  21818	diansai_19_C.elf
Finished building: default.size.stdout
 
Finished building: diansai_19_C.bin
 
Finished building: diansai_19_C.list
 
21:32:55 **** Incremental Build of configuration Debug for project diansai_19_C ****
make -j12 all 
arm-none-eabi-gcc "../Core/Src/workman.c" -mcpu=cortex-m4 -std=gnu11 -g3 -DDEBUG '-D__FPU_PRESENT = 1U' -D__TARGET_FPU_VFP -DARM_MATH_CM4 -DUSE_HAL_DRIVER -DSTM32F407xx -c -I../Core/Inc -I../Drivers/DSP/Inc -I../Drivers/STM32F4xx_HAL_Driver/Inc -I../Drivers/STM32F4xx_HAL_Driver/Inc/Legacy -I../Drivers/CMSIS/Device/ST/STM32F4xx/Include -I../Drivers/CMSIS/Include -O0 -ffunction-sections -fdata-sections -Wall -fstack-usage -MMD -MP -MF"Core/Src/workman.d" -MT"Core/Src/workman.o" --specs=nano.specs -mfpu=fpv4-sp-d16 -mfloat-abi=hard -mthumb -o "Core/Src/workman.o"
../Core/Src/workman.c: In function 'DosomethingTim1':
../Core/Src/workman.c:103:15: warning: passing argument 1 of 'arm_copy_f32' from incompatible pointer type [-Wincompatible-pointer-types]
  103 |  arm_copy_f32(&dataCh1, &bufCh1, 1024);
      |               ^~~~~~~~
      |               |
      |               float (*)[1024]
In file included from ../Core/Inc/main.h:37,
                 from ../Core/Inc/workman.h:4,
                 from ../Core/Src/workman.c:1:
../Drivers/DSP/Inc/arm_math.h:2801:15: note: expected 'float32_t *' {aka 'float *'} but argument is of type 'float (*)[1024]'
 2801 |   float32_t * pSrc,
      |   ~~~~~~~~~~~~^~~~
../Core/Src/workman.c:103:25: warning: passing argument 2 of 'arm_copy_f32' from incompatible pointer type [-Wincompatible-pointer-types]
  103 |  arm_copy_f32(&dataCh1, &bufCh1, 1024);
      |                         ^~~~~~~
      |                         |
      |                         float (*)[1024]
In file included from ../Core/Inc/main.h:37,
                 from ../Core/Inc/workman.h:4,
                 from ../Core/Src/workman.c:1:
../Drivers/DSP/Inc/arm_math.h:2802:15: note: expected 'float32_t *' {aka 'float *'} but argument is of type 'float (*)[1024]'
 2802 |   float32_t * pDst,
      |   ~~~~~~~~~~~~^~~~
../Core/Src/workman.c:104:15: warning: passing argument 1 of 'arm_copy_f32' from incompatible pointer type [-Wincompatible-pointer-types]
  104 |  arm_copy_f32(&dataCh2, &bufCh2, 1024);
      |               ^~~~~~~~
      |               |
      |               float (*)[1024]
In file included from ../Core/Inc/main.h:37,
                 from ../Core/Inc/workman.h:4,
                 from ../Core/Src/workman.c:1:
../Drivers/DSP/Inc/arm_math.h:2801:15: note: expected 'float32_t *' {aka 'float *'} but argument is of type 'float (*)[1024]'
 2801 |   float32_t * pSrc,
      |   ~~~~~~~~~~~~^~~~
../Core/Src/workman.c:104:25: warning: passing argument 2 of 'arm_copy_f32' from incompatible pointer type [-Wincompatible-pointer-types]
  104 |  arm_copy_f32(&dataCh2, &bufCh2, 1024);
      |                         ^~~~~~~
      |                         |
      |                         float (*)[1024]
In file included from ../Core/Inc/main.h:37,
                 from ../Core/Inc/workman.h:4,
                 from ../Core/Src/workman.c:1:
../Drivers/DSP/Inc/arm_math.h:2802:15: note: expected 'float32_t *' {aka 'float *'} but argument is of type 'float (*)[1024]'
 2802 |   float32_t * pDst,
      |   ~~~~~~~~~~~~^~~~
../Core/Src/workman.c:98:22: warning: variable 'differ' set but not used [-Wunused-but-set-variable]
   98 |  float phase1,phase2,differ;
      |                      ^~~~~~
../Core/Src/workman.c:98:15: warning: variable 'phase2' set but not used [-Wunused-but-set-variable]
   98 |  float phase1,phase2,differ;
      |               ^~~~~~
../Core/Src/workman.c:98:8: warning: variable 'phase1' set but not used [-Wunused-but-set-variable]
   98 |  float phase1,phase2,differ;
      |        ^~~~~~
../Core/Src/workman.c: In function 'resUart6':
../Core/Src/workman.c:133:3: warning: implicit declaration of function 'Write_frequence' [-Wimplicit-function-declaration]
  133 |   Write_frequence(0, 100);
      |   ^~~~~~~~~~~~~~~
arm-none-eabi-gcc -o "diansai_19_C.elf" @"objects.list"   -mcpu=cortex-m4 -T"G:\CubeProject\diansai_19_C\STM32F407ZGTX_FLASH.ld" --specs=nosys.specs -Wl,-Map="diansai_19_C.map" -Wl,--gc-sections -static --specs=nano.specs -mfpu=fpv4-sp-d16 -mfloat-abi=hard -mthumb -u _printf_float -Wl,--start-group -lc -lm -Wl,--end-group
Finished building target: diansai_19_C.elf
 
arm-none-eabi-objdump -h -S  diansai_19_C.elf  > "diansai_19_C.list"
arm-none-eabi-objcopy  -O binary  diansai_19_C.elf  "diansai_19_C.bin"
arm-none-eabi-size   diansai_19_C.elf 
   text	   data	    bss	    dec	    hex	filename
 126248	    548	  10460	 137256	  21828	diansai_19_C.elf
Finished building: default.size.stdout
 
Finished building: diansai_19_C.bin
 
Finished building: diansai_19_C.list
 
14:31:37 **** Build of configuration Debug for project diansai_19_C ****
make -j12 all 
arm-none-eabi-gcc "../Core/Src/ad9959.c" -mcpu=cortex-m4 -std=gnu11 -g3 -DDEBUG '-D__FPU_PRESENT = 1U' -D__TARGET_FPU_VFP -DARM_MATH_CM4 -DUSE_HAL_DRIVER -DSTM32F407xx -c -I../Core/Inc -I../Drivers/DSP/Inc -I../Drivers/STM32F4xx_HAL_Driver/Inc -I../Drivers/STM32F4xx_HAL_Driver/Inc/Legacy -I../Drivers/CMSIS/Device/ST/STM32F4xx/Include -I../Drivers/CMSIS/Include -O0 -ffunction-sections -fdata-sections -Wall -fstack-usage -MMD -MP -MF"Core/Src/ad9959.d" -MT"Core/Src/ad9959.o" --specs=nano.specs -mfpu=fpv4-sp-d16 -mfloat-abi=hard -mthumb -o "Core/Src/ad9959.o"
../Core/Src/ad9959.c: In function 'Init_AD9959':
../Core/Src/ad9959.c:29:23: warning: unused variable 'GPIO_InitStructure' [-Wunused-variable]
   29 |     GPIO_InitTypeDef  GPIO_InitStructure;
      |                       ^~~~~~~~~~~~~~~~~~
../Core/Src/ad9959.c: In function 'ReadData_9959':
../Core/Src/ad9959.c:176:41: warning: right-hand operand of comma expression has no effect [-Wunused-value]
  176 |     GPIO_InitStructure.Pin =  GPIO_PIN_6,AD9959_SCLK_Pin;
      |                                         ^
../Core/Src/ad9959.c:213:16: warning: implicit declaration of function 'GPIO_ReadInputDataBit' [-Wimplicit-function-declaration]
  213 |             if(GPIO_ReadInputDataBit(GPIOA, GPIO_PIN_15))
      |                ^~~~~~~~~~~~~~~~~~~~~
arm-none-eabi-gcc -o "diansai_19_C.elf" @"objects.list"   -mcpu=cortex-m4 -T"G:\CubeProject\diansai_19_C\STM32F407ZGTX_FLASH.ld" --specs=nosys.specs -Wl,-Map="diansai_19_C.map" -Wl,--gc-sections -static --specs=nano.specs -mfpu=fpv4-sp-d16 -mfloat-abi=hard -mthumb -u _printf_float -Wl,--start-group -lc -lm -Wl,--end-group
Finished building target: diansai_19_C.elf
 
arm-none-eabi-objdump -h -S  diansai_19_C.elf  > "diansai_19_C.list"
arm-none-eabi-objcopy  -O binary  diansai_19_C.elf  "diansai_19_C.bin"
arm-none-eabi-size   diansai_19_C.elf 
   text	   data	    bss	    dec	    hex	filename
 126248	    548	  10460	 137256	  21828	diansai_19_C.elf
Finished building: default.size.stdout
Finished building: diansai_19_C.bin
 
 
Finished building: diansai_19_C.list
 
14:33:16 **** Incremental Build of configuration Debug for project diansai_19_C ****
make -j12 all 
arm-none-eabi-gcc "../Core/Src/ad9959.c" -mcpu=cortex-m4 -std=gnu11 -g3 -DDEBUG '-D__FPU_PRESENT = 1U' -D__TARGET_FPU_VFP -DARM_MATH_CM4 -DUSE_HAL_DRIVER -DSTM32F407xx -c -I../Core/Inc -I../Drivers/DSP/Inc -I../Drivers/STM32F4xx_HAL_Driver/Inc -I../Drivers/STM32F4xx_HAL_Driver/Inc/Legacy -I../Drivers/CMSIS/Device/ST/STM32F4xx/Include -I../Drivers/CMSIS/Include -O0 -ffunction-sections -fdata-sections -Wall -fstack-usage -MMD -MP -MF"Core/Src/ad9959.d" -MT"Core/Src/ad9959.o" --specs=nano.specs -mfpu=fpv4-sp-d16 -mfloat-abi=hard -mthumb -o "Core/Src/ad9959.o"
../Core/Src/ad9959.c: In function 'Init_AD9959':
../Core/Src/ad9959.c:29:23: warning: unused variable 'GPIO_InitStructure' [-Wunused-variable]
   29 |     GPIO_InitTypeDef  GPIO_InitStructure;
      |                       ^~~~~~~~~~~~~~~~~~
../Core/Src/ad9959.c: In function 'ReadData_9959':
../Core/Src/ad9959.c:176:41: warning: right-hand operand of comma expression has no effect [-Wunused-value]
  176 |     GPIO_InitStructure.Pin =  GPIO_PIN_6,AD9959_SCLK_Pin;
      |                                         ^
../Core/Src/ad9959.c:213:16: warning: implicit declaration of function 'GPIO_ReadInputDataBit' [-Wimplicit-function-declaration]
  213 |             if(GPIO_ReadInputDataBit(GPIOA, GPIO_PIN_15))
      |                ^~~~~~~~~~~~~~~~~~~~~
arm-none-eabi-gcc -o "diansai_19_C.elf" @"objects.list"   -mcpu=cortex-m4 -T"G:\CubeProject\diansai_19_C\STM32F407ZGTX_FLASH.ld" --specs=nosys.specs -Wl,-Map="diansai_19_C.map" -Wl,--gc-sections -static --specs=nano.specs -mfpu=fpv4-sp-d16 -mfloat-abi=hard -mthumb -u _printf_float -Wl,--start-group -lc -lm -Wl,--end-group
Finished building target: diansai_19_C.elf
 
arm-none-eabi-objdump -h -S  diansai_19_C.elf  > "diansai_19_C.list"
arm-none-eabi-objcopy  -O binary  diansai_19_C.elf  "diansai_19_C.bin"
arm-none-eabi-size   diansai_19_C.elf 
   text	   data	    bss	    dec	    hex	filename
 126248	    548	  10460	 137256	  21828	diansai_19_C.elf
Finished building: default.size.stdout
 
Finished building: diansai_19_C.bin
 
Finished building: diansai_19_C.list
 
14:33:44 **** Incremental Build of configuration Debug for project diansai_19_C ****
make -j12 all 
arm-none-eabi-gcc "../Core/Src/ad9959.c" -mcpu=cortex-m4 -std=gnu11 -g3 -DDEBUG '-D__FPU_PRESENT = 1U' -D__TARGET_FPU_VFP -DARM_MATH_CM4 -DUSE_HAL_DRIVER -DSTM32F407xx -c -I../Core/Inc -I../Drivers/DSP/Inc -I../Drivers/STM32F4xx_HAL_Driver/Inc -I../Drivers/STM32F4xx_HAL_Driver/Inc/Legacy -I../Drivers/CMSIS/Device/ST/STM32F4xx/Include -I../Drivers/CMSIS/Include -O0 -ffunction-sections -fdata-sections -Wall -fstack-usage -MMD -MP -MF"Core/Src/ad9959.d" -MT"Core/Src/ad9959.o" --specs=nano.specs -mfpu=fpv4-sp-d16 -mfloat-abi=hard -mthumb -o "Core/Src/ad9959.o"
../Core/Src/ad9959.c: In function 'Init_AD9959':
../Core/Src/ad9959.c:29:23: warning: unused variable 'GPIO_InitStructure' [-Wunused-variable]
   29 |     GPIO_InitTypeDef  GPIO_InitStructure;
      |                       ^~~~~~~~~~~~~~~~~~
../Core/Src/ad9959.c: In function 'ReadData_9959':
../Core/Src/ad9959.c:176:41: warning: right-hand operand of comma expression has no effect [-Wunused-value]
  176 |     GPIO_InitStructure.Pin =  GPIO_PIN_6,AD9959_SCLK_Pin;
      |                                         ^
../Core/Src/ad9959.c:213:16: warning: implicit declaration of function 'GPIO_ReadInputDataBit' [-Wimplicit-function-declaration]
  213 |             if(GPIO_ReadInputDataBit(GPIOA, GPIO_PIN_15))
      |                ^~~~~~~~~~~~~~~~~~~~~
arm-none-eabi-gcc -o "diansai_19_C.elf" @"objects.list"   -mcpu=cortex-m4 -T"G:\CubeProject\diansai_19_C\STM32F407ZGTX_FLASH.ld" --specs=nosys.specs -Wl,-Map="diansai_19_C.map" -Wl,--gc-sections -static --specs=nano.specs -mfpu=fpv4-sp-d16 -mfloat-abi=hard -mthumb -u _printf_float -Wl,--start-group -lc -lm -Wl,--end-group
Finished building target: diansai_19_C.elf
 
arm-none-eabi-objdump -h -S  diansai_19_C.elf  > "diansai_19_C.list"
arm-none-eabi-objcopy  -O binary  diansai_19_C.elf  "diansai_19_C.bin"
arm-none-eabi-size   diansai_19_C.elf 
   text	   data	    bss	    dec	    hex	filename
 126248	    548	  10460	 137256	  21828	diansai_19_C.elf
Finished building: default.size.stdout
Finished building: diansai_19_C.bin
 
 
Finished building: diansai_19_C.list
 
14:34:41 **** Incremental Build of configuration Debug for project diansai_19_C ****
make -j12 all 
arm-none-eabi-gcc "../Core/Src/ad9959.c" -mcpu=cortex-m4 -std=gnu11 -g3 -DDEBUG '-D__FPU_PRESENT = 1U' -D__TARGET_FPU_VFP -DARM_MATH_CM4 -DUSE_HAL_DRIVER -DSTM32F407xx -c -I../Core/Inc -I../Drivers/DSP/Inc -I../Drivers/STM32F4xx_HAL_Driver/Inc -I../Drivers/STM32F4xx_HAL_Driver/Inc/Legacy -I../Drivers/CMSIS/Device/ST/STM32F4xx/Include -I../Drivers/CMSIS/Include -O0 -ffunction-sections -fdata-sections -Wall -fstack-usage -MMD -MP -MF"Core/Src/ad9959.d" -MT"Core/Src/ad9959.o" --specs=nano.specs -mfpu=fpv4-sp-d16 -mfloat-abi=hard -mthumb -o "Core/Src/ad9959.o"
../Core/Src/ad9959.c: In function 'Init_AD9959':
../Core/Src/ad9959.c:29:23: warning: unused variable 'GPIO_InitStructure' [-Wunused-variable]
   29 |     GPIO_InitTypeDef  GPIO_InitStructure;
      |                       ^~~~~~~~~~~~~~~~~~
../Core/Src/ad9959.c: In function 'ReadData_9959':
../Core/Src/ad9959.c:176:41: warning: right-hand operand of comma expression has no effect [-Wunused-value]
  176 |     GPIO_InitStructure.Pin =  GPIO_PIN_6,AD9959_SCLK_Pin;
      |                                         ^
../Core/Src/ad9959.c:213:16: warning: implicit declaration of function 'GPIO_ReadInputDataBit' [-Wimplicit-function-declaration]
  213 |             if(GPIO_ReadInputDataBit(GPIOA, GPIO_PIN_15))
      |                ^~~~~~~~~~~~~~~~~~~~~
arm-none-eabi-gcc -o "diansai_19_C.elf" @"objects.list"   -mcpu=cortex-m4 -T"G:\CubeProject\diansai_19_C\STM32F407ZGTX_FLASH.ld" --specs=nosys.specs -Wl,-Map="diansai_19_C.map" -Wl,--gc-sections -static --specs=nano.specs -mfpu=fpv4-sp-d16 -mfloat-abi=hard -mthumb -u _printf_float -Wl,--start-group -lc -lm -Wl,--end-group
Finished building target: diansai_19_C.elf
 
arm-none-eabi-objdump -h -S  diansai_19_C.elf  > "diansai_19_C.list"
arm-none-eabi-objcopy  -O binary  diansai_19_C.elf  "diansai_19_C.bin"
arm-none-eabi-size   diansai_19_C.elf 
   text	   data	    bss	    dec	    hex	filename
 126248	    548	  10460	 137256	  21828	diansai_19_C.elf
Finished building: default.size.stdout
Finished building: diansai_19_C.bin
 
 
Finished building: diansai_19_C.list
 
15:11:40 **** Incremental Build of configuration Debug for project diansai_19_C ****
make -j12 all 
arm-none-eabi-gcc "../Core/Src/ad9959.c" -mcpu=cortex-m4 -std=gnu11 -g3 -DDEBUG '-D__FPU_PRESENT = 1U' -D__TARGET_FPU_VFP -DARM_MATH_CM4 -DUSE_HAL_DRIVER -DSTM32F407xx -c -I../Core/Inc -I../Drivers/DSP/Inc -I../Drivers/STM32F4xx_HAL_Driver/Inc -I../Drivers/STM32F4xx_HAL_Driver/Inc/Legacy -I../Drivers/CMSIS/Device/ST/STM32F4xx/Include -I../Drivers/CMSIS/Include -O0 -ffunction-sections -fdata-sections -Wall -fstack-usage -MMD -MP -MF"Core/Src/ad9959.d" -MT"Core/Src/ad9959.o" --specs=nano.specs -mfpu=fpv4-sp-d16 -mfloat-abi=hard -mthumb -o "Core/Src/ad9959.o"
../Core/Src/ad9959.c: In function 'Init_AD9959':
../Core/Src/ad9959.c:29:23: warning: unused variable 'GPIO_InitStructure' [-Wunused-variable]
   29 |     GPIO_InitTypeDef  GPIO_InitStructure;
      |                       ^~~~~~~~~~~~~~~~~~
../Core/Src/ad9959.c: In function 'ReadData_9959':
../Core/Src/ad9959.c:176:41: warning: right-hand operand of comma expression has no effect [-Wunused-value]
  176 |     GPIO_InitStructure.Pin =  GPIO_PIN_6,AD9959_SCLK_Pin;
      |                                         ^
../Core/Src/ad9959.c:213:16: warning: implicit declaration of function 'GPIO_ReadInputDataBit' [-Wimplicit-function-declaration]
  213 |             if(GPIO_ReadInputDataBit(GPIOA, GPIO_PIN_15))
      |                ^~~~~~~~~~~~~~~~~~~~~
arm-none-eabi-gcc -o "diansai_19_C.elf" @"objects.list"   -mcpu=cortex-m4 -T"G:\CubeProject\diansai_19_C\STM32F407ZGTX_FLASH.ld" --specs=nosys.specs -Wl,-Map="diansai_19_C.map" -Wl,--gc-sections -static --specs=nano.specs -mfpu=fpv4-sp-d16 -mfloat-abi=hard -mthumb -u _printf_float -Wl,--start-group -lc -lm -Wl,--end-group
Finished building target: diansai_19_C.elf
 
arm-none-eabi-objdump -h -S  diansai_19_C.elf  > "diansai_19_C.list"
arm-none-eabi-objcopy  -O binary  diansai_19_C.elf  "diansai_19_C.bin"
arm-none-eabi-size   diansai_19_C.elf 
   text	   data	    bss	    dec	    hex	filename
 126248	    548	  10460	 137256	  21828	diansai_19_C.elf
Finished building: default.size.stdout
 
Finished building: diansai_19_C.bin
 
Finished building: diansai_19_C.list
 
15:12:13 **** Incremental Build of configuration Debug for project diansai_19_C ****
make -j12 all 
arm-none-eabi-gcc "../Core/Src/ad9959.c" -mcpu=cortex-m4 -std=gnu11 -g3 -DDEBUG '-D__FPU_PRESENT = 1U' -D__TARGET_FPU_VFP -DARM_MATH_CM4 -DUSE_HAL_DRIVER -DSTM32F407xx -c -I../Core/Inc -I../Drivers/DSP/Inc -I../Drivers/STM32F4xx_HAL_Driver/Inc -I../Drivers/STM32F4xx_HAL_Driver/Inc/Legacy -I../Drivers/CMSIS/Device/ST/STM32F4xx/Include -I../Drivers/CMSIS/Include -O0 -ffunction-sections -fdata-sections -Wall -fstack-usage -MMD -MP -MF"Core/Src/ad9959.d" -MT"Core/Src/ad9959.o" --specs=nano.specs -mfpu=fpv4-sp-d16 -mfloat-abi=hard -mthumb -o "Core/Src/ad9959.o"
../Core/Src/ad9959.c: In function 'Init_AD9959':
../Core/Src/ad9959.c:29:23: warning: unused variable 'GPIO_InitStructure' [-Wunused-variable]
   29 |     GPIO_InitTypeDef  GPIO_InitStructure;
      |                       ^~~~~~~~~~~~~~~~~~
../Core/Src/ad9959.c: In function 'ReadData_9959':
../Core/Src/ad9959.c:176:41: warning: right-hand operand of comma expression has no effect [-Wunused-value]
  176 |     GPIO_InitStructure.Pin =  GPIO_PIN_6,AD9959_SCLK_Pin;
      |                                         ^
../Core/Src/ad9959.c:213:16: warning: implicit declaration of function 'GPIO_ReadInputDataBit' [-Wimplicit-function-declaration]
  213 |             if(GPIO_ReadInputDataBit(GPIOA, GPIO_PIN_15))
      |                ^~~~~~~~~~~~~~~~~~~~~
arm-none-eabi-gcc -o "diansai_19_C.elf" @"objects.list"   -mcpu=cortex-m4 -T"G:\CubeProject\diansai_19_C\STM32F407ZGTX_FLASH.ld" --specs=nosys.specs -Wl,-Map="diansai_19_C.map" -Wl,--gc-sections -static --specs=nano.specs -mfpu=fpv4-sp-d16 -mfloat-abi=hard -mthumb -u _printf_float -Wl,--start-group -lc -lm -Wl,--end-group
Finished building target: diansai_19_C.elf
 
arm-none-eabi-objdump -h -S  diansai_19_C.elf  > "diansai_19_C.list"
arm-none-eabi-objcopy  -O binary  diansai_19_C.elf  "diansai_19_C.bin"
arm-none-eabi-size   diansai_19_C.elf 
   text	   data	    bss	    dec	    hex	filename
 126248	    548	  10460	 137256	  21828	diansai_19_C.elf
Finished building: default.size.stdout
 
Finished building: diansai_19_C.bin
 
Finished building: diansai_19_C.list
 
17:35:07 **** Incremental Build of configuration Debug for project diansai_19_C ****
make -j12 all 
arm-none-eabi-gcc "../Drivers/STM32F4xx_HAL_Driver/Src/stm32f4xx_hal.c" -mcpu=cortex-m4 -std=gnu11 -g3 -DDEBUG '-D__FPU_PRESENT = 1U' -D__TARGET_FPU_VFP -DARM_MATH_CM4 -DUSE_HAL_DRIVER -DSTM32F407xx -c -I../Core/Inc -I../Drivers/DSP/Inc -I../Drivers/STM32F4xx_HAL_Driver/Inc -I../Drivers/STM32F4xx_HAL_Driver/Inc/Legacy -I../Drivers/CMSIS/Device/ST/STM32F4xx/Include -I../Drivers/CMSIS/Include -O0 -ffunction-sections -fdata-sections -Wall -fstack-usage -MMD -MP -MF"Drivers/STM32F4xx_HAL_Driver/Src/stm32f4xx_hal.d" -MT"Drivers/STM32F4xx_HAL_Driver/Src/stm32f4xx_hal.o" --specs=nano.specs -mfpu=fpv4-sp-d16 -mfloat-abi=hard -mthumb -o "Drivers/STM32F4xx_HAL_Driver/Src/stm32f4xx_hal.o"
arm-none-eabi-gcc "../Drivers/STM32F4xx_HAL_Driver/Src/stm32f4xx_hal_cortex.c" -mcpu=cortex-m4 -std=gnu11 -g3 -DDEBUG '-D__FPU_PRESENT = 1U' -D__TARGET_FPU_VFP -DARM_MATH_CM4 -DUSE_HAL_DRIVER -DSTM32F407xx -c -I../Core/Inc -I../Drivers/DSP/Inc -I../Drivers/STM32F4xx_HAL_Driver/Inc -I../Drivers/STM32F4xx_HAL_Driver/Inc/Legacy -I../Drivers/CMSIS/Device/ST/STM32F4xx/Include -I../Drivers/CMSIS/Include -O0 -ffunction-sections -fdata-sections -Wall -fstack-usage -MMD -MP -MF"Drivers/STM32F4xx_HAL_Driver/Src/stm32f4xx_hal_cortex.d" -MT"Drivers/STM32F4xx_HAL_Driver/Src/stm32f4xx_hal_cortex.o" --specs=nano.specs -mfpu=fpv4-sp-d16 -mfloat-abi=hard -mthumb -o "Drivers/STM32F4xx_HAL_Driver/Src/stm32f4xx_hal_cortex.o"
arm-none-eabi-gcc "../Drivers/STM32F4xx_HAL_Driver/Src/stm32f4xx_hal_dma.c" -mcpu=cortex-m4 -std=gnu11 -g3 -DDEBUG '-D__FPU_PRESENT = 1U' -D__TARGET_FPU_VFP -DARM_MATH_CM4 -DUSE_HAL_DRIVER -DSTM32F407xx -c -I../Core/Inc -I../Drivers/DSP/Inc -I../Drivers/STM32F4xx_HAL_Driver/Inc -I../Drivers/STM32F4xx_HAL_Driver/Inc/Legacy -I../Drivers/CMSIS/Device/ST/STM32F4xx/Include -I../Drivers/CMSIS/Include -O0 -ffunction-sections -fdata-sections -Wall -fstack-usage -MMD -MP -MF"Drivers/STM32F4xx_HAL_Driver/Src/stm32f4xx_hal_dma.d" -MT"Drivers/STM32F4xx_HAL_Driver/Src/stm32f4xx_hal_dma.o" --specs=nano.specs -mfpu=fpv4-sp-d16 -mfloat-abi=hard -mthumb -o "Drivers/STM32F4xx_HAL_Driver/Src/stm32f4xx_hal_dma.o"
arm-none-eabi-gcc "../Drivers/STM32F4xx_HAL_Driver/Src/stm32f4xx_hal_dma_ex.c" -mcpu=cortex-m4 -std=gnu11 -g3 -DDEBUG '-D__FPU_PRESENT = 1U' -D__TARGET_FPU_VFP -DARM_MATH_CM4 -DUSE_HAL_DRIVER -DSTM32F407xx -c -I../Core/Inc -I../Drivers/DSP/Inc -I../Drivers/STM32F4xx_HAL_Driver/Inc -I../Drivers/STM32F4xx_HAL_Driver/Inc/Legacy -I../Drivers/CMSIS/Device/ST/STM32F4xx/Include -I../Drivers/CMSIS/Include -O0 -ffunction-sections -fdata-sections -Wall -fstack-usage -MMD -MP -MF"Drivers/STM32F4xx_HAL_Driver/Src/stm32f4xx_hal_dma_ex.d" -MT"Drivers/STM32F4xx_HAL_Driver/Src/stm32f4xx_hal_dma_ex.o" --specs=nano.specs -mfpu=fpv4-sp-d16 -mfloat-abi=hard -mthumb -o "Drivers/STM32F4xx_HAL_Driver/Src/stm32f4xx_hal_dma_ex.o"
arm-none-eabi-gcc "../Drivers/STM32F4xx_HAL_Driver/Src/stm32f4xx_hal_exti.c" -mcpu=cortex-m4 -std=gnu11 -g3 -DDEBUG '-D__FPU_PRESENT = 1U' -D__TARGET_FPU_VFP -DARM_MATH_CM4 -DUSE_HAL_DRIVER -DSTM32F407xx -c -I../Core/Inc -I../Drivers/DSP/Inc -I../Drivers/STM32F4xx_HAL_Driver/Inc -I../Drivers/STM32F4xx_HAL_Driver/Inc/Legacy -I../Drivers/CMSIS/Device/ST/STM32F4xx/Include -I../Drivers/CMSIS/Include -O0 -ffunction-sections -fdata-sections -Wall -fstack-usage -MMD -MP -MF"Drivers/STM32F4xx_HAL_Driver/Src/stm32f4xx_hal_exti.d" -MT"Drivers/STM32F4xx_HAL_Driver/Src/stm32f4xx_hal_exti.o" --specs=nano.specs -mfpu=fpv4-sp-d16 -mfloat-abi=hard -mthumb -o "Drivers/STM32F4xx_HAL_Driver/Src/stm32f4xx_hal_exti.o"
arm-none-eabi-gcc "../Drivers/STM32F4xx_HAL_Driver/Src/stm32f4xx_hal_flash.c" -mcpu=cortex-m4 -std=gnu11 -g3 -DDEBUG '-D__FPU_PRESENT = 1U' -D__TARGET_FPU_VFP -DARM_MATH_CM4 -DUSE_HAL_DRIVER -DSTM32F407xx -c -I../Core/Inc -I../Drivers/DSP/Inc -I../Drivers/STM32F4xx_HAL_Driver/Inc -I../Drivers/STM32F4xx_HAL_Driver/Inc/Legacy -I../Drivers/CMSIS/Device/ST/STM32F4xx/Include -I../Drivers/CMSIS/Include -O0 -ffunction-sections -fdata-sections -Wall -fstack-usage -MMD -MP -MF"Drivers/STM32F4xx_HAL_Driver/Src/stm32f4xx_hal_flash.d" -MT"Drivers/STM32F4xx_HAL_Driver/Src/stm32f4xx_hal_flash.o" --specs=nano.specs -mfpu=fpv4-sp-d16 -mfloat-abi=hard -mthumb -o "Drivers/STM32F4xx_HAL_Driver/Src/stm32f4xx_hal_flash.o"
arm-none-eabi-gcc "../Drivers/STM32F4xx_HAL_Driver/Src/stm32f4xx_hal_flash_ex.c" -mcpu=cortex-m4 -std=gnu11 -g3 -DDEBUG '-D__FPU_PRESENT = 1U' -D__TARGET_FPU_VFP -DARM_MATH_CM4 -DUSE_HAL_DRIVER -DSTM32F407xx -c -I../Core/Inc -I../Drivers/DSP/Inc -I../Drivers/STM32F4xx_HAL_Driver/Inc -I../Drivers/STM32F4xx_HAL_Driver/Inc/Legacy -I../Drivers/CMSIS/Device/ST/STM32F4xx/Include -I../Drivers/CMSIS/Include -O0 -ffunction-sections -fdata-sections -Wall -fstack-usage -MMD -MP -MF"Drivers/STM32F4xx_HAL_Driver/Src/stm32f4xx_hal_flash_ex.d" -MT"Drivers/STM32F4xx_HAL_Driver/Src/stm32f4xx_hal_flash_ex.o" --specs=nano.specs -mfpu=fpv4-sp-d16 -mfloat-abi=hard -mthumb -o "Drivers/STM32F4xx_HAL_Driver/Src/stm32f4xx_hal_flash_ex.o"
arm-none-eabi-gcc "../Drivers/STM32F4xx_HAL_Driver/Src/stm32f4xx_hal_flash_ramfunc.c" -mcpu=cortex-m4 -std=gnu11 -g3 -DDEBUG '-D__FPU_PRESENT = 1U' -D__TARGET_FPU_VFP -DARM_MATH_CM4 -DUSE_HAL_DRIVER -DSTM32F407xx -c -I../Core/Inc -I../Drivers/DSP/Inc -I../Drivers/STM32F4xx_HAL_Driver/Inc -I../Drivers/STM32F4xx_HAL_Driver/Inc/Legacy -I../Drivers/CMSIS/Device/ST/STM32F4xx/Include -I../Drivers/CMSIS/Include -O0 -ffunction-sections -fdata-sections -Wall -fstack-usage -MMD -MP -MF"Drivers/STM32F4xx_HAL_Driver/Src/stm32f4xx_hal_flash_ramfunc.d" -MT"Drivers/STM32F4xx_HAL_Driver/Src/stm32f4xx_hal_flash_ramfunc.o" --specs=nano.specs -mfpu=fpv4-sp-d16 -mfloat-abi=hard -mthumb -o "Drivers/STM32F4xx_HAL_Driver/Src/stm32f4xx_hal_flash_ramfunc.o"
arm-none-eabi-gcc "../Drivers/STM32F4xx_HAL_Driver/Src/stm32f4xx_hal_gpio.c" -mcpu=cortex-m4 -std=gnu11 -g3 -DDEBUG '-D__FPU_PRESENT = 1U' -D__TARGET_FPU_VFP -DARM_MATH_CM4 -DUSE_HAL_DRIVER -DSTM32F407xx -c -I../Core/Inc -I../Drivers/DSP/Inc -I../Drivers/STM32F4xx_HAL_Driver/Inc -I../Drivers/STM32F4xx_HAL_Driver/Inc/Legacy -I../Drivers/CMSIS/Device/ST/STM32F4xx/Include -I../Drivers/CMSIS/Include -O0 -ffunction-sections -fdata-sections -Wall -fstack-usage -MMD -MP -MF"Drivers/STM32F4xx_HAL_Driver/Src/stm32f4xx_hal_gpio.d" -MT"Drivers/STM32F4xx_HAL_Driver/Src/stm32f4xx_hal_gpio.o" --specs=nano.specs -mfpu=fpv4-sp-d16 -mfloat-abi=hard -mthumb -o "Drivers/STM32F4xx_HAL_Driver/Src/stm32f4xx_hal_gpio.o"
arm-none-eabi-gcc "../Drivers/STM32F4xx_HAL_Driver/Src/stm32f4xx_hal_pwr.c" -mcpu=cortex-m4 -std=gnu11 -g3 -DDEBUG '-D__FPU_PRESENT = 1U' -D__TARGET_FPU_VFP -DARM_MATH_CM4 -DUSE_HAL_DRIVER -DSTM32F407xx -c -I../Core/Inc -I../Drivers/DSP/Inc -I../Drivers/STM32F4xx_HAL_Driver/Inc -I../Drivers/STM32F4xx_HAL_Driver/Inc/Legacy -I../Drivers/CMSIS/Device/ST/STM32F4xx/Include -I../Drivers/CMSIS/Include -O0 -ffunction-sections -fdata-sections -Wall -fstack-usage -MMD -MP -MF"Drivers/STM32F4xx_HAL_Driver/Src/stm32f4xx_hal_pwr.d" -MT"Drivers/STM32F4xx_HAL_Driver/Src/stm32f4xx_hal_pwr.o" --specs=nano.specs -mfpu=fpv4-sp-d16 -mfloat-abi=hard -mthumb -o "Drivers/STM32F4xx_HAL_Driver/Src/stm32f4xx_hal_pwr.o"
arm-none-eabi-gcc "../Drivers/STM32F4xx_HAL_Driver/Src/stm32f4xx_hal_pwr_ex.c" -mcpu=cortex-m4 -std=gnu11 -g3 -DDEBUG '-D__FPU_PRESENT = 1U' -D__TARGET_FPU_VFP -DARM_MATH_CM4 -DUSE_HAL_DRIVER -DSTM32F407xx -c -I../Core/Inc -I../Drivers/DSP/Inc -I../Drivers/STM32F4xx_HAL_Driver/Inc -I../Drivers/STM32F4xx_HAL_Driver/Inc/Legacy -I../Drivers/CMSIS/Device/ST/STM32F4xx/Include -I../Drivers/CMSIS/Include -O0 -ffunction-sections -fdata-sections -Wall -fstack-usage -MMD -MP -MF"Drivers/STM32F4xx_HAL_Driver/Src/stm32f4xx_hal_pwr_ex.d" -MT"Drivers/STM32F4xx_HAL_Driver/Src/stm32f4xx_hal_pwr_ex.o" --specs=nano.specs -mfpu=fpv4-sp-d16 -mfloat-abi=hard -mthumb -o "Drivers/STM32F4xx_HAL_Driver/Src/stm32f4xx_hal_pwr_ex.o"
arm-none-eabi-gcc "../Drivers/STM32F4xx_HAL_Driver/Src/stm32f4xx_hal_rcc.c" -mcpu=cortex-m4 -std=gnu11 -g3 -DDEBUG '-D__FPU_PRESENT = 1U' -D__TARGET_FPU_VFP -DARM_MATH_CM4 -DUSE_HAL_DRIVER -DSTM32F407xx -c -I../Core/Inc -I../Drivers/DSP/Inc -I../Drivers/STM32F4xx_HAL_Driver/Inc -I../Drivers/STM32F4xx_HAL_Driver/Inc/Legacy -I../Drivers/CMSIS/Device/ST/STM32F4xx/Include -I../Drivers/CMSIS/Include -O0 -ffunction-sections -fdata-sections -Wall -fstack-usage -MMD -MP -MF"Drivers/STM32F4xx_HAL_Driver/Src/stm32f4xx_hal_rcc.d" -MT"Drivers/STM32F4xx_HAL_Driver/Src/stm32f4xx_hal_rcc.o" --specs=nano.specs -mfpu=fpv4-sp-d16 -mfloat-abi=hard -mthumb -o "Drivers/STM32F4xx_HAL_Driver/Src/stm32f4xx_hal_rcc.o"
arm-none-eabi-gcc "../Drivers/STM32F4xx_HAL_Driver/Src/stm32f4xx_hal_rcc_ex.c" -mcpu=cortex-m4 -std=gnu11 -g3 -DDEBUG '-D__FPU_PRESENT = 1U' -D__TARGET_FPU_VFP -DARM_MATH_CM4 -DUSE_HAL_DRIVER -DSTM32F407xx -c -I../Core/Inc -I../Drivers/DSP/Inc -I../Drivers/STM32F4xx_HAL_Driver/Inc -I../Drivers/STM32F4xx_HAL_Driver/Inc/Legacy -I../Drivers/CMSIS/Device/ST/STM32F4xx/Include -I../Drivers/CMSIS/Include -O0 -ffunction-sections -fdata-sections -Wall -fstack-usage -MMD -MP -MF"Drivers/STM32F4xx_HAL_Driver/Src/stm32f4xx_hal_rcc_ex.d" -MT"Drivers/STM32F4xx_HAL_Driver/Src/stm32f4xx_hal_rcc_ex.o" --specs=nano.specs -mfpu=fpv4-sp-d16 -mfloat-abi=hard -mthumb -o "Drivers/STM32F4xx_HAL_Driver/Src/stm32f4xx_hal_rcc_ex.o"
arm-none-eabi-gcc "../Drivers/STM32F4xx_HAL_Driver/Src/stm32f4xx_hal_spi.c" -mcpu=cortex-m4 -std=gnu11 -g3 -DDEBUG '-D__FPU_PRESENT = 1U' -D__TARGET_FPU_VFP -DARM_MATH_CM4 -DUSE_HAL_DRIVER -DSTM32F407xx -c -I../Core/Inc -I../Drivers/DSP/Inc -I../Drivers/STM32F4xx_HAL_Driver/Inc -I../Drivers/STM32F4xx_HAL_Driver/Inc/Legacy -I../Drivers/CMSIS/Device/ST/STM32F4xx/Include -I../Drivers/CMSIS/Include -O0 -ffunction-sections -fdata-sections -Wall -fstack-usage -MMD -MP -MF"Drivers/STM32F4xx_HAL_Driver/Src/stm32f4xx_hal_spi.d" -MT"Drivers/STM32F4xx_HAL_Driver/Src/stm32f4xx_hal_spi.o" --specs=nano.specs -mfpu=fpv4-sp-d16 -mfloat-abi=hard -mthumb -o "Drivers/STM32F4xx_HAL_Driver/Src/stm32f4xx_hal_spi.o"
arm-none-eabi-gcc "../Drivers/STM32F4xx_HAL_Driver/Src/stm32f4xx_hal_tim.c" -mcpu=cortex-m4 -std=gnu11 -g3 -DDEBUG '-D__FPU_PRESENT = 1U' -D__TARGET_FPU_VFP -DARM_MATH_CM4 -DUSE_HAL_DRIVER -DSTM32F407xx -c -I../Core/Inc -I../Drivers/DSP/Inc -I../Drivers/STM32F4xx_HAL_Driver/Inc -I../Drivers/STM32F4xx_HAL_Driver/Inc/Legacy -I../Drivers/CMSIS/Device/ST/STM32F4xx/Include -I../Drivers/CMSIS/Include -O0 -ffunction-sections -fdata-sections -Wall -fstack-usage -MMD -MP -MF"Drivers/STM32F4xx_HAL_Driver/Src/stm32f4xx_hal_tim.d" -MT"Drivers/STM32F4xx_HAL_Driver/Src/stm32f4xx_hal_tim.o" --specs=nano.specs -mfpu=fpv4-sp-d16 -mfloat-abi=hard -mthumb -o "Drivers/STM32F4xx_HAL_Driver/Src/stm32f4xx_hal_tim.o"
arm-none-eabi-gcc "../Drivers/STM32F4xx_HAL_Driver/Src/stm32f4xx_hal_tim_ex.c" -mcpu=cortex-m4 -std=gnu11 -g3 -DDEBUG '-D__FPU_PRESENT = 1U' -D__TARGET_FPU_VFP -DARM_MATH_CM4 -DUSE_HAL_DRIVER -DSTM32F407xx -c -I../Core/Inc -I../Drivers/DSP/Inc -I../Drivers/STM32F4xx_HAL_Driver/Inc -I../Drivers/STM32F4xx_HAL_Driver/Inc/Legacy -I../Drivers/CMSIS/Device/ST/STM32F4xx/Include -I../Drivers/CMSIS/Include -O0 -ffunction-sections -fdata-sections -Wall -fstack-usage -MMD -MP -MF"Drivers/STM32F4xx_HAL_Driver/Src/stm32f4xx_hal_tim_ex.d" -MT"Drivers/STM32F4xx_HAL_Driver/Src/stm32f4xx_hal_tim_ex.o" --specs=nano.specs -mfpu=fpv4-sp-d16 -mfloat-abi=hard -mthumb -o "Drivers/STM32F4xx_HAL_Driver/Src/stm32f4xx_hal_tim_ex.o"
arm-none-eabi-gcc "../Drivers/STM32F4xx_HAL_Driver/Src/stm32f4xx_hal_uart.c" -mcpu=cortex-m4 -std=gnu11 -g3 -DDEBUG '-D__FPU_PRESENT = 1U' -D__TARGET_FPU_VFP -DARM_MATH_CM4 -DUSE_HAL_DRIVER -DSTM32F407xx -c -I../Core/Inc -I../Drivers/DSP/Inc -I../Drivers/STM32F4xx_HAL_Driver/Inc -I../Drivers/STM32F4xx_HAL_Driver/Inc/Legacy -I../Drivers/CMSIS/Device/ST/STM32F4xx/Include -I../Drivers/CMSIS/Include -O0 -ffunction-sections -fdata-sections -Wall -fstack-usage -MMD -MP -MF"Drivers/STM32F4xx_HAL_Driver/Src/stm32f4xx_hal_uart.d" -MT"Drivers/STM32F4xx_HAL_Driver/Src/stm32f4xx_hal_uart.o" --specs=nano.specs -mfpu=fpv4-sp-d16 -mfloat-abi=hard -mthumb -o "Drivers/STM32F4xx_HAL_Driver/Src/stm32f4xx_hal_uart.o"
arm-none-eabi-gcc "../Core/Src/ADS8688.c" -mcpu=cortex-m4 -std=gnu11 -g3 -DDEBUG '-D__FPU_PRESENT = 1U' -D__TARGET_FPU_VFP -DARM_MATH_CM4 -DUSE_HAL_DRIVER -DSTM32F407xx -c -I../Core/Inc -I../Drivers/DSP/Inc -I../Drivers/STM32F4xx_HAL_Driver/Inc -I../Drivers/STM32F4xx_HAL_Driver/Inc/Legacy -I../Drivers/CMSIS/Device/ST/STM32F4xx/Include -I../Drivers/CMSIS/Include -O0 -ffunction-sections -fdata-sections -Wall -fstack-usage -MMD -MP -MF"Core/Src/ADS8688.d" -MT"Core/Src/ADS8688.o" --specs=nano.specs -mfpu=fpv4-sp-d16 -mfloat-abi=hard -mthumb -o "Core/Src/ADS8688.o"
arm-none-eabi-gcc "../Core/Src/ad9959.c" -mcpu=cortex-m4 -std=gnu11 -g3 -DDEBUG '-D__FPU_PRESENT = 1U' -D__TARGET_FPU_VFP -DARM_MATH_CM4 -DUSE_HAL_DRIVER -DSTM32F407xx -c -I../Core/Inc -I../Drivers/DSP/Inc -I../Drivers/STM32F4xx_HAL_Driver/Inc -I../Drivers/STM32F4xx_HAL_Driver/Inc/Legacy -I../Drivers/CMSIS/Device/ST/STM32F4xx/Include -I../Drivers/CMSIS/Include -O0 -ffunction-sections -fdata-sections -Wall -fstack-usage -MMD -MP -MF"Core/Src/ad9959.d" -MT"Core/Src/ad9959.o" --specs=nano.specs -mfpu=fpv4-sp-d16 -mfloat-abi=hard -mthumb -o "Core/Src/ad9959.o"
arm-none-eabi-gcc "../Core/Src/main.c" -mcpu=cortex-m4 -std=gnu11 -g3 -DDEBUG '-D__FPU_PRESENT = 1U' -D__TARGET_FPU_VFP -DARM_MATH_CM4 -DUSE_HAL_DRIVER -DSTM32F407xx -c -I../Core/Inc -I../Drivers/DSP/Inc -I../Drivers/STM32F4xx_HAL_Driver/Inc -I../Drivers/STM32F4xx_HAL_Driver/Inc/Legacy -I../Drivers/CMSIS/Device/ST/STM32F4xx/Include -I../Drivers/CMSIS/Include -O0 -ffunction-sections -fdata-sections -Wall -fstack-usage -MMD -MP -MF"Core/Src/main.d" -MT"Core/Src/main.o" --specs=nano.specs -mfpu=fpv4-sp-d16 -mfloat-abi=hard -mthumb -o "Core/Src/main.o"
arm-none-eabi-gcc "../Core/Src/outputdata.c" -mcpu=cortex-m4 -std=gnu11 -g3 -DDEBUG '-D__FPU_PRESENT = 1U' -D__TARGET_FPU_VFP -DARM_MATH_CM4 -DUSE_HAL_DRIVER -DSTM32F407xx -c -I../Core/Inc -I../Drivers/DSP/Inc -I../Drivers/STM32F4xx_HAL_Driver/Inc -I../Drivers/STM32F4xx_HAL_Driver/Inc/Legacy -I../Drivers/CMSIS/Device/ST/STM32F4xx/Include -I../Drivers/CMSIS/Include -O0 -ffunction-sections -fdata-sections -Wall -fstack-usage -MMD -MP -MF"Core/Src/outputdata.d" -MT"Core/Src/outputdata.o" --specs=nano.specs -mfpu=fpv4-sp-d16 -mfloat-abi=hard -mthumb -o "Core/Src/outputdata.o"
arm-none-eabi-gcc "../Core/Src/stm32f4xx_hal_msp.c" -mcpu=cortex-m4 -std=gnu11 -g3 -DDEBUG '-D__FPU_PRESENT = 1U' -D__TARGET_FPU_VFP -DARM_MATH_CM4 -DUSE_HAL_DRIVER -DSTM32F407xx -c -I../Core/Inc -I../Drivers/DSP/Inc -I../Drivers/STM32F4xx_HAL_Driver/Inc -I../Drivers/STM32F4xx_HAL_Driver/Inc/Legacy -I../Drivers/CMSIS/Device/ST/STM32F4xx/Include -I../Drivers/CMSIS/Include -O0 -ffunction-sections -fdata-sections -Wall -fstack-usage -MMD -MP -MF"Core/Src/stm32f4xx_hal_msp.d" -MT"Core/Src/stm32f4xx_hal_msp.o" --specs=nano.specs -mfpu=fpv4-sp-d16 -mfloat-abi=hard -mthumb -o "Core/Src/stm32f4xx_hal_msp.o"
arm-none-eabi-gcc "../Core/Src/stm32f4xx_it.c" -mcpu=cortex-m4 -std=gnu11 -g3 -DDEBUG '-D__FPU_PRESENT = 1U' -D__TARGET_FPU_VFP -DARM_MATH_CM4 -DUSE_HAL_DRIVER -DSTM32F407xx -c -I../Core/Inc -I../Drivers/DSP/Inc -I../Drivers/STM32F4xx_HAL_Driver/Inc -I../Drivers/STM32F4xx_HAL_Driver/Inc/Legacy -I../Drivers/CMSIS/Device/ST/STM32F4xx/Include -I../Drivers/CMSIS/Include -O0 -ffunction-sections -fdata-sections -Wall -fstack-usage -MMD -MP -MF"Core/Src/stm32f4xx_it.d" -MT"Core/Src/stm32f4xx_it.o" --specs=nano.specs -mfpu=fpv4-sp-d16 -mfloat-abi=hard -mthumb -o "Core/Src/stm32f4xx_it.o"
arm-none-eabi-gcc "../Core/Src/system_stm32f4xx.c" -mcpu=cortex-m4 -std=gnu11 -g3 -DDEBUG '-D__FPU_PRESENT = 1U' -D__TARGET_FPU_VFP -DARM_MATH_CM4 -DUSE_HAL_DRIVER -DSTM32F407xx -c -I../Core/Inc -I../Drivers/DSP/Inc -I../Drivers/STM32F4xx_HAL_Driver/Inc -I../Drivers/STM32F4xx_HAL_Driver/Inc/Legacy -I../Drivers/CMSIS/Device/ST/STM32F4xx/Include -I../Drivers/CMSIS/Include -O0 -ffunction-sections -fdata-sections -Wall -fstack-usage -MMD -MP -MF"Core/Src/system_stm32f4xx.d" -MT"Core/Src/system_stm32f4xx.o" --specs=nano.specs -mfpu=fpv4-sp-d16 -mfloat-abi=hard -mthumb -o "Core/Src/system_stm32f4xx.o"
../Core/Src/ad9959.c: In function 'Init_AD9959':
../Core/Src/ad9959.c:29:23: warning: unused variable 'GPIO_InitStructure' [-Wunused-variable]
   29 |     GPIO_InitTypeDef  GPIO_InitStructure;
      |                       ^~~~~~~~~~~~~~~~~~
../Core/Src/ad9959.c: In function 'ReadData_9959':
../Core/Src/ad9959.c:176:41: warning: right-hand operand of comma expression has no effect [-Wunused-value]
  176 |     GPIO_InitStructure.Pin =  GPIO_PIN_6,AD9959_SCLK_Pin;
      |                                         ^
../Core/Src/ad9959.c:213:16: warning: implicit declaration of function 'GPIO_ReadInputDataBit' [-Wimplicit-function-declaration]
  213 |             if(GPIO_ReadInputDataBit(GPIOA, GPIO_PIN_15))
      |                ^~~~~~~~~~~~~~~~~~~~~
../Core/Src/main.c: In function 'main':
../Core/Src/main.c:108:3: warning: implicit declaration of function 'Init_AD9959' [-Wimplicit-function-declaration]
  108 |   Init_AD9959();
      |   ^~~~~~~~~~~
../Core/Src/stm32f4xx_it.c: In function 'TIM1_UP_TIM10_IRQHandler':
../Core/Src/stm32f4xx_it.c:214:3: warning: implicit declaration of function 'resTim1' [-Wimplicit-function-declaration]
  214 |   resTim1();
      |   ^~~~~~~
../Core/Src/stm32f4xx_it.c: In function 'TIM3_IRQHandler':
../Core/Src/stm32f4xx_it.c:228:3: warning: implicit declaration of function 'resTim3' [-Wimplicit-function-declaration]
  228 |   resTim3();
      |   ^~~~~~~
../Core/Src/stm32f4xx_it.c: In function 'USART6_IRQHandler':
../Core/Src/stm32f4xx_it.c:244:4: warning: implicit declaration of function 'resUart6' [-Wimplicit-function-declaration]
  244 |    resUart6();
      |    ^~~~~~~~
arm-none-eabi-gcc "../Core/Src/tft.c" -mcpu=cortex-m4 -std=gnu11 -g3 -DDEBUG '-D__FPU_PRESENT = 1U' -D__TARGET_FPU_VFP -DARM_MATH_CM4 -DUSE_HAL_DRIVER -DSTM32F407xx -c -I../Core/Inc -I../Drivers/DSP/Inc -I../Drivers/STM32F4xx_HAL_Driver/Inc -I../Drivers/STM32F4xx_HAL_Driver/Inc/Legacy -I../Drivers/CMSIS/Device/ST/STM32F4xx/Include -I../Drivers/CMSIS/Include -O0 -ffunction-sections -fdata-sections -Wall -fstack-usage -MMD -MP -MF"Core/Src/tft.d" -MT"Core/Src/tft.o" --specs=nano.specs -mfpu=fpv4-sp-d16 -mfloat-abi=hard -mthumb -o "Core/Src/tft.o"
arm-none-eabi-gcc "../Core/Src/workman.c" -mcpu=cortex-m4 -std=gnu11 -g3 -DDEBUG '-D__FPU_PRESENT = 1U' -D__TARGET_FPU_VFP -DARM_MATH_CM4 -DUSE_HAL_DRIVER -DSTM32F407xx -c -I../Core/Inc -I../Drivers/DSP/Inc -I../Drivers/STM32F4xx_HAL_Driver/Inc -I../Drivers/STM32F4xx_HAL_Driver/Inc/Legacy -I../Drivers/CMSIS/Device/ST/STM32F4xx/Include -I../Drivers/CMSIS/Include -O0 -ffunction-sections -fdata-sections -Wall -fstack-usage -MMD -MP -MF"Core/Src/workman.d" -MT"Core/Src/workman.o" --specs=nano.specs -mfpu=fpv4-sp-d16 -mfloat-abi=hard -mthumb -o "Core/Src/workman.o"
../Core/Src/tft.c: In function 'tft_text_int':
../Core/Src/tft.c:37:10: warning: pointer targets in passing argument 1 of 'sprintf' differ in signedness [-Wpointer-sign]
   37 |  sprintf(body,"%d",num);
      |          ^~~~
      |          |
      |          uint8_t * {aka unsigned char *}
In file included from ../Core/Inc/tft.h:4,
                 from ../Core/Src/tft.c:1:
g:\cubeide\stm32cubeide_1.6.1\stm32cubeide\plugins\com.st.stm32cube.ide.mcu.externaltools.gnu-tools-for-stm32.9-2020-q2-update.win32_1.5.0.202011040924\tools\arm-none-eabi\include\stdio.h:244:14: note: expected 'char * restrict' but argument is of type 'uint8_t *' {aka 'unsigned char *'}
  244 | int sprintf (char *__restrict, const char *__restrict, ...)
      |              ^
../Core/Src/tft.c: In function 'tft_text_float':
../Core/Src/tft.c:55:10: warning: pointer targets in passing argument 1 of 'sprintf' differ in signedness [-Wpointer-sign]
   55 |  sprintf(body,"%.6f",num);
      |          ^~~~
      |          |
      |          uint8_t * {aka unsigned char *}
In file included from ../Core/Inc/tft.h:4,
                 from ../Core/Src/tft.c:1:
g:\cubeide\stm32cubeide_1.6.1\stm32cubeide\plugins\com.st.stm32cube.ide.mcu.externaltools.gnu-tools-for-stm32.9-2020-q2-update.win32_1.5.0.202011040924\tools\arm-none-eabi\include\stdio.h:244:14: note: expected 'char * restrict' but argument is of type 'uint8_t *' {aka 'unsigned char *'}
  244 | int sprintf (char *__restrict, const char *__restrict, ...)
      |              ^
../Core/Src/workman.c: In function 'DosomethingTim1':
../Core/Src/workman.c:103:15: warning: passing argument 1 of 'arm_copy_f32' from incompatible pointer type [-Wincompatible-pointer-types]
  103 |  arm_copy_f32(&dataCh1, &bufCh1, 1024);
      |               ^~~~~~~~
      |               |
      |               float (*)[1024]
In file included from ../Core/Inc/main.h:37,
                 from ../Core/Inc/workman.h:4,
                 from ../Core/Src/workman.c:1:
../Drivers/DSP/Inc/arm_math.h:2801:15: note: expected 'float32_t *' {aka 'float *'} but argument is of type 'float (*)[1024]'
 2801 |   float32_t * pSrc,
      |   ~~~~~~~~~~~~^~~~
../Core/Src/workman.c:103:25: warning: passing argument 2 of 'arm_copy_f32' from incompatible pointer type [-Wincompatible-pointer-types]
  103 |  arm_copy_f32(&dataCh1, &bufCh1, 1024);
      |                         ^~~~~~~
      |                         |
      |                         float (*)[1024]
In file included from ../Core/Inc/main.h:37,
                 from ../Core/Inc/workman.h:4,
                 from ../Core/Src/workman.c:1:
../Drivers/DSP/Inc/arm_math.h:2802:15: note: expected 'float32_t *' {aka 'float *'} but argument is of type 'float (*)[1024]'
 2802 |   float32_t * pDst,
      |   ~~~~~~~~~~~~^~~~
../Core/Src/workman.c:104:15: warning: passing argument 1 of 'arm_copy_f32' from incompatible pointer type [-Wincompatible-pointer-types]
  104 |  arm_copy_f32(&dataCh2, &bufCh2, 1024);
      |               ^~~~~~~~
      |               |
      |               float (*)[1024]
In file included from ../Core/Inc/main.h:37,
                 from ../Core/Inc/workman.h:4,
                 from ../Core/Src/workman.c:1:
../Drivers/DSP/Inc/arm_math.h:2801:15: note: expected 'float32_t *' {aka 'float *'} but argument is of type 'float (*)[1024]'
 2801 |   float32_t * pSrc,
      |   ~~~~~~~~~~~~^~~~
../Core/Src/workman.c:104:25: warning: passing argument 2 of 'arm_copy_f32' from incompatible pointer type [-Wincompatible-pointer-types]
  104 |  arm_copy_f32(&dataCh2, &bufCh2, 1024);
      |                         ^~~~~~~
      |                         |
      |                         float (*)[1024]
In file included from ../Core/Inc/main.h:37,
                 from ../Core/Inc/workman.h:4,
                 from ../Core/Src/workman.c:1:
../Drivers/DSP/Inc/arm_math.h:2802:15: note: expected 'float32_t *' {aka 'float *'} but argument is of type 'float (*)[1024]'
 2802 |   float32_t * pDst,
      |   ~~~~~~~~~~~~^~~~
../Core/Src/workman.c:98:22: warning: variable 'differ' set but not used [-Wunused-but-set-variable]
   98 |  float phase1,phase2,differ;
      |                      ^~~~~~
../Core/Src/workman.c:98:15: warning: variable 'phase2' set but not used [-Wunused-but-set-variable]
   98 |  float phase1,phase2,differ;
      |               ^~~~~~
../Core/Src/workman.c:98:8: warning: variable 'phase1' set but not used [-Wunused-but-set-variable]
   98 |  float phase1,phase2,differ;
      |        ^~~~~~
../Core/Src/workman.c: In function 'resUart6':
../Core/Src/workman.c:133:3: warning: implicit declaration of function 'Write_frequence' [-Wimplicit-function-declaration]
  133 |   Write_frequence(0, 100);
      |   ^~~~~~~~~~~~~~~
../Core/Src/workman.c: In function 'resTim3':
../Core/Src/workman.c:157:13: error: 'count3' undeclared (first use in this function); did you mean 'count1'?
  157 |  onedataCh1[count3] = ads_data[0];
      |             ^~~~~~
      |             count1
../Core/Src/workman.c:157:13: note: each undeclared identifier is reported only once for each function it appears in
../Core/Src/workman.c: In function 'DosomethingTim3':
../Core/Src/workman.c:178:34: error: 'count3' undeclared (first use in this function); did you mean 'count1'?
  178 |  tft_text_float(0, 3, onedataCh1[count3]);
      |                                  ^~~~~~
      |                                  count1
make: *** [Core/Src/subdir.mk:69: Core/Src/workman.o] Error 1
make: *** Waiting for unfinished jobs....
"make -j12 all" terminated with exit code 2. Build might be incomplete.
17:36:40 **** Incremental Build of configuration Debug for project diansai_19_C ****
make -j12 all 
arm-none-eabi-gcc "../Core/Src/ad9959.c" -mcpu=cortex-m4 -std=gnu11 -g3 -DDEBUG '-D__FPU_PRESENT = 1U' -D__TARGET_FPU_VFP -DARM_MATH_CM4 -DUSE_HAL_DRIVER -DSTM32F407xx -c -I../Core/Inc -I../Drivers/DSP/Inc -I../Drivers/STM32F4xx_HAL_Driver/Inc -I../Drivers/STM32F4xx_HAL_Driver/Inc/Legacy -I../Drivers/CMSIS/Device/ST/STM32F4xx/Include -I../Drivers/CMSIS/Include -O0 -ffunction-sections -fdata-sections -Wall -fstack-usage -MMD -MP -MF"Core/Src/ad9959.d" -MT"Core/Src/ad9959.o" --specs=nano.specs -mfpu=fpv4-sp-d16 -mfloat-abi=hard -mthumb -o "Core/Src/ad9959.o"
arm-none-eabi-gcc "../Core/Src/main.c" -mcpu=cortex-m4 -std=gnu11 -g3 -DDEBUG '-D__FPU_PRESENT = 1U' -D__TARGET_FPU_VFP -DARM_MATH_CM4 -DUSE_HAL_DRIVER -DSTM32F407xx -c -I../Core/Inc -I../Drivers/DSP/Inc -I../Drivers/STM32F4xx_HAL_Driver/Inc -I../Drivers/STM32F4xx_HAL_Driver/Inc/Legacy -I../Drivers/CMSIS/Device/ST/STM32F4xx/Include -I../Drivers/CMSIS/Include -O0 -ffunction-sections -fdata-sections -Wall -fstack-usage -MMD -MP -MF"Core/Src/main.d" -MT"Core/Src/main.o" --specs=nano.specs -mfpu=fpv4-sp-d16 -mfloat-abi=hard -mthumb -o "Core/Src/main.o"
arm-none-eabi-gcc "../Core/Src/outputdata.c" -mcpu=cortex-m4 -std=gnu11 -g3 -DDEBUG '-D__FPU_PRESENT = 1U' -D__TARGET_FPU_VFP -DARM_MATH_CM4 -DUSE_HAL_DRIVER -DSTM32F407xx -c -I../Core/Inc -I../Drivers/DSP/Inc -I../Drivers/STM32F4xx_HAL_Driver/Inc -I../Drivers/STM32F4xx_HAL_Driver/Inc/Legacy -I../Drivers/CMSIS/Device/ST/STM32F4xx/Include -I../Drivers/CMSIS/Include -O0 -ffunction-sections -fdata-sections -Wall -fstack-usage -MMD -MP -MF"Core/Src/outputdata.d" -MT"Core/Src/outputdata.o" --specs=nano.specs -mfpu=fpv4-sp-d16 -mfloat-abi=hard -mthumb -o "Core/Src/outputdata.o"
arm-none-eabi-gcc "../Core/Src/stm32f4xx_hal_msp.c" -mcpu=cortex-m4 -std=gnu11 -g3 -DDEBUG '-D__FPU_PRESENT = 1U' -D__TARGET_FPU_VFP -DARM_MATH_CM4 -DUSE_HAL_DRIVER -DSTM32F407xx -c -I../Core/Inc -I../Drivers/DSP/Inc -I../Drivers/STM32F4xx_HAL_Driver/Inc -I../Drivers/STM32F4xx_HAL_Driver/Inc/Legacy -I../Drivers/CMSIS/Device/ST/STM32F4xx/Include -I../Drivers/CMSIS/Include -O0 -ffunction-sections -fdata-sections -Wall -fstack-usage -MMD -MP -MF"Core/Src/stm32f4xx_hal_msp.d" -MT"Core/Src/stm32f4xx_hal_msp.o" --specs=nano.specs -mfpu=fpv4-sp-d16 -mfloat-abi=hard -mthumb -o "Core/Src/stm32f4xx_hal_msp.o"
arm-none-eabi-gcc "../Core/Src/stm32f4xx_it.c" -mcpu=cortex-m4 -std=gnu11 -g3 -DDEBUG '-D__FPU_PRESENT = 1U' -D__TARGET_FPU_VFP -DARM_MATH_CM4 -DUSE_HAL_DRIVER -DSTM32F407xx -c -I../Core/Inc -I../Drivers/DSP/Inc -I../Drivers/STM32F4xx_HAL_Driver/Inc -I../Drivers/STM32F4xx_HAL_Driver/Inc/Legacy -I../Drivers/CMSIS/Device/ST/STM32F4xx/Include -I../Drivers/CMSIS/Include -O0 -ffunction-sections -fdata-sections -Wall -fstack-usage -MMD -MP -MF"Core/Src/stm32f4xx_it.d" -MT"Core/Src/stm32f4xx_it.o" --specs=nano.specs -mfpu=fpv4-sp-d16 -mfloat-abi=hard -mthumb -o "Core/Src/stm32f4xx_it.o"
arm-none-eabi-gcc "../Core/Src/tft.c" -mcpu=cortex-m4 -std=gnu11 -g3 -DDEBUG '-D__FPU_PRESENT = 1U' -D__TARGET_FPU_VFP -DARM_MATH_CM4 -DUSE_HAL_DRIVER -DSTM32F407xx -c -I../Core/Inc -I../Drivers/DSP/Inc -I../Drivers/STM32F4xx_HAL_Driver/Inc -I../Drivers/STM32F4xx_HAL_Driver/Inc/Legacy -I../Drivers/CMSIS/Device/ST/STM32F4xx/Include -I../Drivers/CMSIS/Include -O0 -ffunction-sections -fdata-sections -Wall -fstack-usage -MMD -MP -MF"Core/Src/tft.d" -MT"Core/Src/tft.o" --specs=nano.specs -mfpu=fpv4-sp-d16 -mfloat-abi=hard -mthumb -o "Core/Src/tft.o"
arm-none-eabi-gcc "../Core/Src/workman.c" -mcpu=cortex-m4 -std=gnu11 -g3 -DDEBUG '-D__FPU_PRESENT = 1U' -D__TARGET_FPU_VFP -DARM_MATH_CM4 -DUSE_HAL_DRIVER -DSTM32F407xx -c -I../Core/Inc -I../Drivers/DSP/Inc -I../Drivers/STM32F4xx_HAL_Driver/Inc -I../Drivers/STM32F4xx_HAL_Driver/Inc/Legacy -I../Drivers/CMSIS/Device/ST/STM32F4xx/Include -I../Drivers/CMSIS/Include -O0 -ffunction-sections -fdata-sections -Wall -fstack-usage -MMD -MP -MF"Core/Src/workman.d" -MT"Core/Src/workman.o" --specs=nano.specs -mfpu=fpv4-sp-d16 -mfloat-abi=hard -mthumb -o "Core/Src/workman.o"
../Core/Src/ad9959.c: In function 'Init_AD9959':
../Core/Src/ad9959.c:29:23: warning: unused variable 'GPIO_InitStructure' [-Wunused-variable]
   29 |     GPIO_InitTypeDef  GPIO_InitStructure;
      |                       ^~~~~~~~~~~~~~~~~~
../Core/Src/ad9959.c: In function 'ReadData_9959':
../Core/Src/ad9959.c:176:41: warning: right-hand operand of comma expression has no effect [-Wunused-value]
  176 |     GPIO_InitStructure.Pin =  GPIO_PIN_6,AD9959_SCLK_Pin;
      |                                         ^
../Core/Src/ad9959.c:213:16: warning: implicit declaration of function 'GPIO_ReadInputDataBit' [-Wimplicit-function-declaration]
  213 |             if(GPIO_ReadInputDataBit(GPIOA, GPIO_PIN_15))
      |                ^~~~~~~~~~~~~~~~~~~~~
../Core/Src/main.c: In function 'main':
../Core/Src/main.c:108:3: warning: implicit declaration of function 'Init_AD9959' [-Wimplicit-function-declaration]
  108 |   Init_AD9959();
      |   ^~~~~~~~~~~
../Core/Src/stm32f4xx_it.c: In function 'TIM1_UP_TIM10_IRQHandler':
../Core/Src/stm32f4xx_it.c:214:3: warning: implicit declaration of function 'resTim1' [-Wimplicit-function-declaration]
  214 |   resTim1();
      |   ^~~~~~~
../Core/Src/stm32f4xx_it.c: In function 'TIM3_IRQHandler':
../Core/Src/stm32f4xx_it.c:228:3: warning: implicit declaration of function 'resTim3' [-Wimplicit-function-declaration]
  228 |   resTim3();
      |   ^~~~~~~
../Core/Src/stm32f4xx_it.c: In function 'USART6_IRQHandler':
../Core/Src/stm32f4xx_it.c:244:4: warning: implicit declaration of function 'resUart6' [-Wimplicit-function-declaration]
  244 |    resUart6();
      |    ^~~~~~~~
../Core/Src/tft.c: In function 'tft_text_int':
../Core/Src/tft.c:37:10: warning: pointer targets in passing argument 1 of 'sprintf' differ in signedness [-Wpointer-sign]
   37 |  sprintf(body,"%d",num);
      |          ^~~~
      |          |
      |          uint8_t * {aka unsigned char *}
In file included from ../Core/Inc/tft.h:4,
                 from ../Core/Src/tft.c:1:
g:\cubeide\stm32cubeide_1.6.1\stm32cubeide\plugins\com.st.stm32cube.ide.mcu.externaltools.gnu-tools-for-stm32.9-2020-q2-update.win32_1.5.0.202011040924\tools\arm-none-eabi\include\stdio.h:244:14: note: expected 'char * restrict' but argument is of type 'uint8_t *' {aka 'unsigned char *'}
  244 | int sprintf (char *__restrict, const char *__restrict, ...)
      |              ^
../Core/Src/tft.c: In function 'tft_text_float':
../Core/Src/tft.c:55:10: warning: pointer targets in passing argument 1 of 'sprintf' differ in signedness [-Wpointer-sign]
   55 |  sprintf(body,"%.6f",num);
      |          ^~~~
      |          |
      |          uint8_t * {aka unsigned char *}
In file included from ../Core/Inc/tft.h:4,
                 from ../Core/Src/tft.c:1:
g:\cubeide\stm32cubeide_1.6.1\stm32cubeide\plugins\com.st.stm32cube.ide.mcu.externaltools.gnu-tools-for-stm32.9-2020-q2-update.win32_1.5.0.202011040924\tools\arm-none-eabi\include\stdio.h:244:14: note: expected 'char * restrict' but argument is of type 'uint8_t *' {aka 'unsigned char *'}
  244 | int sprintf (char *__restrict, const char *__restrict, ...)
      |              ^
../Core/Src/workman.c: In function 'DosomethingTim1':
../Core/Src/workman.c:103:15: warning: passing argument 1 of 'arm_copy_f32' from incompatible pointer type [-Wincompatible-pointer-types]
  103 |  arm_copy_f32(&dataCh1, &bufCh1, 1024);
      |               ^~~~~~~~
      |               |
      |               float (*)[1024]
In file included from ../Core/Inc/main.h:37,
                 from ../Core/Inc/workman.h:4,
                 from ../Core/Src/workman.c:1:
../Drivers/DSP/Inc/arm_math.h:2801:15: note: expected 'float32_t *' {aka 'float *'} but argument is of type 'float (*)[1024]'
 2801 |   float32_t * pSrc,
      |   ~~~~~~~~~~~~^~~~
../Core/Src/workman.c:103:25: warning: passing argument 2 of 'arm_copy_f32' from incompatible pointer type [-Wincompatible-pointer-types]
  103 |  arm_copy_f32(&dataCh1, &bufCh1, 1024);
      |                         ^~~~~~~
      |                         |
      |                         float (*)[1024]
In file included from ../Core/Inc/main.h:37,
                 from ../Core/Inc/workman.h:4,
                 from ../Core/Src/workman.c:1:
../Drivers/DSP/Inc/arm_math.h:2802:15: note: expected 'float32_t *' {aka 'float *'} but argument is of type 'float (*)[1024]'
 2802 |   float32_t * pDst,
      |   ~~~~~~~~~~~~^~~~
../Core/Src/workman.c:104:15: warning: passing argument 1 of 'arm_copy_f32' from incompatible pointer type [-Wincompatible-pointer-types]
  104 |  arm_copy_f32(&dataCh2, &bufCh2, 1024);
      |               ^~~~~~~~
      |               |
      |               float (*)[1024]
In file included from ../Core/Inc/main.h:37,
                 from ../Core/Inc/workman.h:4,
                 from ../Core/Src/workman.c:1:
../Drivers/DSP/Inc/arm_math.h:2801:15: note: expected 'float32_t *' {aka 'float *'} but argument is of type 'float (*)[1024]'
 2801 |   float32_t * pSrc,
      |   ~~~~~~~~~~~~^~~~
../Core/Src/workman.c:104:25: warning: passing argument 2 of 'arm_copy_f32' from incompatible pointer type [-Wincompatible-pointer-types]
  104 |  arm_copy_f32(&dataCh2, &bufCh2, 1024);
      |                         ^~~~~~~
      |                         |
      |                         float (*)[1024]
In file included from ../Core/Inc/main.h:37,
                 from ../Core/Inc/workman.h:4,
                 from ../Core/Src/workman.c:1:
../Drivers/DSP/Inc/arm_math.h:2802:15: note: expected 'float32_t *' {aka 'float *'} but argument is of type 'float (*)[1024]'
 2802 |   float32_t * pDst,
      |   ~~~~~~~~~~~~^~~~
../Core/Src/workman.c:98:22: warning: variable 'differ' set but not used [-Wunused-but-set-variable]
   98 |  float phase1,phase2,differ;
      |                      ^~~~~~
../Core/Src/workman.c:98:15: warning: variable 'phase2' set but not used [-Wunused-but-set-variable]
   98 |  float phase1,phase2,differ;
      |               ^~~~~~
../Core/Src/workman.c:98:8: warning: variable 'phase1' set but not used [-Wunused-but-set-variable]
   98 |  float phase1,phase2,differ;
      |        ^~~~~~
../Core/Src/workman.c: In function 'resUart6':
../Core/Src/workman.c:133:3: warning: implicit declaration of function 'Write_frequence' [-Wimplicit-function-declaration]
  133 |   Write_frequence(0, 100);
      |   ^~~~~~~~~~~~~~~
../Core/Src/workman.c: In function 'resTim3':
../Core/Src/workman.c:166:25: error: 'htim3' undeclared (first use in this function); did you mean 'htim1'?
  166 |   HAL_TIM_Base_Stop_IT(&htim3);
      |                         ^~~~~
      |                         htim1
../Core/Src/workman.c:166:25: note: each undeclared identifier is reported only once for each function it appears in
../Core/Src/workman.c: In function 'DosomethingTim3':
../Core/Src/workman.c:181:25: error: 'htim3' undeclared (first use in this function); did you mean 'htim1'?
  181 |  HAL_TIM_Base_Start_IT(&htim3);
      |                         ^~~~~
      |                         htim1
make: *** [Core/Src/subdir.mk:69: Core/Src/workman.o] Error 1
make: *** Waiting for unfinished jobs....
"make -j12 all" terminated with exit code 2. Build might be incomplete.
17:37:18 **** Incremental Build of configuration Debug for project diansai_19_C ****
make -j12 all 
arm-none-eabi-gcc "../Core/Src/ad9959.c" -mcpu=cortex-m4 -std=gnu11 -g3 -DDEBUG '-D__FPU_PRESENT = 1U' -D__TARGET_FPU_VFP -DARM_MATH_CM4 -DUSE_HAL_DRIVER -DSTM32F407xx -c -I../Core/Inc -I../Drivers/DSP/Inc -I../Drivers/STM32F4xx_HAL_Driver/Inc -I../Drivers/STM32F4xx_HAL_Driver/Inc/Legacy -I../Drivers/CMSIS/Device/ST/STM32F4xx/Include -I../Drivers/CMSIS/Include -O0 -ffunction-sections -fdata-sections -Wall -fstack-usage -MMD -MP -MF"Core/Src/ad9959.d" -MT"Core/Src/ad9959.o" --specs=nano.specs -mfpu=fpv4-sp-d16 -mfloat-abi=hard -mthumb -o "Core/Src/ad9959.o"
arm-none-eabi-gcc "../Core/Src/main.c" -mcpu=cortex-m4 -std=gnu11 -g3 -DDEBUG '-D__FPU_PRESENT = 1U' -D__TARGET_FPU_VFP -DARM_MATH_CM4 -DUSE_HAL_DRIVER -DSTM32F407xx -c -I../Core/Inc -I../Drivers/DSP/Inc -I../Drivers/STM32F4xx_HAL_Driver/Inc -I../Drivers/STM32F4xx_HAL_Driver/Inc/Legacy -I../Drivers/CMSIS/Device/ST/STM32F4xx/Include -I../Drivers/CMSIS/Include -O0 -ffunction-sections -fdata-sections -Wall -fstack-usage -MMD -MP -MF"Core/Src/main.d" -MT"Core/Src/main.o" --specs=nano.specs -mfpu=fpv4-sp-d16 -mfloat-abi=hard -mthumb -o "Core/Src/main.o"
arm-none-eabi-gcc "../Core/Src/outputdata.c" -mcpu=cortex-m4 -std=gnu11 -g3 -DDEBUG '-D__FPU_PRESENT = 1U' -D__TARGET_FPU_VFP -DARM_MATH_CM4 -DUSE_HAL_DRIVER -DSTM32F407xx -c -I../Core/Inc -I../Drivers/DSP/Inc -I../Drivers/STM32F4xx_HAL_Driver/Inc -I../Drivers/STM32F4xx_HAL_Driver/Inc/Legacy -I../Drivers/CMSIS/Device/ST/STM32F4xx/Include -I../Drivers/CMSIS/Include -O0 -ffunction-sections -fdata-sections -Wall -fstack-usage -MMD -MP -MF"Core/Src/outputdata.d" -MT"Core/Src/outputdata.o" --specs=nano.specs -mfpu=fpv4-sp-d16 -mfloat-abi=hard -mthumb -o "Core/Src/outputdata.o"
arm-none-eabi-gcc "../Core/Src/stm32f4xx_hal_msp.c" -mcpu=cortex-m4 -std=gnu11 -g3 -DDEBUG '-D__FPU_PRESENT = 1U' -D__TARGET_FPU_VFP -DARM_MATH_CM4 -DUSE_HAL_DRIVER -DSTM32F407xx -c -I../Core/Inc -I../Drivers/DSP/Inc -I../Drivers/STM32F4xx_HAL_Driver/Inc -I../Drivers/STM32F4xx_HAL_Driver/Inc/Legacy -I../Drivers/CMSIS/Device/ST/STM32F4xx/Include -I../Drivers/CMSIS/Include -O0 -ffunction-sections -fdata-sections -Wall -fstack-usage -MMD -MP -MF"Core/Src/stm32f4xx_hal_msp.d" -MT"Core/Src/stm32f4xx_hal_msp.o" --specs=nano.specs -mfpu=fpv4-sp-d16 -mfloat-abi=hard -mthumb -o "Core/Src/stm32f4xx_hal_msp.o"
arm-none-eabi-gcc "../Core/Src/stm32f4xx_it.c" -mcpu=cortex-m4 -std=gnu11 -g3 -DDEBUG '-D__FPU_PRESENT = 1U' -D__TARGET_FPU_VFP -DARM_MATH_CM4 -DUSE_HAL_DRIVER -DSTM32F407xx -c -I../Core/Inc -I../Drivers/DSP/Inc -I../Drivers/STM32F4xx_HAL_Driver/Inc -I../Drivers/STM32F4xx_HAL_Driver/Inc/Legacy -I../Drivers/CMSIS/Device/ST/STM32F4xx/Include -I../Drivers/CMSIS/Include -O0 -ffunction-sections -fdata-sections -Wall -fstack-usage -MMD -MP -MF"Core/Src/stm32f4xx_it.d" -MT"Core/Src/stm32f4xx_it.o" --specs=nano.specs -mfpu=fpv4-sp-d16 -mfloat-abi=hard -mthumb -o "Core/Src/stm32f4xx_it.o"
arm-none-eabi-gcc "../Core/Src/tft.c" -mcpu=cortex-m4 -std=gnu11 -g3 -DDEBUG '-D__FPU_PRESENT = 1U' -D__TARGET_FPU_VFP -DARM_MATH_CM4 -DUSE_HAL_DRIVER -DSTM32F407xx -c -I../Core/Inc -I../Drivers/DSP/Inc -I../Drivers/STM32F4xx_HAL_Driver/Inc -I../Drivers/STM32F4xx_HAL_Driver/Inc/Legacy -I../Drivers/CMSIS/Device/ST/STM32F4xx/Include -I../Drivers/CMSIS/Include -O0 -ffunction-sections -fdata-sections -Wall -fstack-usage -MMD -MP -MF"Core/Src/tft.d" -MT"Core/Src/tft.o" --specs=nano.specs -mfpu=fpv4-sp-d16 -mfloat-abi=hard -mthumb -o "Core/Src/tft.o"
arm-none-eabi-gcc "../Core/Src/workman.c" -mcpu=cortex-m4 -std=gnu11 -g3 -DDEBUG '-D__FPU_PRESENT = 1U' -D__TARGET_FPU_VFP -DARM_MATH_CM4 -DUSE_HAL_DRIVER -DSTM32F407xx -c -I../Core/Inc -I../Drivers/DSP/Inc -I../Drivers/STM32F4xx_HAL_Driver/Inc -I../Drivers/STM32F4xx_HAL_Driver/Inc/Legacy -I../Drivers/CMSIS/Device/ST/STM32F4xx/Include -I../Drivers/CMSIS/Include -O0 -ffunction-sections -fdata-sections -Wall -fstack-usage -MMD -MP -MF"Core/Src/workman.d" -MT"Core/Src/workman.o" --specs=nano.specs -mfpu=fpv4-sp-d16 -mfloat-abi=hard -mthumb -o "Core/Src/workman.o"
../Core/Src/ad9959.c: In function 'Init_AD9959':
../Core/Src/ad9959.c:29:23: warning: unused variable 'GPIO_InitStructure' [-Wunused-variable]
   29 |     GPIO_InitTypeDef  GPIO_InitStructure;
      |                       ^~~~~~~~~~~~~~~~~~
../Core/Src/ad9959.c: In function 'ReadData_9959':
../Core/Src/ad9959.c:176:41: warning: right-hand operand of comma expression has no effect [-Wunused-value]
  176 |     GPIO_InitStructure.Pin =  GPIO_PIN_6,AD9959_SCLK_Pin;
      |                                         ^
../Core/Src/main.c: In function 'main':
../Core/Src/main.c:108:3: warning: implicit declaration of function 'Init_AD9959' [-Wimplicit-function-declaration]
  108 |   Init_AD9959();
      |   ^~~~~~~~~~~
../Core/Src/ad9959.c:213:16: warning: implicit declaration of function 'GPIO_ReadInputDataBit' [-Wimplicit-function-declaration]
  213 |             if(GPIO_ReadInputDataBit(GPIOA, GPIO_PIN_15))
      |                ^~~~~~~~~~~~~~~~~~~~~
../Core/Src/stm32f4xx_it.c: In function 'TIM1_UP_TIM10_IRQHandler':
../Core/Src/stm32f4xx_it.c:214:3: warning: implicit declaration of function 'resTim1' [-Wimplicit-function-declaration]
  214 |   resTim1();
      |   ^~~~~~~
../Core/Src/stm32f4xx_it.c: In function 'TIM3_IRQHandler':
../Core/Src/stm32f4xx_it.c:228:3: warning: implicit declaration of function 'resTim3' [-Wimplicit-function-declaration]
  228 |   resTim3();
      |   ^~~~~~~
../Core/Src/stm32f4xx_it.c: In function 'USART6_IRQHandler':
../Core/Src/stm32f4xx_it.c:244:4: warning: implicit declaration of function 'resUart6' [-Wimplicit-function-declaration]
  244 |    resUart6();
      |    ^~~~~~~~
../Core/Src/tft.c: In function 'tft_text_int':
../Core/Src/tft.c:37:10: warning: pointer targets in passing argument 1 of 'sprintf' differ in signedness [-Wpointer-sign]
   37 |  sprintf(body,"%d",num);
      |          ^~~~
      |          |
      |          uint8_t * {aka unsigned char *}
In file included from ../Core/Inc/tft.h:4,
                 from ../Core/Src/tft.c:1:
g:\cubeide\stm32cubeide_1.6.1\stm32cubeide\plugins\com.st.stm32cube.ide.mcu.externaltools.gnu-tools-for-stm32.9-2020-q2-update.win32_1.5.0.202011040924\tools\arm-none-eabi\include\stdio.h:244:14: note: expected 'char * restrict' but argument is of type 'uint8_t *' {aka 'unsigned char *'}
  244 | int sprintf (char *__restrict, const char *__restrict, ...)
      |              ^
../Core/Src/tft.c: In function 'tft_text_float':
../Core/Src/tft.c:55:10: warning: pointer targets in passing argument 1 of 'sprintf' differ in signedness [-Wpointer-sign]
   55 |  sprintf(body,"%.6f",num);
      |          ^~~~
      |          |
      |          uint8_t * {aka unsigned char *}
In file included from ../Core/Inc/tft.h:4,
                 from ../Core/Src/tft.c:1:
g:\cubeide\stm32cubeide_1.6.1\stm32cubeide\plugins\com.st.stm32cube.ide.mcu.externaltools.gnu-tools-for-stm32.9-2020-q2-update.win32_1.5.0.202011040924\tools\arm-none-eabi\include\stdio.h:244:14: note: expected 'char * restrict' but argument is of type 'uint8_t *' {aka 'unsigned char *'}
  244 | int sprintf (char *__restrict, const char *__restrict, ...)
      |              ^
../Core/Src/workman.c: In function 'DosomethingTim1':
../Core/Src/workman.c:103:15: warning: passing argument 1 of 'arm_copy_f32' from incompatible pointer type [-Wincompatible-pointer-types]
  103 |  arm_copy_f32(&dataCh1, &bufCh1, 1024);
      |               ^~~~~~~~
      |               |
      |               float (*)[1024]
In file included from ../Core/Inc/main.h:37,
                 from ../Core/Inc/workman.h:4,
                 from ../Core/Src/workman.c:1:
../Drivers/DSP/Inc/arm_math.h:2801:15: note: expected 'float32_t *' {aka 'float *'} but argument is of type 'float (*)[1024]'
 2801 |   float32_t * pSrc,
      |   ~~~~~~~~~~~~^~~~
../Core/Src/workman.c:103:25: warning: passing argument 2 of 'arm_copy_f32' from incompatible pointer type [-Wincompatible-pointer-types]
  103 |  arm_copy_f32(&dataCh1, &bufCh1, 1024);
      |                         ^~~~~~~
      |                         |
      |                         float (*)[1024]
In file included from ../Core/Inc/main.h:37,
                 from ../Core/Inc/workman.h:4,
                 from ../Core/Src/workman.c:1:
../Drivers/DSP/Inc/arm_math.h:2802:15: note: expected 'float32_t *' {aka 'float *'} but argument is of type 'float (*)[1024]'
 2802 |   float32_t * pDst,
      |   ~~~~~~~~~~~~^~~~
../Core/Src/workman.c:104:15: warning: passing argument 1 of 'arm_copy_f32' from incompatible pointer type [-Wincompatible-pointer-types]
  104 |  arm_copy_f32(&dataCh2, &bufCh2, 1024);
      |               ^~~~~~~~
      |               |
      |               float (*)[1024]
In file included from ../Core/Inc/main.h:37,
                 from ../Core/Inc/workman.h:4,
                 from ../Core/Src/workman.c:1:
../Drivers/DSP/Inc/arm_math.h:2801:15: note: expected 'float32_t *' {aka 'float *'} but argument is of type 'float (*)[1024]'
 2801 |   float32_t * pSrc,
      |   ~~~~~~~~~~~~^~~~
../Core/Src/workman.c:104:25: warning: passing argument 2 of 'arm_copy_f32' from incompatible pointer type [-Wincompatible-pointer-types]
  104 |  arm_copy_f32(&dataCh2, &bufCh2, 1024);
      |                         ^~~~~~~
      |                         |
      |                         float (*)[1024]
In file included from ../Core/Inc/main.h:37,
                 from ../Core/Inc/workman.h:4,
                 from ../Core/Src/workman.c:1:
../Drivers/DSP/Inc/arm_math.h:2802:15: note: expected 'float32_t *' {aka 'float *'} but argument is of type 'float (*)[1024]'
 2802 |   float32_t * pDst,
      |   ~~~~~~~~~~~~^~~~
../Core/Src/workman.c:98:22: warning: variable 'differ' set but not used [-Wunused-but-set-variable]
   98 |  float phase1,phase2,differ;
      |                      ^~~~~~
../Core/Src/workman.c:98:15: warning: variable 'phase2' set but not used [-Wunused-but-set-variable]
   98 |  float phase1,phase2,differ;
      |               ^~~~~~
../Core/Src/workman.c:98:8: warning: variable 'phase1' set but not used [-Wunused-but-set-variable]
   98 |  float phase1,phase2,differ;
      |        ^~~~~~
../Core/Src/workman.c: In function 'resUart6':
../Core/Src/workman.c:133:3: warning: implicit declaration of function 'Write_frequence' [-Wimplicit-function-declaration]
  133 |   Write_frequence(0, 100);
      |   ^~~~~~~~~~~~~~~
arm-none-eabi-gcc -o "diansai_19_C.elf" @"objects.list"   -mcpu=cortex-m4 -T"G:\CubeProject\diansai_19_C\STM32F407ZGTX_FLASH.ld" --specs=nosys.specs -Wl,-Map="diansai_19_C.map" -Wl,--gc-sections -static --specs=nano.specs -mfpu=fpv4-sp-d16 -mfloat-abi=hard -mthumb -u _printf_float -Wl,--start-group -lc -lm -Wl,--end-group
Finished building target: diansai_19_C.elf
 
arm-none-eabi-objdump -h -S  diansai_19_C.elf  > "diansai_19_C.list"
arm-none-eabi-objcopy  -O binary  diansai_19_C.elf  "diansai_19_C.bin"
arm-none-eabi-size   diansai_19_C.elf 
   text	   data	    bss	    dec	    hex	filename
 126640	    548	  14556	 141744	  229b0	diansai_19_C.elf
Finished building: default.size.stdout
 
Finished building: diansai_19_C.bin
 
Finished building: diansai_19_C.list
 
17:38:23 **** Incremental Build of configuration Debug for project diansai_19_C ****
make -j12 all 
arm-none-eabi-gcc "../Core/Src/workman.c" -mcpu=cortex-m4 -std=gnu11 -g3 -DDEBUG '-D__FPU_PRESENT = 1U' -D__TARGET_FPU_VFP -DARM_MATH_CM4 -DUSE_HAL_DRIVER -DSTM32F407xx -c -I../Core/Inc -I../Drivers/DSP/Inc -I../Drivers/STM32F4xx_HAL_Driver/Inc -I../Drivers/STM32F4xx_HAL_Driver/Inc/Legacy -I../Drivers/CMSIS/Device/ST/STM32F4xx/Include -I../Drivers/CMSIS/Include -O0 -ffunction-sections -fdata-sections -Wall -fstack-usage -MMD -MP -MF"Core/Src/workman.d" -MT"Core/Src/workman.o" --specs=nano.specs -mfpu=fpv4-sp-d16 -mfloat-abi=hard -mthumb -o "Core/Src/workman.o"
../Core/Src/workman.c: In function 'DosomethingTim1':
../Core/Src/workman.c:103:15: warning: passing argument 1 of 'arm_copy_f32' from incompatible pointer type [-Wincompatible-pointer-types]
  103 |  arm_copy_f32(&dataCh1, &bufCh1, 1024);
      |               ^~~~~~~~
      |               |
      |               float (*)[1024]
In file included from ../Core/Inc/main.h:37,
                 from ../Core/Inc/workman.h:4,
                 from ../Core/Src/workman.c:1:
../Drivers/DSP/Inc/arm_math.h:2801:15: note: expected 'float32_t *' {aka 'float *'} but argument is of type 'float (*)[1024]'
 2801 |   float32_t * pSrc,
      |   ~~~~~~~~~~~~^~~~
../Core/Src/workman.c:103:25: warning: passing argument 2 of 'arm_copy_f32' from incompatible pointer type [-Wincompatible-pointer-types]
  103 |  arm_copy_f32(&dataCh1, &bufCh1, 1024);
      |                         ^~~~~~~
      |                         |
      |                         float (*)[1024]
In file included from ../Core/Inc/main.h:37,
                 from ../Core/Inc/workman.h:4,
                 from ../Core/Src/workman.c:1:
../Drivers/DSP/Inc/arm_math.h:2802:15: note: expected 'float32_t *' {aka 'float *'} but argument is of type 'float (*)[1024]'
 2802 |   float32_t * pDst,
      |   ~~~~~~~~~~~~^~~~
../Core/Src/workman.c:104:15: warning: passing argument 1 of 'arm_copy_f32' from incompatible pointer type [-Wincompatible-pointer-types]
  104 |  arm_copy_f32(&dataCh2, &bufCh2, 1024);
      |               ^~~~~~~~
      |               |
      |               float (*)[1024]
In file included from ../Core/Inc/main.h:37,
                 from ../Core/Inc/workman.h:4,
                 from ../Core/Src/workman.c:1:
../Drivers/DSP/Inc/arm_math.h:2801:15: note: expected 'float32_t *' {aka 'float *'} but argument is of type 'float (*)[1024]'
 2801 |   float32_t * pSrc,
      |   ~~~~~~~~~~~~^~~~
../Core/Src/workman.c:104:25: warning: passing argument 2 of 'arm_copy_f32' from incompatible pointer type [-Wincompatible-pointer-types]
  104 |  arm_copy_f32(&dataCh2, &bufCh2, 1024);
      |                         ^~~~~~~
      |                         |
      |                         float (*)[1024]
In file included from ../Core/Inc/main.h:37,
                 from ../Core/Inc/workman.h:4,
                 from ../Core/Src/workman.c:1:
../Drivers/DSP/Inc/arm_math.h:2802:15: note: expected 'float32_t *' {aka 'float *'} but argument is of type 'float (*)[1024]'
 2802 |   float32_t * pDst,
      |   ~~~~~~~~~~~~^~~~
../Core/Src/workman.c:98:22: warning: variable 'differ' set but not used [-Wunused-but-set-variable]
   98 |  float phase1,phase2,differ;
      |                      ^~~~~~
../Core/Src/workman.c:98:15: warning: variable 'phase2' set but not used [-Wunused-but-set-variable]
   98 |  float phase1,phase2,differ;
      |               ^~~~~~
../Core/Src/workman.c:98:8: warning: variable 'phase1' set but not used [-Wunused-but-set-variable]
   98 |  float phase1,phase2,differ;
      |        ^~~~~~
../Core/Src/workman.c: In function 'resUart6':
../Core/Src/workman.c:133:3: warning: implicit declaration of function 'Write_frequence' [-Wimplicit-function-declaration]
  133 |   Write_frequence(0, 100);
      |   ^~~~~~~~~~~~~~~
arm-none-eabi-gcc -o "diansai_19_C.elf" @"objects.list"   -mcpu=cortex-m4 -T"G:\CubeProject\diansai_19_C\STM32F407ZGTX_FLASH.ld" --specs=nosys.specs -Wl,-Map="diansai_19_C.map" -Wl,--gc-sections -static --specs=nano.specs -mfpu=fpv4-sp-d16 -mfloat-abi=hard -mthumb -u _printf_float -Wl,--start-group -lc -lm -Wl,--end-group
Finished building target: diansai_19_C.elf
 
arm-none-eabi-objdump -h -S  diansai_19_C.elf  > "diansai_19_C.list"
arm-none-eabi-objcopy  -O binary  diansai_19_C.elf  "diansai_19_C.bin"
arm-none-eabi-size   diansai_19_C.elf 
   text	   data	    bss	    dec	    hex	filename
 126640	    548	  14556	 141744	  229b0	diansai_19_C.elf
Finished building: default.size.stdout
 
Finished building: diansai_19_C.bin
 
Finished building: diansai_19_C.list
 
17:40:57 **** Incremental Build of configuration Debug for project diansai_19_C ****
make -j12 all 
arm-none-eabi-size   diansai_19_C.elf 
   text	   data	    bss	    dec	    hex	filename
 126640	    548	  14556	 141744	  229b0	diansai_19_C.elf
Finished building: default.size.stdout
 
17:41:27 **** Incremental Build of configuration Debug for project diansai_19_C ****
make -j12 all 
arm-none-eabi-gcc "../Core/Src/workman.c" -mcpu=cortex-m4 -std=gnu11 -g3 -DDEBUG '-D__FPU_PRESENT = 1U' -D__TARGET_FPU_VFP -DARM_MATH_CM4 -DUSE_HAL_DRIVER -DSTM32F407xx -c -I../Core/Inc -I../Drivers/DSP/Inc -I../Drivers/STM32F4xx_HAL_Driver/Inc -I../Drivers/STM32F4xx_HAL_Driver/Inc/Legacy -I../Drivers/CMSIS/Device/ST/STM32F4xx/Include -I../Drivers/CMSIS/Include -O0 -ffunction-sections -fdata-sections -Wall -fstack-usage -MMD -MP -MF"Core/Src/workman.d" -MT"Core/Src/workman.o" --specs=nano.specs -mfpu=fpv4-sp-d16 -mfloat-abi=hard -mthumb -o "Core/Src/workman.o"
../Core/Src/workman.c: In function 'DosomethingTim1':
../Core/Src/workman.c:103:15: warning: passing argument 1 of 'arm_copy_f32' from incompatible pointer type [-Wincompatible-pointer-types]
  103 |  arm_copy_f32(&dataCh1, &bufCh1, 1024);
      |               ^~~~~~~~
      |               |
      |               float (*)[1024]
In file included from ../Core/Inc/main.h:37,
                 from ../Core/Inc/workman.h:4,
                 from ../Core/Src/workman.c:1:
../Drivers/DSP/Inc/arm_math.h:2801:15: note: expected 'float32_t *' {aka 'float *'} but argument is of type 'float (*)[1024]'
 2801 |   float32_t * pSrc,
      |   ~~~~~~~~~~~~^~~~
../Core/Src/workman.c:103:25: warning: passing argument 2 of 'arm_copy_f32' from incompatible pointer type [-Wincompatible-pointer-types]
  103 |  arm_copy_f32(&dataCh1, &bufCh1, 1024);
      |                         ^~~~~~~
      |                         |
      |                         float (*)[1024]
In file included from ../Core/Inc/main.h:37,
                 from ../Core/Inc/workman.h:4,
                 from ../Core/Src/workman.c:1:
../Drivers/DSP/Inc/arm_math.h:2802:15: note: expected 'float32_t *' {aka 'float *'} but argument is of type 'float (*)[1024]'
 2802 |   float32_t * pDst,
      |   ~~~~~~~~~~~~^~~~
../Core/Src/workman.c:104:15: warning: passing argument 1 of 'arm_copy_f32' from incompatible pointer type [-Wincompatible-pointer-types]
  104 |  arm_copy_f32(&dataCh2, &bufCh2, 1024);
      |               ^~~~~~~~
      |               |
      |               float (*)[1024]
In file included from ../Core/Inc/main.h:37,
                 from ../Core/Inc/workman.h:4,
                 from ../Core/Src/workman.c:1:
../Drivers/DSP/Inc/arm_math.h:2801:15: note: expected 'float32_t *' {aka 'float *'} but argument is of type 'float (*)[1024]'
 2801 |   float32_t * pSrc,
      |   ~~~~~~~~~~~~^~~~
../Core/Src/workman.c:104:25: warning: passing argument 2 of 'arm_copy_f32' from incompatible pointer type [-Wincompatible-pointer-types]
  104 |  arm_copy_f32(&dataCh2, &bufCh2, 1024);
      |                         ^~~~~~~
      |                         |
      |                         float (*)[1024]
In file included from ../Core/Inc/main.h:37,
                 from ../Core/Inc/workman.h:4,
                 from ../Core/Src/workman.c:1:
../Drivers/DSP/Inc/arm_math.h:2802:15: note: expected 'float32_t *' {aka 'float *'} but argument is of type 'float (*)[1024]'
 2802 |   float32_t * pDst,
      |   ~~~~~~~~~~~~^~~~
../Core/Src/workman.c:98:22: warning: variable 'differ' set but not used [-Wunused-but-set-variable]
   98 |  float phase1,phase2,differ;
      |                      ^~~~~~
../Core/Src/workman.c:98:15: warning: variable 'phase2' set but not used [-Wunused-but-set-variable]
   98 |  float phase1,phase2,differ;
      |               ^~~~~~
../Core/Src/workman.c:98:8: warning: variable 'phase1' set but not used [-Wunused-but-set-variable]
   98 |  float phase1,phase2,differ;
      |        ^~~~~~
../Core/Src/workman.c: In function 'resUart6':
../Core/Src/workman.c:133:3: warning: implicit declaration of function 'Write_frequence' [-Wimplicit-function-declaration]
  133 |   Write_frequence(0, 100);
      |   ^~~~~~~~~~~~~~~
arm-none-eabi-gcc -o "diansai_19_C.elf" @"objects.list"   -mcpu=cortex-m4 -T"G:\CubeProject\diansai_19_C\STM32F407ZGTX_FLASH.ld" --specs=nosys.specs -Wl,-Map="diansai_19_C.map" -Wl,--gc-sections -static --specs=nano.specs -mfpu=fpv4-sp-d16 -mfloat-abi=hard -mthumb -u _printf_float -Wl,--start-group -lc -lm -Wl,--end-group
Finished building target: diansai_19_C.elf
 
arm-none-eabi-objdump -h -S  diansai_19_C.elf  > "diansai_19_C.list"
arm-none-eabi-objcopy  -O binary  diansai_19_C.elf  "diansai_19_C.bin"
arm-none-eabi-size   diansai_19_C.elf 
   text	   data	    bss	    dec	    hex	filename
 126640	    548	  14556	 141744	  229b0	diansai_19_C.elf
Finished building: default.size.stdout
 
Finished building: diansai_19_C.bin
 
Finished building: diansai_19_C.list
 
17:43:40 **** Incremental Build of configuration Debug for project diansai_19_C ****
make -j12 all 
arm-none-eabi-gcc "../Core/Src/workman.c" -mcpu=cortex-m4 -std=gnu11 -g3 -DDEBUG '-D__FPU_PRESENT = 1U' -D__TARGET_FPU_VFP -DARM_MATH_CM4 -DUSE_HAL_DRIVER -DSTM32F407xx -c -I../Core/Inc -I../Drivers/DSP/Inc -I../Drivers/STM32F4xx_HAL_Driver/Inc -I../Drivers/STM32F4xx_HAL_Driver/Inc/Legacy -I../Drivers/CMSIS/Device/ST/STM32F4xx/Include -I../Drivers/CMSIS/Include -O0 -ffunction-sections -fdata-sections -Wall -fstack-usage -MMD -MP -MF"Core/Src/workman.d" -MT"Core/Src/workman.o" --specs=nano.specs -mfpu=fpv4-sp-d16 -mfloat-abi=hard -mthumb -o "Core/Src/workman.o"
../Core/Src/workman.c: In function 'DosomethingTim1':
../Core/Src/workman.c:103:15: warning: passing argument 1 of 'arm_copy_f32' from incompatible pointer type [-Wincompatible-pointer-types]
  103 |  arm_copy_f32(&dataCh1, &bufCh1, 1024);
      |               ^~~~~~~~
      |               |
      |               float (*)[1024]
In file included from ../Core/Inc/main.h:37,
                 from ../Core/Inc/workman.h:4,
                 from ../Core/Src/workman.c:1:
../Drivers/DSP/Inc/arm_math.h:2801:15: note: expected 'float32_t *' {aka 'float *'} but argument is of type 'float (*)[1024]'
 2801 |   float32_t * pSrc,
      |   ~~~~~~~~~~~~^~~~
../Core/Src/workman.c:103:25: warning: passing argument 2 of 'arm_copy_f32' from incompatible pointer type [-Wincompatible-pointer-types]
  103 |  arm_copy_f32(&dataCh1, &bufCh1, 1024);
      |                         ^~~~~~~
      |                         |
      |                         float (*)[1024]
In file included from ../Core/Inc/main.h:37,
                 from ../Core/Inc/workman.h:4,
                 from ../Core/Src/workman.c:1:
../Drivers/DSP/Inc/arm_math.h:2802:15: note: expected 'float32_t *' {aka 'float *'} but argument is of type 'float (*)[1024]'
 2802 |   float32_t * pDst,
      |   ~~~~~~~~~~~~^~~~
../Core/Src/workman.c:104:15: warning: passing argument 1 of 'arm_copy_f32' from incompatible pointer type [-Wincompatible-pointer-types]
  104 |  arm_copy_f32(&dataCh2, &bufCh2, 1024);
      |               ^~~~~~~~
      |               |
      |               float (*)[1024]
In file included from ../Core/Inc/main.h:37,
                 from ../Core/Inc/workman.h:4,
                 from ../Core/Src/workman.c:1:
../Drivers/DSP/Inc/arm_math.h:2801:15: note: expected 'float32_t *' {aka 'float *'} but argument is of type 'float (*)[1024]'
 2801 |   float32_t * pSrc,
      |   ~~~~~~~~~~~~^~~~
../Core/Src/workman.c:104:25: warning: passing argument 2 of 'arm_copy_f32' from incompatible pointer type [-Wincompatible-pointer-types]
  104 |  arm_copy_f32(&dataCh2, &bufCh2, 1024);
      |                         ^~~~~~~
      |                         |
      |                         float (*)[1024]
In file included from ../Core/Inc/main.h:37,
                 from ../Core/Inc/workman.h:4,
                 from ../Core/Src/workman.c:1:
../Drivers/DSP/Inc/arm_math.h:2802:15: note: expected 'float32_t *' {aka 'float *'} but argument is of type 'float (*)[1024]'
 2802 |   float32_t * pDst,
      |   ~~~~~~~~~~~~^~~~
../Core/Src/workman.c:98:22: warning: variable 'differ' set but not used [-Wunused-but-set-variable]
   98 |  float phase1,phase2,differ;
      |                      ^~~~~~
../Core/Src/workman.c:98:15: warning: variable 'phase2' set but not used [-Wunused-but-set-variable]
   98 |  float phase1,phase2,differ;
      |               ^~~~~~
../Core/Src/workman.c:98:8: warning: variable 'phase1' set but not used [-Wunused-but-set-variable]
   98 |  float phase1,phase2,differ;
      |        ^~~~~~
../Core/Src/workman.c: In function 'resUart6':
../Core/Src/workman.c:133:3: warning: implicit declaration of function 'Write_frequence' [-Wimplicit-function-declaration]
  133 |   Write_frequence(0, 100);
      |   ^~~~~~~~~~~~~~~
arm-none-eabi-gcc -o "diansai_19_C.elf" @"objects.list"   -mcpu=cortex-m4 -T"G:\CubeProject\diansai_19_C\STM32F407ZGTX_FLASH.ld" --specs=nosys.specs -Wl,-Map="diansai_19_C.map" -Wl,--gc-sections -static --specs=nano.specs -mfpu=fpv4-sp-d16 -mfloat-abi=hard -mthumb -u _printf_float -Wl,--start-group -lc -lm -Wl,--end-group
Finished building target: diansai_19_C.elf
 
arm-none-eabi-objdump -h -S  diansai_19_C.elf  > "diansai_19_C.list"
arm-none-eabi-objcopy  -O binary  diansai_19_C.elf  "diansai_19_C.bin"
arm-none-eabi-size   diansai_19_C.elf 
   text	   data	    bss	    dec	    hex	filename
 126648	    548	  14556	 141752	  229b8	diansai_19_C.elf
Finished building: default.size.stdout
 
Finished building: diansai_19_C.bin
 
Finished building: diansai_19_C.list
 
17:44:19 **** Incremental Build of configuration Debug for project diansai_19_C ****
make -j12 all 
arm-none-eabi-gcc "../Core/Src/workman.c" -mcpu=cortex-m4 -std=gnu11 -g3 -DDEBUG '-D__FPU_PRESENT = 1U' -D__TARGET_FPU_VFP -DARM_MATH_CM4 -DUSE_HAL_DRIVER -DSTM32F407xx -c -I../Core/Inc -I../Drivers/DSP/Inc -I../Drivers/STM32F4xx_HAL_Driver/Inc -I../Drivers/STM32F4xx_HAL_Driver/Inc/Legacy -I../Drivers/CMSIS/Device/ST/STM32F4xx/Include -I../Drivers/CMSIS/Include -O0 -ffunction-sections -fdata-sections -Wall -fstack-usage -MMD -MP -MF"Core/Src/workman.d" -MT"Core/Src/workman.o" --specs=nano.specs -mfpu=fpv4-sp-d16 -mfloat-abi=hard -mthumb -o "Core/Src/workman.o"
../Core/Src/workman.c: In function 'DosomethingTim1':
../Core/Src/workman.c:103:15: warning: passing argument 1 of 'arm_copy_f32' from incompatible pointer type [-Wincompatible-pointer-types]
  103 |  arm_copy_f32(&dataCh1, &bufCh1, 1024);
      |               ^~~~~~~~
      |               |
      |               float (*)[1024]
In file included from ../Core/Inc/main.h:37,
                 from ../Core/Inc/workman.h:4,
                 from ../Core/Src/workman.c:1:
../Drivers/DSP/Inc/arm_math.h:2801:15: note: expected 'float32_t *' {aka 'float *'} but argument is of type 'float (*)[1024]'
 2801 |   float32_t * pSrc,
      |   ~~~~~~~~~~~~^~~~
../Core/Src/workman.c:103:25: warning: passing argument 2 of 'arm_copy_f32' from incompatible pointer type [-Wincompatible-pointer-types]
  103 |  arm_copy_f32(&dataCh1, &bufCh1, 1024);
      |                         ^~~~~~~
      |                         |
      |                         float (*)[1024]
In file included from ../Core/Inc/main.h:37,
                 from ../Core/Inc/workman.h:4,
                 from ../Core/Src/workman.c:1:
../Drivers/DSP/Inc/arm_math.h:2802:15: note: expected 'float32_t *' {aka 'float *'} but argument is of type 'float (*)[1024]'
 2802 |   float32_t * pDst,
      |   ~~~~~~~~~~~~^~~~
../Core/Src/workman.c:104:15: warning: passing argument 1 of 'arm_copy_f32' from incompatible pointer type [-Wincompatible-pointer-types]
  104 |  arm_copy_f32(&dataCh2, &bufCh2, 1024);
      |               ^~~~~~~~
      |               |
      |               float (*)[1024]
In file included from ../Core/Inc/main.h:37,
                 from ../Core/Inc/workman.h:4,
                 from ../Core/Src/workman.c:1:
../Drivers/DSP/Inc/arm_math.h:2801:15: note: expected 'float32_t *' {aka 'float *'} but argument is of type 'float (*)[1024]'
 2801 |   float32_t * pSrc,
      |   ~~~~~~~~~~~~^~~~
../Core/Src/workman.c:104:25: warning: passing argument 2 of 'arm_copy_f32' from incompatible pointer type [-Wincompatible-pointer-types]
  104 |  arm_copy_f32(&dataCh2, &bufCh2, 1024);
      |                         ^~~~~~~
      |                         |
      |                         float (*)[1024]
In file included from ../Core/Inc/main.h:37,
                 from ../Core/Inc/workman.h:4,
                 from ../Core/Src/workman.c:1:
../Drivers/DSP/Inc/arm_math.h:2802:15: note: expected 'float32_t *' {aka 'float *'} but argument is of type 'float (*)[1024]'
 2802 |   float32_t * pDst,
      |   ~~~~~~~~~~~~^~~~
../Core/Src/workman.c:98:22: warning: variable 'differ' set but not used [-Wunused-but-set-variable]
   98 |  float phase1,phase2,differ;
      |                      ^~~~~~
../Core/Src/workman.c:98:15: warning: variable 'phase2' set but not used [-Wunused-but-set-variable]
   98 |  float phase1,phase2,differ;
      |               ^~~~~~
../Core/Src/workman.c:98:8: warning: variable 'phase1' set but not used [-Wunused-but-set-variable]
   98 |  float phase1,phase2,differ;
      |        ^~~~~~
../Core/Src/workman.c: In function 'resUart6':
../Core/Src/workman.c:133:3: warning: implicit declaration of function 'Write_frequence' [-Wimplicit-function-declaration]
  133 |   Write_frequence(0, 100);
      |   ^~~~~~~~~~~~~~~
arm-none-eabi-gcc -o "diansai_19_C.elf" @"objects.list"   -mcpu=cortex-m4 -T"G:\CubeProject\diansai_19_C\STM32F407ZGTX_FLASH.ld" --specs=nosys.specs -Wl,-Map="diansai_19_C.map" -Wl,--gc-sections -static --specs=nano.specs -mfpu=fpv4-sp-d16 -mfloat-abi=hard -mthumb -u _printf_float -Wl,--start-group -lc -lm -Wl,--end-group
Finished building target: diansai_19_C.elf
 
arm-none-eabi-objdump -h -S  diansai_19_C.elf  > "diansai_19_C.list"
arm-none-eabi-objcopy  -O binary  diansai_19_C.elf  "diansai_19_C.bin"
arm-none-eabi-size   diansai_19_C.elf 
   text	   data	    bss	    dec	    hex	filename
 126648	    548	  14556	 141752	  229b8	diansai_19_C.elf
Finished building: default.size.stdout
 
Finished building: diansai_19_C.bin
 
Finished building: diansai_19_C.list
 
17:45:32 **** Incremental Build of configuration Debug for project diansai_19_C ****
make -j12 all 
arm-none-eabi-gcc "../Core/Src/ADS8688.c" -mcpu=cortex-m4 -std=gnu11 -g3 -DDEBUG '-D__FPU_PRESENT = 1U' -D__TARGET_FPU_VFP -DARM_MATH_CM4 -DUSE_HAL_DRIVER -DSTM32F407xx -c -I../Core/Inc -I../Drivers/DSP/Inc -I../Drivers/STM32F4xx_HAL_Driver/Inc -I../Drivers/STM32F4xx_HAL_Driver/Inc/Legacy -I../Drivers/CMSIS/Device/ST/STM32F4xx/Include -I../Drivers/CMSIS/Include -O0 -ffunction-sections -fdata-sections -Wall -fstack-usage -MMD -MP -MF"Core/Src/ADS8688.d" -MT"Core/Src/ADS8688.o" --specs=nano.specs -mfpu=fpv4-sp-d16 -mfloat-abi=hard -mthumb -o "Core/Src/ADS8688.o"
arm-none-eabi-gcc "../Core/Src/workman.c" -mcpu=cortex-m4 -std=gnu11 -g3 -DDEBUG '-D__FPU_PRESENT = 1U' -D__TARGET_FPU_VFP -DARM_MATH_CM4 -DUSE_HAL_DRIVER -DSTM32F407xx -c -I../Core/Inc -I../Drivers/DSP/Inc -I../Drivers/STM32F4xx_HAL_Driver/Inc -I../Drivers/STM32F4xx_HAL_Driver/Inc/Legacy -I../Drivers/CMSIS/Device/ST/STM32F4xx/Include -I../Drivers/CMSIS/Include -O0 -ffunction-sections -fdata-sections -Wall -fstack-usage -MMD -MP -MF"Core/Src/workman.d" -MT"Core/Src/workman.o" --specs=nano.specs -mfpu=fpv4-sp-d16 -mfloat-abi=hard -mthumb -o "Core/Src/workman.o"
../Core/Src/workman.c: In function 'DosomethingTim1':
../Core/Src/workman.c:103:15: warning: passing argument 1 of 'arm_copy_f32' from incompatible pointer type [-Wincompatible-pointer-types]
  103 |  arm_copy_f32(&dataCh1, &bufCh1, 1024);
      |               ^~~~~~~~
      |               |
      |               float (*)[1024]
In file included from ../Core/Inc/main.h:37,
                 from ../Core/Inc/workman.h:4,
                 from ../Core/Src/workman.c:1:
../Drivers/DSP/Inc/arm_math.h:2801:15: note: expected 'float32_t *' {aka 'float *'} but argument is of type 'float (*)[1024]'
 2801 |   float32_t * pSrc,
      |   ~~~~~~~~~~~~^~~~
../Core/Src/workman.c:103:25: warning: passing argument 2 of 'arm_copy_f32' from incompatible pointer type [-Wincompatible-pointer-types]
  103 |  arm_copy_f32(&dataCh1, &bufCh1, 1024);
      |                         ^~~~~~~
      |                         |
      |                         float (*)[1024]
In file included from ../Core/Inc/main.h:37,
                 from ../Core/Inc/workman.h:4,
                 from ../Core/Src/workman.c:1:
../Drivers/DSP/Inc/arm_math.h:2802:15: note: expected 'float32_t *' {aka 'float *'} but argument is of type 'float (*)[1024]'
 2802 |   float32_t * pDst,
      |   ~~~~~~~~~~~~^~~~
../Core/Src/workman.c:104:15: warning: passing argument 1 of 'arm_copy_f32' from incompatible pointer type [-Wincompatible-pointer-types]
  104 |  arm_copy_f32(&dataCh2, &bufCh2, 1024);
      |               ^~~~~~~~
      |               |
      |               float (*)[1024]
In file included from ../Core/Inc/main.h:37,
                 from ../Core/Inc/workman.h:4,
                 from ../Core/Src/workman.c:1:
../Drivers/DSP/Inc/arm_math.h:2801:15: note: expected 'float32_t *' {aka 'float *'} but argument is of type 'float (*)[1024]'
 2801 |   float32_t * pSrc,
      |   ~~~~~~~~~~~~^~~~
../Core/Src/workman.c:104:25: warning: passing argument 2 of 'arm_copy_f32' from incompatible pointer type [-Wincompatible-pointer-types]
  104 |  arm_copy_f32(&dataCh2, &bufCh2, 1024);
      |                         ^~~~~~~
      |                         |
      |                         float (*)[1024]
In file included from ../Core/Inc/main.h:37,
                 from ../Core/Inc/workman.h:4,
                 from ../Core/Src/workman.c:1:
../Drivers/DSP/Inc/arm_math.h:2802:15: note: expected 'float32_t *' {aka 'float *'} but argument is of type 'float (*)[1024]'
 2802 |   float32_t * pDst,
      |   ~~~~~~~~~~~~^~~~
../Core/Src/workman.c:98:22: warning: variable 'differ' set but not used [-Wunused-but-set-variable]
   98 |  float phase1,phase2,differ;
      |                      ^~~~~~
../Core/Src/workman.c:98:15: warning: variable 'phase2' set but not used [-Wunused-but-set-variable]
   98 |  float phase1,phase2,differ;
      |               ^~~~~~
../Core/Src/workman.c:98:8: warning: variable 'phase1' set but not used [-Wunused-but-set-variable]
   98 |  float phase1,phase2,differ;
      |        ^~~~~~
../Core/Src/workman.c: In function 'resUart6':
../Core/Src/workman.c:133:3: warning: implicit declaration of function 'Write_frequence' [-Wimplicit-function-declaration]
  133 |   Write_frequence(0, 100);
      |   ^~~~~~~~~~~~~~~
arm-none-eabi-gcc -o "diansai_19_C.elf" @"objects.list"   -mcpu=cortex-m4 -T"G:\CubeProject\diansai_19_C\STM32F407ZGTX_FLASH.ld" --specs=nosys.specs -Wl,-Map="diansai_19_C.map" -Wl,--gc-sections -static --specs=nano.specs -mfpu=fpv4-sp-d16 -mfloat-abi=hard -mthumb -u _printf_float -Wl,--start-group -lc -lm -Wl,--end-group
Finished building target: diansai_19_C.elf
 
arm-none-eabi-objdump -h -S  diansai_19_C.elf  > "diansai_19_C.list"
arm-none-eabi-objcopy  -O binary  diansai_19_C.elf  "diansai_19_C.bin"
arm-none-eabi-size   diansai_19_C.elf 
   text	   data	    bss	    dec	    hex	filename
 126632	    548	  14556	 141736	  229a8	diansai_19_C.elf
Finished building: default.size.stdout
Finished building: diansai_19_C.bin
 
 
Finished building: diansai_19_C.list
 
17:45:53 **** Incremental Build of configuration Debug for project diansai_19_C ****
make -j12 all 
arm-none-eabi-gcc "../Core/Src/workman.c" -mcpu=cortex-m4 -std=gnu11 -g3 -DDEBUG '-D__FPU_PRESENT = 1U' -D__TARGET_FPU_VFP -DARM_MATH_CM4 -DUSE_HAL_DRIVER -DSTM32F407xx -c -I../Core/Inc -I../Drivers/DSP/Inc -I../Drivers/STM32F4xx_HAL_Driver/Inc -I../Drivers/STM32F4xx_HAL_Driver/Inc/Legacy -I../Drivers/CMSIS/Device/ST/STM32F4xx/Include -I../Drivers/CMSIS/Include -O0 -ffunction-sections -fdata-sections -Wall -fstack-usage -MMD -MP -MF"Core/Src/workman.d" -MT"Core/Src/workman.o" --specs=nano.specs -mfpu=fpv4-sp-d16 -mfloat-abi=hard -mthumb -o "Core/Src/workman.o"
../Core/Src/workman.c: In function 'DosomethingTim1':
../Core/Src/workman.c:103:15: warning: passing argument 1 of 'arm_copy_f32' from incompatible pointer type [-Wincompatible-pointer-types]
  103 |  arm_copy_f32(&dataCh1, &bufCh1, 1024);
      |               ^~~~~~~~
      |               |
      |               float (*)[1024]
In file included from ../Core/Inc/main.h:37,
                 from ../Core/Inc/workman.h:4,
                 from ../Core/Src/workman.c:1:
../Drivers/DSP/Inc/arm_math.h:2801:15: note: expected 'float32_t *' {aka 'float *'} but argument is of type 'float (*)[1024]'
 2801 |   float32_t * pSrc,
      |   ~~~~~~~~~~~~^~~~
../Core/Src/workman.c:103:25: warning: passing argument 2 of 'arm_copy_f32' from incompatible pointer type [-Wincompatible-pointer-types]
  103 |  arm_copy_f32(&dataCh1, &bufCh1, 1024);
      |                         ^~~~~~~
      |                         |
      |                         float (*)[1024]
In file included from ../Core/Inc/main.h:37,
                 from ../Core/Inc/workman.h:4,
                 from ../Core/Src/workman.c:1:
../Drivers/DSP/Inc/arm_math.h:2802:15: note: expected 'float32_t *' {aka 'float *'} but argument is of type 'float (*)[1024]'
 2802 |   float32_t * pDst,
      |   ~~~~~~~~~~~~^~~~
../Core/Src/workman.c:104:15: warning: passing argument 1 of 'arm_copy_f32' from incompatible pointer type [-Wincompatible-pointer-types]
  104 |  arm_copy_f32(&dataCh2, &bufCh2, 1024);
      |               ^~~~~~~~
      |               |
      |               float (*)[1024]
In file included from ../Core/Inc/main.h:37,
                 from ../Core/Inc/workman.h:4,
                 from ../Core/Src/workman.c:1:
../Drivers/DSP/Inc/arm_math.h:2801:15: note: expected 'float32_t *' {aka 'float *'} but argument is of type 'float (*)[1024]'
 2801 |   float32_t * pSrc,
      |   ~~~~~~~~~~~~^~~~
../Core/Src/workman.c:104:25: warning: passing argument 2 of 'arm_copy_f32' from incompatible pointer type [-Wincompatible-pointer-types]
  104 |  arm_copy_f32(&dataCh2, &bufCh2, 1024);
      |                         ^~~~~~~
      |                         |
      |                         float (*)[1024]
In file included from ../Core/Inc/main.h:37,
                 from ../Core/Inc/workman.h:4,
                 from ../Core/Src/workman.c:1:
../Drivers/DSP/Inc/arm_math.h:2802:15: note: expected 'float32_t *' {aka 'float *'} but argument is of type 'float (*)[1024]'
 2802 |   float32_t * pDst,
      |   ~~~~~~~~~~~~^~~~
../Core/Src/workman.c:98:22: warning: variable 'differ' set but not used [-Wunused-but-set-variable]
   98 |  float phase1,phase2,differ;
      |                      ^~~~~~
../Core/Src/workman.c:98:15: warning: variable 'phase2' set but not used [-Wunused-but-set-variable]
   98 |  float phase1,phase2,differ;
      |               ^~~~~~
../Core/Src/workman.c:98:8: warning: variable 'phase1' set but not used [-Wunused-but-set-variable]
   98 |  float phase1,phase2,differ;
      |        ^~~~~~
../Core/Src/workman.c: In function 'resUart6':
../Core/Src/workman.c:133:3: warning: implicit declaration of function 'Write_frequence' [-Wimplicit-function-declaration]
  133 |   Write_frequence(0, 100);
      |   ^~~~~~~~~~~~~~~
arm-none-eabi-gcc -o "diansai_19_C.elf" @"objects.list"   -mcpu=cortex-m4 -T"G:\CubeProject\diansai_19_C\STM32F407ZGTX_FLASH.ld" --specs=nosys.specs -Wl,-Map="diansai_19_C.map" -Wl,--gc-sections -static --specs=nano.specs -mfpu=fpv4-sp-d16 -mfloat-abi=hard -mthumb -u _printf_float -Wl,--start-group -lc -lm -Wl,--end-group
Finished building target: diansai_19_C.elf
 
arm-none-eabi-objdump -h -S  diansai_19_C.elf  > "diansai_19_C.list"
arm-none-eabi-objcopy  -O binary  diansai_19_C.elf  "diansai_19_C.bin"
arm-none-eabi-size   diansai_19_C.elf 
   text	   data	    bss	    dec	    hex	filename
 126624	    548	  14556	 141728	  229a0	diansai_19_C.elf
Finished building: default.size.stdout
 
Finished building: diansai_19_C.bin
 
Finished building: diansai_19_C.list
 
18:22:02 **** Incremental Build of configuration Debug for project diansai_19_C ****
make -j12 all 
arm-none-eabi-gcc "../Core/Src/workman.c" -mcpu=cortex-m4 -std=gnu11 -g3 -DDEBUG '-D__FPU_PRESENT = 1U' -D__TARGET_FPU_VFP -DARM_MATH_CM4 -DUSE_HAL_DRIVER -DSTM32F407xx -c -I../Core/Inc -I../Drivers/DSP/Inc -I../Drivers/STM32F4xx_HAL_Driver/Inc -I../Drivers/STM32F4xx_HAL_Driver/Inc/Legacy -I../Drivers/CMSIS/Device/ST/STM32F4xx/Include -I../Drivers/CMSIS/Include -O0 -ffunction-sections -fdata-sections -Wall -fstack-usage -MMD -MP -MF"Core/Src/workman.d" -MT"Core/Src/workman.o" --specs=nano.specs -mfpu=fpv4-sp-d16 -mfloat-abi=hard -mthumb -o "Core/Src/workman.o"
../Core/Src/workman.c: In function 'DosomethingTim1':
../Core/Src/workman.c:103:15: warning: passing argument 1 of 'arm_copy_f32' from incompatible pointer type [-Wincompatible-pointer-types]
  103 |  arm_copy_f32(&dataCh1, &bufCh1, 1024);
      |               ^~~~~~~~
      |               |
      |               float (*)[1024]
In file included from ../Core/Inc/main.h:37,
                 from ../Core/Inc/workman.h:4,
                 from ../Core/Src/workman.c:1:
../Drivers/DSP/Inc/arm_math.h:2801:15: note: expected 'float32_t *' {aka 'float *'} but argument is of type 'float (*)[1024]'
 2801 |   float32_t * pSrc,
      |   ~~~~~~~~~~~~^~~~
../Core/Src/workman.c:103:25: warning: passing argument 2 of 'arm_copy_f32' from incompatible pointer type [-Wincompatible-pointer-types]
  103 |  arm_copy_f32(&dataCh1, &bufCh1, 1024);
      |                         ^~~~~~~
      |                         |
      |                         float (*)[1024]
In file included from ../Core/Inc/main.h:37,
                 from ../Core/Inc/workman.h:4,
                 from ../Core/Src/workman.c:1:
../Drivers/DSP/Inc/arm_math.h:2802:15: note: expected 'float32_t *' {aka 'float *'} but argument is of type 'float (*)[1024]'
 2802 |   float32_t * pDst,
      |   ~~~~~~~~~~~~^~~~
../Core/Src/workman.c:104:15: warning: passing argument 1 of 'arm_copy_f32' from incompatible pointer type [-Wincompatible-pointer-types]
  104 |  arm_copy_f32(&dataCh2, &bufCh2, 1024);
      |               ^~~~~~~~
      |               |
      |               float (*)[1024]
In file included from ../Core/Inc/main.h:37,
                 from ../Core/Inc/workman.h:4,
                 from ../Core/Src/workman.c:1:
../Drivers/DSP/Inc/arm_math.h:2801:15: note: expected 'float32_t *' {aka 'float *'} but argument is of type 'float (*)[1024]'
 2801 |   float32_t * pSrc,
      |   ~~~~~~~~~~~~^~~~
../Core/Src/workman.c:104:25: warning: passing argument 2 of 'arm_copy_f32' from incompatible pointer type [-Wincompatible-pointer-types]
  104 |  arm_copy_f32(&dataCh2, &bufCh2, 1024);
      |                         ^~~~~~~
      |                         |
      |                         float (*)[1024]
In file included from ../Core/Inc/main.h:37,
                 from ../Core/Inc/workman.h:4,
                 from ../Core/Src/workman.c:1:
../Drivers/DSP/Inc/arm_math.h:2802:15: note: expected 'float32_t *' {aka 'float *'} but argument is of type 'float (*)[1024]'
 2802 |   float32_t * pDst,
      |   ~~~~~~~~~~~~^~~~
../Core/Src/workman.c:98:22: warning: variable 'differ' set but not used [-Wunused-but-set-variable]
   98 |  float phase1,phase2,differ;
      |                      ^~~~~~
../Core/Src/workman.c:98:15: warning: variable 'phase2' set but not used [-Wunused-but-set-variable]
   98 |  float phase1,phase2,differ;
      |               ^~~~~~
../Core/Src/workman.c:98:8: warning: variable 'phase1' set but not used [-Wunused-but-set-variable]
   98 |  float phase1,phase2,differ;
      |        ^~~~~~
../Core/Src/workman.c: In function 'resUart6':
../Core/Src/workman.c:133:3: warning: implicit declaration of function 'Write_frequence' [-Wimplicit-function-declaration]
  133 |   Write_frequence(0, 100);
      |   ^~~~~~~~~~~~~~~
arm-none-eabi-gcc -o "diansai_19_C.elf" @"objects.list"   -mcpu=cortex-m4 -T"G:\CubeProject\diansai_19_C\STM32F407ZGTX_FLASH.ld" --specs=nosys.specs -Wl,-Map="diansai_19_C.map" -Wl,--gc-sections -static --specs=nano.specs -mfpu=fpv4-sp-d16 -mfloat-abi=hard -mthumb -u _printf_float -Wl,--start-group -lc -lm -Wl,--end-group
Finished building target: diansai_19_C.elf
 
arm-none-eabi-objdump -h -S  diansai_19_C.elf  > "diansai_19_C.list"
arm-none-eabi-objcopy  -O binary  diansai_19_C.elf  "diansai_19_C.bin"
arm-none-eabi-size   diansai_19_C.elf 
   text	   data	    bss	    dec	    hex	filename
 127232	    552	  14560	 142344	  22c08	diansai_19_C.elf
Finished building: default.size.stdout
 
Finished building: diansai_19_C.bin
 
Finished building: diansai_19_C.list
 
18:32:15 **** Incremental Build of configuration Debug for project diansai_19_C ****
make -j12 all 
arm-none-eabi-gcc "../Core/Src/tft.c" -mcpu=cortex-m4 -std=gnu11 -g3 -DDEBUG '-D__FPU_PRESENT = 1U' -D__TARGET_FPU_VFP -DARM_MATH_CM4 -DUSE_HAL_DRIVER -DSTM32F407xx -c -I../Core/Inc -I../Drivers/DSP/Inc -I../Drivers/STM32F4xx_HAL_Driver/Inc -I../Drivers/STM32F4xx_HAL_Driver/Inc/Legacy -I../Drivers/CMSIS/Device/ST/STM32F4xx/Include -I../Drivers/CMSIS/Include -O0 -ffunction-sections -fdata-sections -Wall -fstack-usage -MMD -MP -MF"Core/Src/tft.d" -MT"Core/Src/tft.o" --specs=nano.specs -mfpu=fpv4-sp-d16 -mfloat-abi=hard -mthumb -o "Core/Src/tft.o"
../Core/Src/tft.c: In function 'tft_text_int':
../Core/Src/tft.c:37:10: warning: pointer targets in passing argument 1 of 'sprintf' differ in signedness [-Wpointer-sign]
   37 |  sprintf(body,"%d",num);
      |          ^~~~
      |          |
      |          uint8_t * {aka unsigned char *}
In file included from ../Core/Inc/tft.h:4,
                 from ../Core/Src/tft.c:1:
g:\cubeide\stm32cubeide_1.6.1\stm32cubeide\plugins\com.st.stm32cube.ide.mcu.externaltools.gnu-tools-for-stm32.9-2020-q2-update.win32_1.5.0.202011040924\tools\arm-none-eabi\include\stdio.h:244:14: note: expected 'char * restrict' but argument is of type 'uint8_t *' {aka 'unsigned char *'}
  244 | int sprintf (char *__restrict, const char *__restrict, ...)
      |              ^
../Core/Src/tft.c: In function 'tft_text_float':
../Core/Src/tft.c:55:10: warning: pointer targets in passing argument 1 of 'sprintf' differ in signedness [-Wpointer-sign]
   55 |  sprintf(body,"%.6f",num);
      |          ^~~~
      |          |
      |          uint8_t * {aka unsigned char *}
In file included from ../Core/Inc/tft.h:4,
                 from ../Core/Src/tft.c:1:
g:\cubeide\stm32cubeide_1.6.1\stm32cubeide\plugins\com.st.stm32cube.ide.mcu.externaltools.gnu-tools-for-stm32.9-2020-q2-update.win32_1.5.0.202011040924\tools\arm-none-eabi\include\stdio.h:244:14: note: expected 'char * restrict' but argument is of type 'uint8_t *' {aka 'unsigned char *'}
  244 | int sprintf (char *__restrict, const char *__restrict, ...)
      |              ^
arm-none-eabi-gcc -o "diansai_19_C.elf" @"objects.list"   -mcpu=cortex-m4 -T"G:\CubeProject\diansai_19_C\STM32F407ZGTX_FLASH.ld" --specs=nosys.specs -Wl,-Map="diansai_19_C.map" -Wl,--gc-sections -static --specs=nano.specs -mfpu=fpv4-sp-d16 -mfloat-abi=hard -mthumb -u _printf_float -Wl,--start-group -lc -lm -Wl,--end-group
Finished building target: diansai_19_C.elf
 
arm-none-eabi-objdump -h -S  diansai_19_C.elf  > "diansai_19_C.list"
arm-none-eabi-objcopy  -O binary  diansai_19_C.elf  "diansai_19_C.bin"
arm-none-eabi-size   diansai_19_C.elf 
   text	   data	    bss	    dec	    hex	filename
 127248	    552	  14560	 142360	  22c18	diansai_19_C.elf
Finished building: default.size.stdout
 
Finished building: diansai_19_C.bin
 
Finished building: diansai_19_C.list
 
18:51:12 **** Incremental Build of configuration Debug for project diansai_19_C ****
make -j12 all 
arm-none-eabi-gcc "../Core/Src/workman.c" -mcpu=cortex-m4 -std=gnu11 -g3 -DDEBUG '-D__FPU_PRESENT = 1U' -D__TARGET_FPU_VFP -DARM_MATH_CM4 -DUSE_HAL_DRIVER -DSTM32F407xx -c -I../Core/Inc -I../Drivers/DSP/Inc -I../Drivers/STM32F4xx_HAL_Driver/Inc -I../Drivers/STM32F4xx_HAL_Driver/Inc/Legacy -I../Drivers/CMSIS/Device/ST/STM32F4xx/Include -I../Drivers/CMSIS/Include -O0 -ffunction-sections -fdata-sections -Wall -fstack-usage -MMD -MP -MF"Core/Src/workman.d" -MT"Core/Src/workman.o" --specs=nano.specs -mfpu=fpv4-sp-d16 -mfloat-abi=hard -mthumb -o "Core/Src/workman.o"
../Core/Src/workman.c: In function 'DosomethingTim1':
../Core/Src/workman.c:103:15: warning: passing argument 1 of 'arm_copy_f32' from incompatible pointer type [-Wincompatible-pointer-types]
  103 |  arm_copy_f32(&dataCh1, &bufCh1, 1024);
      |               ^~~~~~~~
      |               |
      |               float (*)[1024]
In file included from ../Core/Inc/main.h:37,
                 from ../Core/Inc/workman.h:4,
                 from ../Core/Src/workman.c:1:
../Drivers/DSP/Inc/arm_math.h:2801:15: note: expected 'float32_t *' {aka 'float *'} but argument is of type 'float (*)[1024]'
 2801 |   float32_t * pSrc,
      |   ~~~~~~~~~~~~^~~~
../Core/Src/workman.c:103:25: warning: passing argument 2 of 'arm_copy_f32' from incompatible pointer type [-Wincompatible-pointer-types]
  103 |  arm_copy_f32(&dataCh1, &bufCh1, 1024);
      |                         ^~~~~~~
      |                         |
      |                         float (*)[1024]
In file included from ../Core/Inc/main.h:37,
                 from ../Core/Inc/workman.h:4,
                 from ../Core/Src/workman.c:1:
../Drivers/DSP/Inc/arm_math.h:2802:15: note: expected 'float32_t *' {aka 'float *'} but argument is of type 'float (*)[1024]'
 2802 |   float32_t * pDst,
      |   ~~~~~~~~~~~~^~~~
../Core/Src/workman.c:104:15: warning: passing argument 1 of 'arm_copy_f32' from incompatible pointer type [-Wincompatible-pointer-types]
  104 |  arm_copy_f32(&dataCh2, &bufCh2, 1024);
      |               ^~~~~~~~
      |               |
      |               float (*)[1024]
In file included from ../Core/Inc/main.h:37,
                 from ../Core/Inc/workman.h:4,
                 from ../Core/Src/workman.c:1:
../Drivers/DSP/Inc/arm_math.h:2801:15: note: expected 'float32_t *' {aka 'float *'} but argument is of type 'float (*)[1024]'
 2801 |   float32_t * pSrc,
      |   ~~~~~~~~~~~~^~~~
../Core/Src/workman.c:104:25: warning: passing argument 2 of 'arm_copy_f32' from incompatible pointer type [-Wincompatible-pointer-types]
  104 |  arm_copy_f32(&dataCh2, &bufCh2, 1024);
      |                         ^~~~~~~
      |                         |
      |                         float (*)[1024]
In file included from ../Core/Inc/main.h:37,
                 from ../Core/Inc/workman.h:4,
                 from ../Core/Src/workman.c:1:
../Drivers/DSP/Inc/arm_math.h:2802:15: note: expected 'float32_t *' {aka 'float *'} but argument is of type 'float (*)[1024]'
 2802 |   float32_t * pDst,
      |   ~~~~~~~~~~~~^~~~
../Core/Src/workman.c:98:22: warning: variable 'differ' set but not used [-Wunused-but-set-variable]
   98 |  float phase1,phase2,differ;
      |                      ^~~~~~
../Core/Src/workman.c:98:15: warning: variable 'phase2' set but not used [-Wunused-but-set-variable]
   98 |  float phase1,phase2,differ;
      |               ^~~~~~
../Core/Src/workman.c:98:8: warning: variable 'phase1' set but not used [-Wunused-but-set-variable]
   98 |  float phase1,phase2,differ;
      |        ^~~~~~
../Core/Src/workman.c: In function 'resUart6':
../Core/Src/workman.c:133:3: warning: implicit declaration of function 'Write_frequence' [-Wimplicit-function-declaration]
  133 |   Write_frequence(0, 100);
      |   ^~~~~~~~~~~~~~~
arm-none-eabi-gcc -o "diansai_19_C.elf" @"objects.list"   -mcpu=cortex-m4 -T"G:\CubeProject\diansai_19_C\STM32F407ZGTX_FLASH.ld" --specs=nosys.specs -Wl,-Map="diansai_19_C.map" -Wl,--gc-sections -static --specs=nano.specs -mfpu=fpv4-sp-d16 -mfloat-abi=hard -mthumb -u _printf_float -Wl,--start-group -lc -lm -Wl,--end-group
Finished building target: diansai_19_C.elf
 
arm-none-eabi-objdump -h -S  diansai_19_C.elf  > "diansai_19_C.list"
arm-none-eabi-objcopy  -O binary  diansai_19_C.elf  "diansai_19_C.bin"
arm-none-eabi-size   diansai_19_C.elf 
   text	   data	    bss	    dec	    hex	filename
 127280	    552	  14560	 142392	  22c38	diansai_19_C.elf
Finished building: default.size.stdout
 
Finished building: diansai_19_C.list
 
Finished building: diansai_19_C.bin
 
18:51:50 **** Incremental Build of configuration Debug for project diansai_19_C ****
make -j12 all 
arm-none-eabi-gcc "../Core/Src/ADS8688.c" -mcpu=cortex-m4 -std=gnu11 -g3 -DDEBUG '-D__FPU_PRESENT = 1U' -D__TARGET_FPU_VFP -DARM_MATH_CM4 -DUSE_HAL_DRIVER -DSTM32F407xx -c -I../Core/Inc -I../Drivers/DSP/Inc -I../Drivers/STM32F4xx_HAL_Driver/Inc -I../Drivers/STM32F4xx_HAL_Driver/Inc/Legacy -I../Drivers/CMSIS/Device/ST/STM32F4xx/Include -I../Drivers/CMSIS/Include -O0 -ffunction-sections -fdata-sections -Wall -fstack-usage -MMD -MP -MF"Core/Src/ADS8688.d" -MT"Core/Src/ADS8688.o" --specs=nano.specs -mfpu=fpv4-sp-d16 -mfloat-abi=hard -mthumb -o "Core/Src/ADS8688.o"
arm-none-eabi-gcc -o "diansai_19_C.elf" @"objects.list"   -mcpu=cortex-m4 -T"G:\CubeProject\diansai_19_C\STM32F407ZGTX_FLASH.ld" --specs=nosys.specs -Wl,-Map="diansai_19_C.map" -Wl,--gc-sections -static --specs=nano.specs -mfpu=fpv4-sp-d16 -mfloat-abi=hard -mthumb -u _printf_float -Wl,--start-group -lc -lm -Wl,--end-group
Finished building target: diansai_19_C.elf
 
arm-none-eabi-objdump -h -S  diansai_19_C.elf  > "diansai_19_C.list"
arm-none-eabi-objcopy  -O binary  diansai_19_C.elf  "diansai_19_C.bin"
arm-none-eabi-size   diansai_19_C.elf 
   text	   data	    bss	    dec	    hex	filename
 127280	    552	  14560	 142392	  22c38	diansai_19_C.elf
Finished building: default.size.stdout
 
Finished building: diansai_19_C.bin
 
Finished building: diansai_19_C.list
 
18:53:34 **** Incremental Build of configuration Debug for project diansai_19_C ****
make -j12 all 
arm-none-eabi-gcc "../Core/Src/workman.c" -mcpu=cortex-m4 -std=gnu11 -g3 -DDEBUG '-D__FPU_PRESENT = 1U' -D__TARGET_FPU_VFP -DARM_MATH_CM4 -DUSE_HAL_DRIVER -DSTM32F407xx -c -I../Core/Inc -I../Drivers/DSP/Inc -I../Drivers/STM32F4xx_HAL_Driver/Inc -I../Drivers/STM32F4xx_HAL_Driver/Inc/Legacy -I../Drivers/CMSIS/Device/ST/STM32F4xx/Include -I../Drivers/CMSIS/Include -O0 -ffunction-sections -fdata-sections -Wall -fstack-usage -MMD -MP -MF"Core/Src/workman.d" -MT"Core/Src/workman.o" --specs=nano.specs -mfpu=fpv4-sp-d16 -mfloat-abi=hard -mthumb -o "Core/Src/workman.o"
../Core/Src/workman.c: In function 'DosomethingTim1':
../Core/Src/workman.c:103:15: warning: passing argument 1 of 'arm_copy_f32' from incompatible pointer type [-Wincompatible-pointer-types]
  103 |  arm_copy_f32(&dataCh1, &bufCh1, 1024);
      |               ^~~~~~~~
      |               |
      |               float (*)[1024]
In file included from ../Core/Inc/main.h:37,
                 from ../Core/Inc/workman.h:4,
                 from ../Core/Src/workman.c:1:
../Drivers/DSP/Inc/arm_math.h:2801:15: note: expected 'float32_t *' {aka 'float *'} but argument is of type 'float (*)[1024]'
 2801 |   float32_t * pSrc,
      |   ~~~~~~~~~~~~^~~~
../Core/Src/workman.c:103:25: warning: passing argument 2 of 'arm_copy_f32' from incompatible pointer type [-Wincompatible-pointer-types]
  103 |  arm_copy_f32(&dataCh1, &bufCh1, 1024);
      |                         ^~~~~~~
      |                         |
      |                         float (*)[1024]
In file included from ../Core/Inc/main.h:37,
                 from ../Core/Inc/workman.h:4,
                 from ../Core/Src/workman.c:1:
../Drivers/DSP/Inc/arm_math.h:2802:15: note: expected 'float32_t *' {aka 'float *'} but argument is of type 'float (*)[1024]'
 2802 |   float32_t * pDst,
      |   ~~~~~~~~~~~~^~~~
../Core/Src/workman.c:104:15: warning: passing argument 1 of 'arm_copy_f32' from incompatible pointer type [-Wincompatible-pointer-types]
  104 |  arm_copy_f32(&dataCh2, &bufCh2, 1024);
      |               ^~~~~~~~
      |               |
      |               float (*)[1024]
In file included from ../Core/Inc/main.h:37,
                 from ../Core/Inc/workman.h:4,
                 from ../Core/Src/workman.c:1:
../Drivers/DSP/Inc/arm_math.h:2801:15: note: expected 'float32_t *' {aka 'float *'} but argument is of type 'float (*)[1024]'
 2801 |   float32_t * pSrc,
      |   ~~~~~~~~~~~~^~~~
../Core/Src/workman.c:104:25: warning: passing argument 2 of 'arm_copy_f32' from incompatible pointer type [-Wincompatible-pointer-types]
  104 |  arm_copy_f32(&dataCh2, &bufCh2, 1024);
      |                         ^~~~~~~
      |                         |
      |                         float (*)[1024]
In file included from ../Core/Inc/main.h:37,
                 from ../Core/Inc/workman.h:4,
                 from ../Core/Src/workman.c:1:
../Drivers/DSP/Inc/arm_math.h:2802:15: note: expected 'float32_t *' {aka 'float *'} but argument is of type 'float (*)[1024]'
 2802 |   float32_t * pDst,
      |   ~~~~~~~~~~~~^~~~
../Core/Src/workman.c:98:22: warning: variable 'differ' set but not used [-Wunused-but-set-variable]
   98 |  float phase1,phase2,differ;
      |                      ^~~~~~
../Core/Src/workman.c:98:15: warning: variable 'phase2' set but not used [-Wunused-but-set-variable]
   98 |  float phase1,phase2,differ;
      |               ^~~~~~
../Core/Src/workman.c:98:8: warning: variable 'phase1' set but not used [-Wunused-but-set-variable]
   98 |  float phase1,phase2,differ;
      |        ^~~~~~
../Core/Src/workman.c: In function 'resUart6':
../Core/Src/workman.c:133:3: warning: implicit declaration of function 'Write_frequence' [-Wimplicit-function-declaration]
  133 |   Write_frequence(0, 100);
      |   ^~~~~~~~~~~~~~~
arm-none-eabi-gcc -o "diansai_19_C.elf" @"objects.list"   -mcpu=cortex-m4 -T"G:\CubeProject\diansai_19_C\STM32F407ZGTX_FLASH.ld" --specs=nosys.specs -Wl,-Map="diansai_19_C.map" -Wl,--gc-sections -static --specs=nano.specs -mfpu=fpv4-sp-d16 -mfloat-abi=hard -mthumb -u _printf_float -Wl,--start-group -lc -lm -Wl,--end-group
Finished building target: diansai_19_C.elf
 
arm-none-eabi-objdump -h -S  diansai_19_C.elf  > "diansai_19_C.list"
arm-none-eabi-objcopy  -O binary  diansai_19_C.elf  "diansai_19_C.bin"
arm-none-eabi-size   diansai_19_C.elf 
   text	   data	    bss	    dec	    hex	filename
 127272	    552	  14560	 142384	  22c30	diansai_19_C.elf
Finished building: default.size.stdout
 
Finished building: diansai_19_C.bin
 
Finished building: diansai_19_C.list
 
19:16:17 **** Incremental Build of configuration Debug for project diansai_19_C ****
make -j12 all 
arm-none-eabi-gcc "../Core/Src/workman.c" -mcpu=cortex-m4 -std=gnu11 -g3 -DDEBUG '-D__FPU_PRESENT = 1U' -D__TARGET_FPU_VFP -DARM_MATH_CM4 -DUSE_HAL_DRIVER -DSTM32F407xx -c -I../Core/Inc -I../Drivers/DSP/Inc -I../Drivers/STM32F4xx_HAL_Driver/Inc -I../Drivers/STM32F4xx_HAL_Driver/Inc/Legacy -I../Drivers/CMSIS/Device/ST/STM32F4xx/Include -I../Drivers/CMSIS/Include -O0 -ffunction-sections -fdata-sections -Wall -fstack-usage -MMD -MP -MF"Core/Src/workman.d" -MT"Core/Src/workman.o" --specs=nano.specs -mfpu=fpv4-sp-d16 -mfloat-abi=hard -mthumb -o "Core/Src/workman.o"
../Core/Src/workman.c: In function 'DosomethingTim1':
../Core/Src/workman.c:103:15: warning: passing argument 1 of 'arm_copy_f32' from incompatible pointer type [-Wincompatible-pointer-types]
  103 |  arm_copy_f32(&dataCh1, &bufCh1, 1024);
      |               ^~~~~~~~
      |               |
      |               float (*)[1024]
In file included from ../Core/Inc/main.h:37,
                 from ../Core/Inc/workman.h:4,
                 from ../Core/Src/workman.c:1:
../Drivers/DSP/Inc/arm_math.h:2801:15: note: expected 'float32_t *' {aka 'float *'} but argument is of type 'float (*)[1024]'
 2801 |   float32_t * pSrc,
      |   ~~~~~~~~~~~~^~~~
../Core/Src/workman.c:103:25: warning: passing argument 2 of 'arm_copy_f32' from incompatible pointer type [-Wincompatible-pointer-types]
  103 |  arm_copy_f32(&dataCh1, &bufCh1, 1024);
      |                         ^~~~~~~
      |                         |
      |                         float (*)[1024]
In file included from ../Core/Inc/main.h:37,
                 from ../Core/Inc/workman.h:4,
                 from ../Core/Src/workman.c:1:
../Drivers/DSP/Inc/arm_math.h:2802:15: note: expected 'float32_t *' {aka 'float *'} but argument is of type 'float (*)[1024]'
 2802 |   float32_t * pDst,
      |   ~~~~~~~~~~~~^~~~
../Core/Src/workman.c:104:15: warning: passing argument 1 of 'arm_copy_f32' from incompatible pointer type [-Wincompatible-pointer-types]
  104 |  arm_copy_f32(&dataCh2, &bufCh2, 1024);
      |               ^~~~~~~~
      |               |
      |               float (*)[1024]
In file included from ../Core/Inc/main.h:37,
                 from ../Core/Inc/workman.h:4,
                 from ../Core/Src/workman.c:1:
../Drivers/DSP/Inc/arm_math.h:2801:15: note: expected 'float32_t *' {aka 'float *'} but argument is of type 'float (*)[1024]'
 2801 |   float32_t * pSrc,
      |   ~~~~~~~~~~~~^~~~
../Core/Src/workman.c:104:25: warning: passing argument 2 of 'arm_copy_f32' from incompatible pointer type [-Wincompatible-pointer-types]
  104 |  arm_copy_f32(&dataCh2, &bufCh2, 1024);
      |                         ^~~~~~~
      |                         |
      |                         float (*)[1024]
In file included from ../Core/Inc/main.h:37,
                 from ../Core/Inc/workman.h:4,
                 from ../Core/Src/workman.c:1:
../Drivers/DSP/Inc/arm_math.h:2802:15: note: expected 'float32_t *' {aka 'float *'} but argument is of type 'float (*)[1024]'
 2802 |   float32_t * pDst,
      |   ~~~~~~~~~~~~^~~~
../Core/Src/workman.c:98:22: warning: variable 'differ' set but not used [-Wunused-but-set-variable]
   98 |  float phase1,phase2,differ;
      |                      ^~~~~~
../Core/Src/workman.c:98:15: warning: variable 'phase2' set but not used [-Wunused-but-set-variable]
   98 |  float phase1,phase2,differ;
      |               ^~~~~~
../Core/Src/workman.c:98:8: warning: variable 'phase1' set but not used [-Wunused-but-set-variable]
   98 |  float phase1,phase2,differ;
      |        ^~~~~~
../Core/Src/workman.c: In function 'resUart6':
../Core/Src/workman.c:133:3: warning: implicit declaration of function 'Write_frequence' [-Wimplicit-function-declaration]
  133 |   Write_frequence(0, 100);
      |   ^~~~~~~~~~~~~~~
../Core/Src/workman.c: In function 'DosomethingTim3':
../Core/Src/workman.c:193:24: error: expected ';' before 'tft_text_float'
  193 |  Z=avg2/(avg1-avg2)*620
      |                        ^
      |                        ;
  194 |  tft_text_float(0, 12, Z);
      |  ~~~~~~~~~~~~~~         
../Core/Src/workman.c:185:18: warning: variable 'Z' set but not used [-Wunused-but-set-variable]
  185 |  float avg1,avg2,Z;
      |                  ^
make: *** [Core/Src/subdir.mk:69: Core/Src/workman.o] Error 1
"make -j12 all" terminated with exit code 2. Build might be incomplete.
19:16:28 **** Incremental Build of configuration Debug for project diansai_19_C ****
make -j12 all 
arm-none-eabi-gcc "../Core/Src/workman.c" -mcpu=cortex-m4 -std=gnu11 -g3 -DDEBUG '-D__FPU_PRESENT = 1U' -D__TARGET_FPU_VFP -DARM_MATH_CM4 -DUSE_HAL_DRIVER -DSTM32F407xx -c -I../Core/Inc -I../Drivers/DSP/Inc -I../Drivers/STM32F4xx_HAL_Driver/Inc -I../Drivers/STM32F4xx_HAL_Driver/Inc/Legacy -I../Drivers/CMSIS/Device/ST/STM32F4xx/Include -I../Drivers/CMSIS/Include -O0 -ffunction-sections -fdata-sections -Wall -fstack-usage -MMD -MP -MF"Core/Src/workman.d" -MT"Core/Src/workman.o" --specs=nano.specs -mfpu=fpv4-sp-d16 -mfloat-abi=hard -mthumb -o "Core/Src/workman.o"
../Core/Src/workman.c: In function 'DosomethingTim1':
../Core/Src/workman.c:103:15: warning: passing argument 1 of 'arm_copy_f32' from incompatible pointer type [-Wincompatible-pointer-types]
  103 |  arm_copy_f32(&dataCh1, &bufCh1, 1024);
      |               ^~~~~~~~
      |               |
      |               float (*)[1024]
In file included from ../Core/Inc/main.h:37,
                 from ../Core/Inc/workman.h:4,
                 from ../Core/Src/workman.c:1:
../Drivers/DSP/Inc/arm_math.h:2801:15: note: expected 'float32_t *' {aka 'float *'} but argument is of type 'float (*)[1024]'
 2801 |   float32_t * pSrc,
      |   ~~~~~~~~~~~~^~~~
../Core/Src/workman.c:103:25: warning: passing argument 2 of 'arm_copy_f32' from incompatible pointer type [-Wincompatible-pointer-types]
  103 |  arm_copy_f32(&dataCh1, &bufCh1, 1024);
      |                         ^~~~~~~
      |                         |
      |                         float (*)[1024]
In file included from ../Core/Inc/main.h:37,
                 from ../Core/Inc/workman.h:4,
                 from ../Core/Src/workman.c:1:
../Drivers/DSP/Inc/arm_math.h:2802:15: note: expected 'float32_t *' {aka 'float *'} but argument is of type 'float (*)[1024]'
 2802 |   float32_t * pDst,
      |   ~~~~~~~~~~~~^~~~
../Core/Src/workman.c:104:15: warning: passing argument 1 of 'arm_copy_f32' from incompatible pointer type [-Wincompatible-pointer-types]
  104 |  arm_copy_f32(&dataCh2, &bufCh2, 1024);
      |               ^~~~~~~~
      |               |
      |               float (*)[1024]
In file included from ../Core/Inc/main.h:37,
                 from ../Core/Inc/workman.h:4,
                 from ../Core/Src/workman.c:1:
../Drivers/DSP/Inc/arm_math.h:2801:15: note: expected 'float32_t *' {aka 'float *'} but argument is of type 'float (*)[1024]'
 2801 |   float32_t * pSrc,
      |   ~~~~~~~~~~~~^~~~
../Core/Src/workman.c:104:25: warning: passing argument 2 of 'arm_copy_f32' from incompatible pointer type [-Wincompatible-pointer-types]
  104 |  arm_copy_f32(&dataCh2, &bufCh2, 1024);
      |                         ^~~~~~~
      |                         |
      |                         float (*)[1024]
In file included from ../Core/Inc/main.h:37,
                 from ../Core/Inc/workman.h:4,
                 from ../Core/Src/workman.c:1:
../Drivers/DSP/Inc/arm_math.h:2802:15: note: expected 'float32_t *' {aka 'float *'} but argument is of type 'float (*)[1024]'
 2802 |   float32_t * pDst,
      |   ~~~~~~~~~~~~^~~~
../Core/Src/workman.c:98:22: warning: variable 'differ' set but not used [-Wunused-but-set-variable]
   98 |  float phase1,phase2,differ;
      |                      ^~~~~~
../Core/Src/workman.c:98:15: warning: variable 'phase2' set but not used [-Wunused-but-set-variable]
   98 |  float phase1,phase2,differ;
      |               ^~~~~~
../Core/Src/workman.c:98:8: warning: variable 'phase1' set but not used [-Wunused-but-set-variable]
   98 |  float phase1,phase2,differ;
      |        ^~~~~~
../Core/Src/workman.c: In function 'resUart6':
../Core/Src/workman.c:133:3: warning: implicit declaration of function 'Write_frequence' [-Wimplicit-function-declaration]
  133 |   Write_frequence(0, 100);
      |   ^~~~~~~~~~~~~~~
arm-none-eabi-gcc -o "diansai_19_C.elf" @"objects.list"   -mcpu=cortex-m4 -T"G:\CubeProject\diansai_19_C\STM32F407ZGTX_FLASH.ld" --specs=nosys.specs -Wl,-Map="diansai_19_C.map" -Wl,--gc-sections -static --specs=nano.specs -mfpu=fpv4-sp-d16 -mfloat-abi=hard -mthumb -u _printf_float -Wl,--start-group -lc -lm -Wl,--end-group
Finished building target: diansai_19_C.elf
 
arm-none-eabi-objdump -h -S  diansai_19_C.elf  > "diansai_19_C.list"
arm-none-eabi-objcopy  -O binary  diansai_19_C.elf  "diansai_19_C.bin"
arm-none-eabi-size   diansai_19_C.elf 
   text	   data	    bss	    dec	    hex	filename
 126752	    548	  14556	 141856	  22a20	diansai_19_C.elf
Finished building: default.size.stdout
 
Finished building: diansai_19_C.bin
 
Finished building: diansai_19_C.list
 
19:17:02 **** Incremental Build of configuration Debug for project diansai_19_C ****
make -j12 all 
arm-none-eabi-size   diansai_19_C.elf 
   text	   data	    bss	    dec	    hex	filename
 126752	    548	  14556	 141856	  22a20	diansai_19_C.elf
Finished building: default.size.stdout
 
19:21:50 **** Incremental Build of configuration Debug for project diansai_19_C ****
make -j12 all 
arm-none-eabi-gcc "../Core/Src/workman.c" -mcpu=cortex-m4 -std=gnu11 -g3 -DDEBUG '-D__FPU_PRESENT = 1U' -D__TARGET_FPU_VFP -DARM_MATH_CM4 -DUSE_HAL_DRIVER -DSTM32F407xx -c -I../Core/Inc -I../Drivers/DSP/Inc -I../Drivers/STM32F4xx_HAL_Driver/Inc -I../Drivers/STM32F4xx_HAL_Driver/Inc/Legacy -I../Drivers/CMSIS/Device/ST/STM32F4xx/Include -I../Drivers/CMSIS/Include -O0 -ffunction-sections -fdata-sections -Wall -fstack-usage -MMD -MP -MF"Core/Src/workman.d" -MT"Core/Src/workman.o" --specs=nano.specs -mfpu=fpv4-sp-d16 -mfloat-abi=hard -mthumb -o "Core/Src/workman.o"
../Core/Src/workman.c: In function 'DosomethingTim1':
../Core/Src/workman.c:103:15: warning: passing argument 1 of 'arm_copy_f32' from incompatible pointer type [-Wincompatible-pointer-types]
  103 |  arm_copy_f32(&dataCh1, &bufCh1, 1024);
      |               ^~~~~~~~
      |               |
      |               float (*)[1024]
In file included from ../Core/Inc/main.h:37,
                 from ../Core/Inc/workman.h:4,
                 from ../Core/Src/workman.c:1:
../Drivers/DSP/Inc/arm_math.h:2801:15: note: expected 'float32_t *' {aka 'float *'} but argument is of type 'float (*)[1024]'
 2801 |   float32_t * pSrc,
      |   ~~~~~~~~~~~~^~~~
../Core/Src/workman.c:103:25: warning: passing argument 2 of 'arm_copy_f32' from incompatible pointer type [-Wincompatible-pointer-types]
  103 |  arm_copy_f32(&dataCh1, &bufCh1, 1024);
      |                         ^~~~~~~
      |                         |
      |                         float (*)[1024]
In file included from ../Core/Inc/main.h:37,
                 from ../Core/Inc/workman.h:4,
                 from ../Core/Src/workman.c:1:
../Drivers/DSP/Inc/arm_math.h:2802:15: note: expected 'float32_t *' {aka 'float *'} but argument is of type 'float (*)[1024]'
 2802 |   float32_t * pDst,
      |   ~~~~~~~~~~~~^~~~
../Core/Src/workman.c:104:15: warning: passing argument 1 of 'arm_copy_f32' from incompatible pointer type [-Wincompatible-pointer-types]
  104 |  arm_copy_f32(&dataCh2, &bufCh2, 1024);
      |               ^~~~~~~~
      |               |
      |               float (*)[1024]
In file included from ../Core/Inc/main.h:37,
                 from ../Core/Inc/workman.h:4,
                 from ../Core/Src/workman.c:1:
../Drivers/DSP/Inc/arm_math.h:2801:15: note: expected 'float32_t *' {aka 'float *'} but argument is of type 'float (*)[1024]'
 2801 |   float32_t * pSrc,
      |   ~~~~~~~~~~~~^~~~
../Core/Src/workman.c:104:25: warning: passing argument 2 of 'arm_copy_f32' from incompatible pointer type [-Wincompatible-pointer-types]
  104 |  arm_copy_f32(&dataCh2, &bufCh2, 1024);
      |                         ^~~~~~~
      |                         |
      |                         float (*)[1024]
In file included from ../Core/Inc/main.h:37,
                 from ../Core/Inc/workman.h:4,
                 from ../Core/Src/workman.c:1:
../Drivers/DSP/Inc/arm_math.h:2802:15: note: expected 'float32_t *' {aka 'float *'} but argument is of type 'float (*)[1024]'
 2802 |   float32_t * pDst,
      |   ~~~~~~~~~~~~^~~~
../Core/Src/workman.c:98:22: warning: variable 'differ' set but not used [-Wunused-but-set-variable]
   98 |  float phase1,phase2,differ;
      |                      ^~~~~~
../Core/Src/workman.c:98:15: warning: variable 'phase2' set but not used [-Wunused-but-set-variable]
   98 |  float phase1,phase2,differ;
      |               ^~~~~~
../Core/Src/workman.c:98:8: warning: variable 'phase1' set but not used [-Wunused-but-set-variable]
   98 |  float phase1,phase2,differ;
      |        ^~~~~~
../Core/Src/workman.c: In function 'resUart6':
../Core/Src/workman.c:133:3: warning: implicit declaration of function 'Write_frequence' [-Wimplicit-function-declaration]
  133 |   Write_frequence(0, 100);
      |   ^~~~~~~~~~~~~~~
arm-none-eabi-gcc -o "diansai_19_C.elf" @"objects.list"   -mcpu=cortex-m4 -T"G:\CubeProject\diansai_19_C\STM32F407ZGTX_FLASH.ld" --specs=nosys.specs -Wl,-Map="diansai_19_C.map" -Wl,--gc-sections -static --specs=nano.specs -mfpu=fpv4-sp-d16 -mfloat-abi=hard -mthumb -u _printf_float -Wl,--start-group -lc -lm -Wl,--end-group
Finished building target: diansai_19_C.elf
 
arm-none-eabi-objdump -h -S  diansai_19_C.elf  > "diansai_19_C.list"
arm-none-eabi-objcopy  -O binary  diansai_19_C.elf  "diansai_19_C.bin"
arm-none-eabi-size   diansai_19_C.elf 
   text	   data	    bss	    dec	    hex	filename
 127312	    552	  14560	 142424	  22c58	diansai_19_C.elf
Finished building: default.size.stdout
 
Finished building: diansai_19_C.bin
 
Finished building: diansai_19_C.list
 
19:53:07 **** Incremental Build of configuration Debug for project diansai_19_C ****
make -j12 all 
arm-none-eabi-gcc "../Core/Src/workman.c" -mcpu=cortex-m4 -std=gnu11 -g3 -DDEBUG '-D__FPU_PRESENT = 1U' -D__TARGET_FPU_VFP -DARM_MATH_CM4 -DUSE_HAL_DRIVER -DSTM32F407xx -c -I../Core/Inc -I../Drivers/DSP/Inc -I../Drivers/STM32F4xx_HAL_Driver/Inc -I../Drivers/STM32F4xx_HAL_Driver/Inc/Legacy -I../Drivers/CMSIS/Device/ST/STM32F4xx/Include -I../Drivers/CMSIS/Include -O0 -ffunction-sections -fdata-sections -Wall -fstack-usage -MMD -MP -MF"Core/Src/workman.d" -MT"Core/Src/workman.o" --specs=nano.specs -mfpu=fpv4-sp-d16 -mfloat-abi=hard -mthumb -o "Core/Src/workman.o"
../Core/Src/workman.c: In function 'DosomethingTim1':
../Core/Src/workman.c:103:15: warning: passing argument 1 of 'arm_copy_f32' from incompatible pointer type [-Wincompatible-pointer-types]
  103 |  arm_copy_f32(&dataCh1, &bufCh1, 1024);
      |               ^~~~~~~~
      |               |
      |               float (*)[1024]
In file included from ../Core/Inc/main.h:37,
                 from ../Core/Inc/workman.h:4,
                 from ../Core/Src/workman.c:1:
../Drivers/DSP/Inc/arm_math.h:2801:15: note: expected 'float32_t *' {aka 'float *'} but argument is of type 'float (*)[1024]'
 2801 |   float32_t * pSrc,
      |   ~~~~~~~~~~~~^~~~
../Core/Src/workman.c:103:25: warning: passing argument 2 of 'arm_copy_f32' from incompatible pointer type [-Wincompatible-pointer-types]
  103 |  arm_copy_f32(&dataCh1, &bufCh1, 1024);
      |                         ^~~~~~~
      |                         |
      |                         float (*)[1024]
In file included from ../Core/Inc/main.h:37,
                 from ../Core/Inc/workman.h:4,
                 from ../Core/Src/workman.c:1:
../Drivers/DSP/Inc/arm_math.h:2802:15: note: expected 'float32_t *' {aka 'float *'} but argument is of type 'float (*)[1024]'
 2802 |   float32_t * pDst,
      |   ~~~~~~~~~~~~^~~~
../Core/Src/workman.c:104:15: warning: passing argument 1 of 'arm_copy_f32' from incompatible pointer type [-Wincompatible-pointer-types]
  104 |  arm_copy_f32(&dataCh2, &bufCh2, 1024);
      |               ^~~~~~~~
      |               |
      |               float (*)[1024]
In file included from ../Core/Inc/main.h:37,
                 from ../Core/Inc/workman.h:4,
                 from ../Core/Src/workman.c:1:
../Drivers/DSP/Inc/arm_math.h:2801:15: note: expected 'float32_t *' {aka 'float *'} but argument is of type 'float (*)[1024]'
 2801 |   float32_t * pSrc,
      |   ~~~~~~~~~~~~^~~~
../Core/Src/workman.c:104:25: warning: passing argument 2 of 'arm_copy_f32' from incompatible pointer type [-Wincompatible-pointer-types]
  104 |  arm_copy_f32(&dataCh2, &bufCh2, 1024);
      |                         ^~~~~~~
      |                         |
      |                         float (*)[1024]
In file included from ../Core/Inc/main.h:37,
                 from ../Core/Inc/workman.h:4,
                 from ../Core/Src/workman.c:1:
../Drivers/DSP/Inc/arm_math.h:2802:15: note: expected 'float32_t *' {aka 'float *'} but argument is of type 'float (*)[1024]'
 2802 |   float32_t * pDst,
      |   ~~~~~~~~~~~~^~~~
../Core/Src/workman.c:98:22: warning: variable 'differ' set but not used [-Wunused-but-set-variable]
   98 |  float phase1,phase2,differ;
      |                      ^~~~~~
../Core/Src/workman.c:98:15: warning: variable 'phase2' set but not used [-Wunused-but-set-variable]
   98 |  float phase1,phase2,differ;
      |               ^~~~~~
../Core/Src/workman.c:98:8: warning: variable 'phase1' set but not used [-Wunused-but-set-variable]
   98 |  float phase1,phase2,differ;
      |        ^~~~~~
../Core/Src/workman.c: In function 'resUart6':
../Core/Src/workman.c:133:3: warning: implicit declaration of function 'Write_frequence' [-Wimplicit-function-declaration]
  133 |   Write_frequence(0, 100);
      |   ^~~~~~~~~~~~~~~
arm-none-eabi-gcc -o "diansai_19_C.elf" @"objects.list"   -mcpu=cortex-m4 -T"G:\CubeProject\diansai_19_C\STM32F407ZGTX_FLASH.ld" --specs=nosys.specs -Wl,-Map="diansai_19_C.map" -Wl,--gc-sections -static --specs=nano.specs -mfpu=fpv4-sp-d16 -mfloat-abi=hard -mthumb -u _printf_float -Wl,--start-group -lc -lm -Wl,--end-group
Finished building target: diansai_19_C.elf
 
arm-none-eabi-objdump -h -S  diansai_19_C.elf  > "diansai_19_C.list"
arm-none-eabi-objcopy  -O binary  diansai_19_C.elf  "diansai_19_C.bin"
arm-none-eabi-size   diansai_19_C.elf 
   text	   data	    bss	    dec	    hex	filename
 127320	    552	  14560	 142432	  22c60	diansai_19_C.elf
Finished building: default.size.stdout
 
Finished building: diansai_19_C.bin
 
Finished building: diansai_19_C.list
 
19:53:28 **** Incremental Build of configuration Debug for project diansai_19_C ****
make -j12 all 
arm-none-eabi-gcc "../Core/Src/workman.c" -mcpu=cortex-m4 -std=gnu11 -g3 -DDEBUG '-D__FPU_PRESENT = 1U' -D__TARGET_FPU_VFP -DARM_MATH_CM4 -DUSE_HAL_DRIVER -DSTM32F407xx -c -I../Core/Inc -I../Drivers/DSP/Inc -I../Drivers/STM32F4xx_HAL_Driver/Inc -I../Drivers/STM32F4xx_HAL_Driver/Inc/Legacy -I../Drivers/CMSIS/Device/ST/STM32F4xx/Include -I../Drivers/CMSIS/Include -O0 -ffunction-sections -fdata-sections -Wall -fstack-usage -MMD -MP -MF"Core/Src/workman.d" -MT"Core/Src/workman.o" --specs=nano.specs -mfpu=fpv4-sp-d16 -mfloat-abi=hard -mthumb -o "Core/Src/workman.o"
../Core/Src/workman.c: In function 'DosomethingTim1':
../Core/Src/workman.c:103:15: warning: passing argument 1 of 'arm_copy_f32' from incompatible pointer type [-Wincompatible-pointer-types]
  103 |  arm_copy_f32(&dataCh1, &bufCh1, 1024);
      |               ^~~~~~~~
      |               |
      |               float (*)[1024]
In file included from ../Core/Inc/main.h:37,
                 from ../Core/Inc/workman.h:4,
                 from ../Core/Src/workman.c:1:
../Drivers/DSP/Inc/arm_math.h:2801:15: note: expected 'float32_t *' {aka 'float *'} but argument is of type 'float (*)[1024]'
 2801 |   float32_t * pSrc,
      |   ~~~~~~~~~~~~^~~~
../Core/Src/workman.c:103:25: warning: passing argument 2 of 'arm_copy_f32' from incompatible pointer type [-Wincompatible-pointer-types]
  103 |  arm_copy_f32(&dataCh1, &bufCh1, 1024);
      |                         ^~~~~~~
      |                         |
      |                         float (*)[1024]
In file included from ../Core/Inc/main.h:37,
                 from ../Core/Inc/workman.h:4,
                 from ../Core/Src/workman.c:1:
../Drivers/DSP/Inc/arm_math.h:2802:15: note: expected 'float32_t *' {aka 'float *'} but argument is of type 'float (*)[1024]'
 2802 |   float32_t * pDst,
      |   ~~~~~~~~~~~~^~~~
../Core/Src/workman.c:104:15: warning: passing argument 1 of 'arm_copy_f32' from incompatible pointer type [-Wincompatible-pointer-types]
  104 |  arm_copy_f32(&dataCh2, &bufCh2, 1024);
      |               ^~~~~~~~
      |               |
      |               float (*)[1024]
In file included from ../Core/Inc/main.h:37,
                 from ../Core/Inc/workman.h:4,
                 from ../Core/Src/workman.c:1:
../Drivers/DSP/Inc/arm_math.h:2801:15: note: expected 'float32_t *' {aka 'float *'} but argument is of type 'float (*)[1024]'
 2801 |   float32_t * pSrc,
      |   ~~~~~~~~~~~~^~~~
../Core/Src/workman.c:104:25: warning: passing argument 2 of 'arm_copy_f32' from incompatible pointer type [-Wincompatible-pointer-types]
  104 |  arm_copy_f32(&dataCh2, &bufCh2, 1024);
      |                         ^~~~~~~
      |                         |
      |                         float (*)[1024]
In file included from ../Core/Inc/main.h:37,
                 from ../Core/Inc/workman.h:4,
                 from ../Core/Src/workman.c:1:
../Drivers/DSP/Inc/arm_math.h:2802:15: note: expected 'float32_t *' {aka 'float *'} but argument is of type 'float (*)[1024]'
 2802 |   float32_t * pDst,
      |   ~~~~~~~~~~~~^~~~
../Core/Src/workman.c:98:22: warning: variable 'differ' set but not used [-Wunused-but-set-variable]
   98 |  float phase1,phase2,differ;
      |                      ^~~~~~
../Core/Src/workman.c:98:15: warning: variable 'phase2' set but not used [-Wunused-but-set-variable]
   98 |  float phase1,phase2,differ;
      |               ^~~~~~
../Core/Src/workman.c:98:8: warning: variable 'phase1' set but not used [-Wunused-but-set-variable]
   98 |  float phase1,phase2,differ;
      |        ^~~~~~
../Core/Src/workman.c: In function 'resUart6':
../Core/Src/workman.c:133:3: warning: implicit declaration of function 'Write_frequence' [-Wimplicit-function-declaration]
  133 |   Write_frequence(0, 100);
      |   ^~~~~~~~~~~~~~~
arm-none-eabi-gcc -o "diansai_19_C.elf" @"objects.list"   -mcpu=cortex-m4 -T"G:\CubeProject\diansai_19_C\STM32F407ZGTX_FLASH.ld" --specs=nosys.specs -Wl,-Map="diansai_19_C.map" -Wl,--gc-sections -static --specs=nano.specs -mfpu=fpv4-sp-d16 -mfloat-abi=hard -mthumb -u _printf_float -Wl,--start-group -lc -lm -Wl,--end-group
Finished building target: diansai_19_C.elf
 
arm-none-eabi-objdump -h -S  diansai_19_C.elf  > "diansai_19_C.list"
arm-none-eabi-objcopy  -O binary  diansai_19_C.elf  "diansai_19_C.bin"
arm-none-eabi-size   diansai_19_C.elf 
   text	   data	    bss	    dec	    hex	filename
 127344	    552	  14560	 142456	  22c78	diansai_19_C.elf
Finished building: default.size.stdout
 
Finished building: diansai_19_C.bin
 
Finished building: diansai_19_C.list
 
19:54:34 **** Incremental Build of configuration Debug for project diansai_19_C ****
make -j12 all 
arm-none-eabi-gcc "../Core/Src/workman.c" -mcpu=cortex-m4 -std=gnu11 -g3 -DDEBUG '-D__FPU_PRESENT = 1U' -D__TARGET_FPU_VFP -DARM_MATH_CM4 -DUSE_HAL_DRIVER -DSTM32F407xx -c -I../Core/Inc -I../Drivers/DSP/Inc -I../Drivers/STM32F4xx_HAL_Driver/Inc -I../Drivers/STM32F4xx_HAL_Driver/Inc/Legacy -I../Drivers/CMSIS/Device/ST/STM32F4xx/Include -I../Drivers/CMSIS/Include -O0 -ffunction-sections -fdata-sections -Wall -fstack-usage -MMD -MP -MF"Core/Src/workman.d" -MT"Core/Src/workman.o" --specs=nano.specs -mfpu=fpv4-sp-d16 -mfloat-abi=hard -mthumb -o "Core/Src/workman.o"
../Core/Src/workman.c: In function 'DosomethingTim1':
../Core/Src/workman.c:103:15: warning: passing argument 1 of 'arm_copy_f32' from incompatible pointer type [-Wincompatible-pointer-types]
  103 |  arm_copy_f32(&dataCh1, &bufCh1, 1024);
      |               ^~~~~~~~
      |               |
      |               float (*)[1024]
In file included from ../Core/Inc/main.h:37,
                 from ../Core/Inc/workman.h:4,
                 from ../Core/Src/workman.c:1:
../Drivers/DSP/Inc/arm_math.h:2801:15: note: expected 'float32_t *' {aka 'float *'} but argument is of type 'float (*)[1024]'
 2801 |   float32_t * pSrc,
      |   ~~~~~~~~~~~~^~~~
../Core/Src/workman.c:103:25: warning: passing argument 2 of 'arm_copy_f32' from incompatible pointer type [-Wincompatible-pointer-types]
  103 |  arm_copy_f32(&dataCh1, &bufCh1, 1024);
      |                         ^~~~~~~
      |                         |
      |                         float (*)[1024]
In file included from ../Core/Inc/main.h:37,
                 from ../Core/Inc/workman.h:4,
                 from ../Core/Src/workman.c:1:
../Drivers/DSP/Inc/arm_math.h:2802:15: note: expected 'float32_t *' {aka 'float *'} but argument is of type 'float (*)[1024]'
 2802 |   float32_t * pDst,
      |   ~~~~~~~~~~~~^~~~
../Core/Src/workman.c:104:15: warning: passing argument 1 of 'arm_copy_f32' from incompatible pointer type [-Wincompatible-pointer-types]
  104 |  arm_copy_f32(&dataCh2, &bufCh2, 1024);
      |               ^~~~~~~~
      |               |
      |               float (*)[1024]
In file included from ../Core/Inc/main.h:37,
                 from ../Core/Inc/workman.h:4,
                 from ../Core/Src/workman.c:1:
../Drivers/DSP/Inc/arm_math.h:2801:15: note: expected 'float32_t *' {aka 'float *'} but argument is of type 'float (*)[1024]'
 2801 |   float32_t * pSrc,
      |   ~~~~~~~~~~~~^~~~
../Core/Src/workman.c:104:25: warning: passing argument 2 of 'arm_copy_f32' from incompatible pointer type [-Wincompatible-pointer-types]
  104 |  arm_copy_f32(&dataCh2, &bufCh2, 1024);
      |                         ^~~~~~~
      |                         |
      |                         float (*)[1024]
In file included from ../Core/Inc/main.h:37,
                 from ../Core/Inc/workman.h:4,
                 from ../Core/Src/workman.c:1:
../Drivers/DSP/Inc/arm_math.h:2802:15: note: expected 'float32_t *' {aka 'float *'} but argument is of type 'float (*)[1024]'
 2802 |   float32_t * pDst,
      |   ~~~~~~~~~~~~^~~~
../Core/Src/workman.c:98:22: warning: variable 'differ' set but not used [-Wunused-but-set-variable]
   98 |  float phase1,phase2,differ;
      |                      ^~~~~~
../Core/Src/workman.c:98:15: warning: variable 'phase2' set but not used [-Wunused-but-set-variable]
   98 |  float phase1,phase2,differ;
      |               ^~~~~~
../Core/Src/workman.c:98:8: warning: variable 'phase1' set but not used [-Wunused-but-set-variable]
   98 |  float phase1,phase2,differ;
      |        ^~~~~~
../Core/Src/workman.c: In function 'resUart6':
../Core/Src/workman.c:133:3: warning: implicit declaration of function 'Write_frequence' [-Wimplicit-function-declaration]
  133 |   Write_frequence(0, 100);
      |   ^~~~~~~~~~~~~~~
arm-none-eabi-gcc -o "diansai_19_C.elf" @"objects.list"   -mcpu=cortex-m4 -T"G:\CubeProject\diansai_19_C\STM32F407ZGTX_FLASH.ld" --specs=nosys.specs -Wl,-Map="diansai_19_C.map" -Wl,--gc-sections -static --specs=nano.specs -mfpu=fpv4-sp-d16 -mfloat-abi=hard -mthumb -u _printf_float -Wl,--start-group -lc -lm -Wl,--end-group
Finished building target: diansai_19_C.elf
 
arm-none-eabi-objdump -h -S  diansai_19_C.elf  > "diansai_19_C.list"
arm-none-eabi-objcopy  -O binary  diansai_19_C.elf  "diansai_19_C.bin"
arm-none-eabi-size   diansai_19_C.elf 
   text	   data	    bss	    dec	    hex	filename
 127344	    552	  14560	 142456	  22c78	diansai_19_C.elf
Finished building: default.size.stdout
 
Finished building: diansai_19_C.bin
 
Finished building: diansai_19_C.list
 
19:56:53 **** Incremental Build of configuration Debug for project diansai_19_C ****
make -j12 all 
arm-none-eabi-gcc "../Core/Src/workman.c" -mcpu=cortex-m4 -std=gnu11 -g3 -DDEBUG '-D__FPU_PRESENT = 1U' -D__TARGET_FPU_VFP -DARM_MATH_CM4 -DUSE_HAL_DRIVER -DSTM32F407xx -c -I../Core/Inc -I../Drivers/DSP/Inc -I../Drivers/STM32F4xx_HAL_Driver/Inc -I../Drivers/STM32F4xx_HAL_Driver/Inc/Legacy -I../Drivers/CMSIS/Device/ST/STM32F4xx/Include -I../Drivers/CMSIS/Include -O0 -ffunction-sections -fdata-sections -Wall -fstack-usage -MMD -MP -MF"Core/Src/workman.d" -MT"Core/Src/workman.o" --specs=nano.specs -mfpu=fpv4-sp-d16 -mfloat-abi=hard -mthumb -o "Core/Src/workman.o"
../Core/Src/workman.c: In function 'DosomethingTim1':
../Core/Src/workman.c:103:15: warning: passing argument 1 of 'arm_copy_f32' from incompatible pointer type [-Wincompatible-pointer-types]
  103 |  arm_copy_f32(&dataCh1, &bufCh1, 1024);
      |               ^~~~~~~~
      |               |
      |               float (*)[1024]
In file included from ../Core/Inc/main.h:37,
                 from ../Core/Inc/workman.h:4,
                 from ../Core/Src/workman.c:1:
../Drivers/DSP/Inc/arm_math.h:2801:15: note: expected 'float32_t *' {aka 'float *'} but argument is of type 'float (*)[1024]'
 2801 |   float32_t * pSrc,
      |   ~~~~~~~~~~~~^~~~
../Core/Src/workman.c:103:25: warning: passing argument 2 of 'arm_copy_f32' from incompatible pointer type [-Wincompatible-pointer-types]
  103 |  arm_copy_f32(&dataCh1, &bufCh1, 1024);
      |                         ^~~~~~~
      |                         |
      |                         float (*)[1024]
In file included from ../Core/Inc/main.h:37,
                 from ../Core/Inc/workman.h:4,
                 from ../Core/Src/workman.c:1:
../Drivers/DSP/Inc/arm_math.h:2802:15: note: expected 'float32_t *' {aka 'float *'} but argument is of type 'float (*)[1024]'
 2802 |   float32_t * pDst,
      |   ~~~~~~~~~~~~^~~~
../Core/Src/workman.c:104:15: warning: passing argument 1 of 'arm_copy_f32' from incompatible pointer type [-Wincompatible-pointer-types]
  104 |  arm_copy_f32(&dataCh2, &bufCh2, 1024);
      |               ^~~~~~~~
      |               |
      |               float (*)[1024]
In file included from ../Core/Inc/main.h:37,
                 from ../Core/Inc/workman.h:4,
                 from ../Core/Src/workman.c:1:
../Drivers/DSP/Inc/arm_math.h:2801:15: note: expected 'float32_t *' {aka 'float *'} but argument is of type 'float (*)[1024]'
 2801 |   float32_t * pSrc,
      |   ~~~~~~~~~~~~^~~~
../Core/Src/workman.c:104:25: warning: passing argument 2 of 'arm_copy_f32' from incompatible pointer type [-Wincompatible-pointer-types]
  104 |  arm_copy_f32(&dataCh2, &bufCh2, 1024);
      |                         ^~~~~~~
      |                         |
      |                         float (*)[1024]
In file included from ../Core/Inc/main.h:37,
                 from ../Core/Inc/workman.h:4,
                 from ../Core/Src/workman.c:1:
../Drivers/DSP/Inc/arm_math.h:2802:15: note: expected 'float32_t *' {aka 'float *'} but argument is of type 'float (*)[1024]'
 2802 |   float32_t * pDst,
      |   ~~~~~~~~~~~~^~~~
../Core/Src/workman.c:98:22: warning: variable 'differ' set but not used [-Wunused-but-set-variable]
   98 |  float phase1,phase2,differ;
      |                      ^~~~~~
../Core/Src/workman.c:98:15: warning: variable 'phase2' set but not used [-Wunused-but-set-variable]
   98 |  float phase1,phase2,differ;
      |               ^~~~~~
../Core/Src/workman.c:98:8: warning: variable 'phase1' set but not used [-Wunused-but-set-variable]
   98 |  float phase1,phase2,differ;
      |        ^~~~~~
../Core/Src/workman.c: In function 'resUart6':
../Core/Src/workman.c:133:3: warning: implicit declaration of function 'Write_frequence' [-Wimplicit-function-declaration]
  133 |   Write_frequence(0, 100);
      |   ^~~~~~~~~~~~~~~
arm-none-eabi-gcc -o "diansai_19_C.elf" @"objects.list"   -mcpu=cortex-m4 -T"G:\CubeProject\diansai_19_C\STM32F407ZGTX_FLASH.ld" --specs=nosys.specs -Wl,-Map="diansai_19_C.map" -Wl,--gc-sections -static --specs=nano.specs -mfpu=fpv4-sp-d16 -mfloat-abi=hard -mthumb -u _printf_float -Wl,--start-group -lc -lm -Wl,--end-group
Finished building target: diansai_19_C.elf
 
arm-none-eabi-objdump -h -S  diansai_19_C.elf  > "diansai_19_C.list"
arm-none-eabi-objcopy  -O binary  diansai_19_C.elf  "diansai_19_C.bin"
arm-none-eabi-size   diansai_19_C.elf 
   text	   data	    bss	    dec	    hex	filename
 127344	    552	  14560	 142456	  22c78	diansai_19_C.elf
Finished building: default.size.stdout
 
Finished building: diansai_19_C.bin
 
Finished building: diansai_19_C.list
 
20:01:01 **** Incremental Build of configuration Debug for project diansai_19_C ****
make -j12 all 
arm-none-eabi-gcc "../Core/Src/workman.c" -mcpu=cortex-m4 -std=gnu11 -g3 -DDEBUG '-D__FPU_PRESENT = 1U' -D__TARGET_FPU_VFP -DARM_MATH_CM4 -DUSE_HAL_DRIVER -DSTM32F407xx -c -I../Core/Inc -I../Drivers/DSP/Inc -I../Drivers/STM32F4xx_HAL_Driver/Inc -I../Drivers/STM32F4xx_HAL_Driver/Inc/Legacy -I../Drivers/CMSIS/Device/ST/STM32F4xx/Include -I../Drivers/CMSIS/Include -O0 -ffunction-sections -fdata-sections -Wall -fstack-usage -MMD -MP -MF"Core/Src/workman.d" -MT"Core/Src/workman.o" --specs=nano.specs -mfpu=fpv4-sp-d16 -mfloat-abi=hard -mthumb -o "Core/Src/workman.o"
../Core/Src/workman.c: In function 'DosomethingTim1':
../Core/Src/workman.c:103:15: warning: passing argument 1 of 'arm_copy_f32' from incompatible pointer type [-Wincompatible-pointer-types]
  103 |  arm_copy_f32(&dataCh1, &bufCh1, 1024);
      |               ^~~~~~~~
      |               |
      |               float (*)[1024]
In file included from ../Core/Inc/main.h:37,
                 from ../Core/Inc/workman.h:4,
                 from ../Core/Src/workman.c:1:
../Drivers/DSP/Inc/arm_math.h:2801:15: note: expected 'float32_t *' {aka 'float *'} but argument is of type 'float (*)[1024]'
 2801 |   float32_t * pSrc,
      |   ~~~~~~~~~~~~^~~~
../Core/Src/workman.c:103:25: warning: passing argument 2 of 'arm_copy_f32' from incompatible pointer type [-Wincompatible-pointer-types]
  103 |  arm_copy_f32(&dataCh1, &bufCh1, 1024);
      |                         ^~~~~~~
      |                         |
      |                         float (*)[1024]
In file included from ../Core/Inc/main.h:37,
                 from ../Core/Inc/workman.h:4,
                 from ../Core/Src/workman.c:1:
../Drivers/DSP/Inc/arm_math.h:2802:15: note: expected 'float32_t *' {aka 'float *'} but argument is of type 'float (*)[1024]'
 2802 |   float32_t * pDst,
      |   ~~~~~~~~~~~~^~~~
../Core/Src/workman.c:104:15: warning: passing argument 1 of 'arm_copy_f32' from incompatible pointer type [-Wincompatible-pointer-types]
  104 |  arm_copy_f32(&dataCh2, &bufCh2, 1024);
      |               ^~~~~~~~
      |               |
      |               float (*)[1024]
In file included from ../Core/Inc/main.h:37,
                 from ../Core/Inc/workman.h:4,
                 from ../Core/Src/workman.c:1:
../Drivers/DSP/Inc/arm_math.h:2801:15: note: expected 'float32_t *' {aka 'float *'} but argument is of type 'float (*)[1024]'
 2801 |   float32_t * pSrc,
      |   ~~~~~~~~~~~~^~~~
../Core/Src/workman.c:104:25: warning: passing argument 2 of 'arm_copy_f32' from incompatible pointer type [-Wincompatible-pointer-types]
  104 |  arm_copy_f32(&dataCh2, &bufCh2, 1024);
      |                         ^~~~~~~
      |                         |
      |                         float (*)[1024]
In file included from ../Core/Inc/main.h:37,
                 from ../Core/Inc/workman.h:4,
                 from ../Core/Src/workman.c:1:
../Drivers/DSP/Inc/arm_math.h:2802:15: note: expected 'float32_t *' {aka 'float *'} but argument is of type 'float (*)[1024]'
 2802 |   float32_t * pDst,
      |   ~~~~~~~~~~~~^~~~
../Core/Src/workman.c:98:22: warning: variable 'differ' set but not used [-Wunused-but-set-variable]
   98 |  float phase1,phase2,differ;
      |                      ^~~~~~
../Core/Src/workman.c:98:15: warning: variable 'phase2' set but not used [-Wunused-but-set-variable]
   98 |  float phase1,phase2,differ;
      |               ^~~~~~
../Core/Src/workman.c:98:8: warning: variable 'phase1' set but not used [-Wunused-but-set-variable]
   98 |  float phase1,phase2,differ;
      |        ^~~~~~
../Core/Src/workman.c: In function 'resUart6':
../Core/Src/workman.c:133:3: warning: implicit declaration of function 'Write_frequence' [-Wimplicit-function-declaration]
  133 |   Write_frequence(0, 100);
      |   ^~~~~~~~~~~~~~~
arm-none-eabi-gcc -o "diansai_19_C.elf" @"objects.list"   -mcpu=cortex-m4 -T"G:\CubeProject\diansai_19_C\STM32F407ZGTX_FLASH.ld" --specs=nosys.specs -Wl,-Map="diansai_19_C.map" -Wl,--gc-sections -static --specs=nano.specs -mfpu=fpv4-sp-d16 -mfloat-abi=hard -mthumb -u _printf_float -Wl,--start-group -lc -lm -Wl,--end-group
Finished building target: diansai_19_C.elf
 
arm-none-eabi-objdump -h -S  diansai_19_C.elf  > "diansai_19_C.list"
arm-none-eabi-objcopy  -O binary  diansai_19_C.elf  "diansai_19_C.bin"
arm-none-eabi-size   diansai_19_C.elf 
   text	   data	    bss	    dec	    hex	filename
 127312	    552	  14560	 142424	  22c58	diansai_19_C.elf
Finished building: default.size.stdout
 
Finished building: diansai_19_C.bin
 
Finished building: diansai_19_C.list
 
21:38:50 **** Incremental Build of configuration Debug for project diansai_19_C ****
make -j12 all 
arm-none-eabi-gcc "../Core/Src/workman.c" -mcpu=cortex-m4 -std=gnu11 -g3 -DDEBUG '-D__FPU_PRESENT = 1U' -D__TARGET_FPU_VFP -DARM_MATH_CM4 -DUSE_HAL_DRIVER -DSTM32F407xx -c -I../Core/Inc -I../Drivers/DSP/Inc -I../Drivers/STM32F4xx_HAL_Driver/Inc -I../Drivers/STM32F4xx_HAL_Driver/Inc/Legacy -I../Drivers/CMSIS/Device/ST/STM32F4xx/Include -I../Drivers/CMSIS/Include -O0 -ffunction-sections -fdata-sections -Wall -fstack-usage -MMD -MP -MF"Core/Src/workman.d" -MT"Core/Src/workman.o" --specs=nano.specs -mfpu=fpv4-sp-d16 -mfloat-abi=hard -mthumb -o "Core/Src/workman.o"
../Core/Src/workman.c: In function 'DosomethingTim1':
../Core/Src/workman.c:103:15: warning: passing argument 1 of 'arm_copy_f32' from incompatible pointer type [-Wincompatible-pointer-types]
  103 |  arm_copy_f32(&dataCh1, &bufCh1, 1024);
      |               ^~~~~~~~
      |               |
      |               float (*)[1024]
In file included from ../Core/Inc/main.h:37,
                 from ../Core/Inc/workman.h:4,
                 from ../Core/Src/workman.c:1:
../Drivers/DSP/Inc/arm_math.h:2801:15: note: expected 'float32_t *' {aka 'float *'} but argument is of type 'float (*)[1024]'
 2801 |   float32_t * pSrc,
      |   ~~~~~~~~~~~~^~~~
../Core/Src/workman.c:103:25: warning: passing argument 2 of 'arm_copy_f32' from incompatible pointer type [-Wincompatible-pointer-types]
  103 |  arm_copy_f32(&dataCh1, &bufCh1, 1024);
      |                         ^~~~~~~
      |                         |
      |                         float (*)[1024]
In file included from ../Core/Inc/main.h:37,
                 from ../Core/Inc/workman.h:4,
                 from ../Core/Src/workman.c:1:
../Drivers/DSP/Inc/arm_math.h:2802:15: note: expected 'float32_t *' {aka 'float *'} but argument is of type 'float (*)[1024]'
 2802 |   float32_t * pDst,
      |   ~~~~~~~~~~~~^~~~
../Core/Src/workman.c:104:15: warning: passing argument 1 of 'arm_copy_f32' from incompatible pointer type [-Wincompatible-pointer-types]
  104 |  arm_copy_f32(&dataCh2, &bufCh2, 1024);
      |               ^~~~~~~~
      |               |
      |               float (*)[1024]
In file included from ../Core/Inc/main.h:37,
                 from ../Core/Inc/workman.h:4,
                 from ../Core/Src/workman.c:1:
../Drivers/DSP/Inc/arm_math.h:2801:15: note: expected 'float32_t *' {aka 'float *'} but argument is of type 'float (*)[1024]'
 2801 |   float32_t * pSrc,
      |   ~~~~~~~~~~~~^~~~
../Core/Src/workman.c:104:25: warning: passing argument 2 of 'arm_copy_f32' from incompatible pointer type [-Wincompatible-pointer-types]
  104 |  arm_copy_f32(&dataCh2, &bufCh2, 1024);
      |                         ^~~~~~~
      |                         |
      |                         float (*)[1024]
In file included from ../Core/Inc/main.h:37,
                 from ../Core/Inc/workman.h:4,
                 from ../Core/Src/workman.c:1:
../Drivers/DSP/Inc/arm_math.h:2802:15: note: expected 'float32_t *' {aka 'float *'} but argument is of type 'float (*)[1024]'
 2802 |   float32_t * pDst,
      |   ~~~~~~~~~~~~^~~~
../Core/Src/workman.c:98:22: warning: variable 'differ' set but not used [-Wunused-but-set-variable]
   98 |  float phase1,phase2,differ;
      |                      ^~~~~~
../Core/Src/workman.c:98:15: warning: variable 'phase2' set but not used [-Wunused-but-set-variable]
   98 |  float phase1,phase2,differ;
      |               ^~~~~~
../Core/Src/workman.c:98:8: warning: variable 'phase1' set but not used [-Wunused-but-set-variable]
   98 |  float phase1,phase2,differ;
      |        ^~~~~~
../Core/Src/workman.c: In function 'resUart6':
../Core/Src/workman.c:133:3: warning: implicit declaration of function 'Write_frequence' [-Wimplicit-function-declaration]
  133 |   Write_frequence(0, 100);
      |   ^~~~~~~~~~~~~~~
../Core/Src/workman.c: In function 'DosomethingTim3':
../Core/Src/workman.c:192:61: error: expected ';' before 'Z'
  192 |  if(avg2<0.11)avg2 = 89.834*avg2*avg2 - 13.271*avg2 + 1.4967
      |                                                             ^
      |                                                             ;
  193 | 
  194 |  Z=sqrt(avg1*avg1/avg2/avg2-1);
      |  ~                                                           
make: *** [Core/Src/subdir.mk:69: Core/Src/workman.o] Error 1
"make -j12 all" terminated with exit code 2. Build might be incomplete.
21:38:59 **** Incremental Build of configuration Debug for project diansai_19_C ****
make -j12 all 
arm-none-eabi-gcc "../Core/Src/workman.c" -mcpu=cortex-m4 -std=gnu11 -g3 -DDEBUG '-D__FPU_PRESENT = 1U' -D__TARGET_FPU_VFP -DARM_MATH_CM4 -DUSE_HAL_DRIVER -DSTM32F407xx -c -I../Core/Inc -I../Drivers/DSP/Inc -I../Drivers/STM32F4xx_HAL_Driver/Inc -I../Drivers/STM32F4xx_HAL_Driver/Inc/Legacy -I../Drivers/CMSIS/Device/ST/STM32F4xx/Include -I../Drivers/CMSIS/Include -O0 -ffunction-sections -fdata-sections -Wall -fstack-usage -MMD -MP -MF"Core/Src/workman.d" -MT"Core/Src/workman.o" --specs=nano.specs -mfpu=fpv4-sp-d16 -mfloat-abi=hard -mthumb -o "Core/Src/workman.o"
../Core/Src/workman.c: In function 'DosomethingTim1':
../Core/Src/workman.c:103:15: warning: passing argument 1 of 'arm_copy_f32' from incompatible pointer type [-Wincompatible-pointer-types]
  103 |  arm_copy_f32(&dataCh1, &bufCh1, 1024);
      |               ^~~~~~~~
      |               |
      |               float (*)[1024]
In file included from ../Core/Inc/main.h:37,
                 from ../Core/Inc/workman.h:4,
                 from ../Core/Src/workman.c:1:
../Drivers/DSP/Inc/arm_math.h:2801:15: note: expected 'float32_t *' {aka 'float *'} but argument is of type 'float (*)[1024]'
 2801 |   float32_t * pSrc,
      |   ~~~~~~~~~~~~^~~~
../Core/Src/workman.c:103:25: warning: passing argument 2 of 'arm_copy_f32' from incompatible pointer type [-Wincompatible-pointer-types]
  103 |  arm_copy_f32(&dataCh1, &bufCh1, 1024);
      |                         ^~~~~~~
      |                         |
      |                         float (*)[1024]
In file included from ../Core/Inc/main.h:37,
                 from ../Core/Inc/workman.h:4,
                 from ../Core/Src/workman.c:1:
../Drivers/DSP/Inc/arm_math.h:2802:15: note: expected 'float32_t *' {aka 'float *'} but argument is of type 'float (*)[1024]'
 2802 |   float32_t * pDst,
      |   ~~~~~~~~~~~~^~~~
../Core/Src/workman.c:104:15: warning: passing argument 1 of 'arm_copy_f32' from incompatible pointer type [-Wincompatible-pointer-types]
  104 |  arm_copy_f32(&dataCh2, &bufCh2, 1024);
      |               ^~~~~~~~
      |               |
      |               float (*)[1024]
In file included from ../Core/Inc/main.h:37,
                 from ../Core/Inc/workman.h:4,
                 from ../Core/Src/workman.c:1:
../Drivers/DSP/Inc/arm_math.h:2801:15: note: expected 'float32_t *' {aka 'float *'} but argument is of type 'float (*)[1024]'
 2801 |   float32_t * pSrc,
      |   ~~~~~~~~~~~~^~~~
../Core/Src/workman.c:104:25: warning: passing argument 2 of 'arm_copy_f32' from incompatible pointer type [-Wincompatible-pointer-types]
  104 |  arm_copy_f32(&dataCh2, &bufCh2, 1024);
      |                         ^~~~~~~
      |                         |
      |                         float (*)[1024]
In file included from ../Core/Inc/main.h:37,
                 from ../Core/Inc/workman.h:4,
                 from ../Core/Src/workman.c:1:
../Drivers/DSP/Inc/arm_math.h:2802:15: note: expected 'float32_t *' {aka 'float *'} but argument is of type 'float (*)[1024]'
 2802 |   float32_t * pDst,
      |   ~~~~~~~~~~~~^~~~
../Core/Src/workman.c:98:22: warning: variable 'differ' set but not used [-Wunused-but-set-variable]
   98 |  float phase1,phase2,differ;
      |                      ^~~~~~
../Core/Src/workman.c:98:15: warning: variable 'phase2' set but not used [-Wunused-but-set-variable]
   98 |  float phase1,phase2,differ;
      |               ^~~~~~
../Core/Src/workman.c:98:8: warning: variable 'phase1' set but not used [-Wunused-but-set-variable]
   98 |  float phase1,phase2,differ;
      |        ^~~~~~
../Core/Src/workman.c: In function 'resUart6':
../Core/Src/workman.c:133:3: warning: implicit declaration of function 'Write_frequence' [-Wimplicit-function-declaration]
  133 |   Write_frequence(0, 100);
      |   ^~~~~~~~~~~~~~~
arm-none-eabi-gcc -o "diansai_19_C.elf" @"objects.list"   -mcpu=cortex-m4 -T"G:\CubeProject\diansai_19_C\STM32F407ZGTX_FLASH.ld" --specs=nosys.specs -Wl,-Map="diansai_19_C.map" -Wl,--gc-sections -static --specs=nano.specs -mfpu=fpv4-sp-d16 -mfloat-abi=hard -mthumb -u _printf_float -Wl,--start-group -lc -lm -Wl,--end-group
Finished building target: diansai_19_C.elf
 
arm-none-eabi-objdump -h -S  diansai_19_C.elf  > "diansai_19_C.list"
arm-none-eabi-objcopy  -O binary  diansai_19_C.elf  "diansai_19_C.bin"
arm-none-eabi-size   diansai_19_C.elf 
   text	   data	    bss	    dec	    hex	filename
 127584	    552	  14560	 142696	  22d68	diansai_19_C.elf
Finished building: default.size.stdout
 
Finished building: diansai_19_C.bin
 
Finished building: diansai_19_C.list
 
21:42:54 **** Incremental Build of configuration Debug for project diansai_19_C ****
make -j12 all 
arm-none-eabi-gcc "../Core/Src/workman.c" -mcpu=cortex-m4 -std=gnu11 -g3 -DDEBUG '-D__FPU_PRESENT = 1U' -D__TARGET_FPU_VFP -DARM_MATH_CM4 -DUSE_HAL_DRIVER -DSTM32F407xx -c -I../Core/Inc -I../Drivers/DSP/Inc -I../Drivers/STM32F4xx_HAL_Driver/Inc -I../Drivers/STM32F4xx_HAL_Driver/Inc/Legacy -I../Drivers/CMSIS/Device/ST/STM32F4xx/Include -I../Drivers/CMSIS/Include -O0 -ffunction-sections -fdata-sections -Wall -fstack-usage -MMD -MP -MF"Core/Src/workman.d" -MT"Core/Src/workman.o" --specs=nano.specs -mfpu=fpv4-sp-d16 -mfloat-abi=hard -mthumb -o "Core/Src/workman.o"
../Core/Src/workman.c: In function 'DosomethingTim1':
../Core/Src/workman.c:103:15: warning: passing argument 1 of 'arm_copy_f32' from incompatible pointer type [-Wincompatible-pointer-types]
  103 |  arm_copy_f32(&dataCh1, &bufCh1, 1024);
      |               ^~~~~~~~
      |               |
      |               float (*)[1024]
In file included from ../Core/Inc/main.h:37,
                 from ../Core/Inc/workman.h:4,
                 from ../Core/Src/workman.c:1:
../Drivers/DSP/Inc/arm_math.h:2801:15: note: expected 'float32_t *' {aka 'float *'} but argument is of type 'float (*)[1024]'
 2801 |   float32_t * pSrc,
      |   ~~~~~~~~~~~~^~~~
../Core/Src/workman.c:103:25: warning: passing argument 2 of 'arm_copy_f32' from incompatible pointer type [-Wincompatible-pointer-types]
  103 |  arm_copy_f32(&dataCh1, &bufCh1, 1024);
      |                         ^~~~~~~
      |                         |
      |                         float (*)[1024]
In file included from ../Core/Inc/main.h:37,
                 from ../Core/Inc/workman.h:4,
                 from ../Core/Src/workman.c:1:
../Drivers/DSP/Inc/arm_math.h:2802:15: note: expected 'float32_t *' {aka 'float *'} but argument is of type 'float (*)[1024]'
 2802 |   float32_t * pDst,
      |   ~~~~~~~~~~~~^~~~
../Core/Src/workman.c:104:15: warning: passing argument 1 of 'arm_copy_f32' from incompatible pointer type [-Wincompatible-pointer-types]
  104 |  arm_copy_f32(&dataCh2, &bufCh2, 1024);
      |               ^~~~~~~~
      |               |
      |               float (*)[1024]
In file included from ../Core/Inc/main.h:37,
                 from ../Core/Inc/workman.h:4,
                 from ../Core/Src/workman.c:1:
../Drivers/DSP/Inc/arm_math.h:2801:15: note: expected 'float32_t *' {aka 'float *'} but argument is of type 'float (*)[1024]'
 2801 |   float32_t * pSrc,
      |   ~~~~~~~~~~~~^~~~
../Core/Src/workman.c:104:25: warning: passing argument 2 of 'arm_copy_f32' from incompatible pointer type [-Wincompatible-pointer-types]
  104 |  arm_copy_f32(&dataCh2, &bufCh2, 1024);
      |                         ^~~~~~~
      |                         |
      |                         float (*)[1024]
In file included from ../Core/Inc/main.h:37,
                 from ../Core/Inc/workman.h:4,
                 from ../Core/Src/workman.c:1:
../Drivers/DSP/Inc/arm_math.h:2802:15: note: expected 'float32_t *' {aka 'float *'} but argument is of type 'float (*)[1024]'
 2802 |   float32_t * pDst,
      |   ~~~~~~~~~~~~^~~~
../Core/Src/workman.c:98:22: warning: variable 'differ' set but not used [-Wunused-but-set-variable]
   98 |  float phase1,phase2,differ;
      |                      ^~~~~~
../Core/Src/workman.c:98:15: warning: variable 'phase2' set but not used [-Wunused-but-set-variable]
   98 |  float phase1,phase2,differ;
      |               ^~~~~~
../Core/Src/workman.c:98:8: warning: variable 'phase1' set but not used [-Wunused-but-set-variable]
   98 |  float phase1,phase2,differ;
      |        ^~~~~~
../Core/Src/workman.c: In function 'resUart6':
../Core/Src/workman.c:133:3: warning: implicit declaration of function 'Write_frequence' [-Wimplicit-function-declaration]
  133 |   Write_frequence(0, 100);
      |   ^~~~~~~~~~~~~~~
arm-none-eabi-gcc -o "diansai_19_C.elf" @"objects.list"   -mcpu=cortex-m4 -T"G:\CubeProject\diansai_19_C\STM32F407ZGTX_FLASH.ld" --specs=nosys.specs -Wl,-Map="diansai_19_C.map" -Wl,--gc-sections -static --specs=nano.specs -mfpu=fpv4-sp-d16 -mfloat-abi=hard -mthumb -u _printf_float -Wl,--start-group -lc -lm -Wl,--end-group
Finished building target: diansai_19_C.elf
 
arm-none-eabi-objdump -h -S  diansai_19_C.elf  > "diansai_19_C.list"
arm-none-eabi-objcopy  -O binary  diansai_19_C.elf  "diansai_19_C.bin"
arm-none-eabi-size   diansai_19_C.elf 
   text	   data	    bss	    dec	    hex	filename
 127312	    552	  14560	 142424	  22c58	diansai_19_C.elf
Finished building: default.size.stdout
 
Finished building: diansai_19_C.bin
 
Finished building: diansai_19_C.list
 
21:46:57 **** Incremental Build of configuration Debug for project diansai_19_C ****
make -j12 all 
arm-none-eabi-gcc "../Core/Src/workman.c" -mcpu=cortex-m4 -std=gnu11 -g3 -DDEBUG '-D__FPU_PRESENT = 1U' -D__TARGET_FPU_VFP -DARM_MATH_CM4 -DUSE_HAL_DRIVER -DSTM32F407xx -c -I../Core/Inc -I../Drivers/DSP/Inc -I../Drivers/STM32F4xx_HAL_Driver/Inc -I../Drivers/STM32F4xx_HAL_Driver/Inc/Legacy -I../Drivers/CMSIS/Device/ST/STM32F4xx/Include -I../Drivers/CMSIS/Include -O0 -ffunction-sections -fdata-sections -Wall -fstack-usage -MMD -MP -MF"Core/Src/workman.d" -MT"Core/Src/workman.o" --specs=nano.specs -mfpu=fpv4-sp-d16 -mfloat-abi=hard -mthumb -o "Core/Src/workman.o"
../Core/Src/workman.c: In function 'DosomethingTim1':
../Core/Src/workman.c:103:15: warning: passing argument 1 of 'arm_copy_f32' from incompatible pointer type [-Wincompatible-pointer-types]
  103 |  arm_copy_f32(&dataCh1, &bufCh1, 1024);
      |               ^~~~~~~~
      |               |
      |               float (*)[1024]
In file included from ../Core/Inc/main.h:37,
                 from ../Core/Inc/workman.h:4,
                 from ../Core/Src/workman.c:1:
../Drivers/DSP/Inc/arm_math.h:2801:15: note: expected 'float32_t *' {aka 'float *'} but argument is of type 'float (*)[1024]'
 2801 |   float32_t * pSrc,
      |   ~~~~~~~~~~~~^~~~
../Core/Src/workman.c:103:25: warning: passing argument 2 of 'arm_copy_f32' from incompatible pointer type [-Wincompatible-pointer-types]
  103 |  arm_copy_f32(&dataCh1, &bufCh1, 1024);
      |                         ^~~~~~~
      |                         |
      |                         float (*)[1024]
In file included from ../Core/Inc/main.h:37,
                 from ../Core/Inc/workman.h:4,
                 from ../Core/Src/workman.c:1:
../Drivers/DSP/Inc/arm_math.h:2802:15: note: expected 'float32_t *' {aka 'float *'} but argument is of type 'float (*)[1024]'
 2802 |   float32_t * pDst,
      |   ~~~~~~~~~~~~^~~~
../Core/Src/workman.c:104:15: warning: passing argument 1 of 'arm_copy_f32' from incompatible pointer type [-Wincompatible-pointer-types]
  104 |  arm_copy_f32(&dataCh2, &bufCh2, 1024);
      |               ^~~~~~~~
      |               |
      |               float (*)[1024]
In file included from ../Core/Inc/main.h:37,
                 from ../Core/Inc/workman.h:4,
                 from ../Core/Src/workman.c:1:
../Drivers/DSP/Inc/arm_math.h:2801:15: note: expected 'float32_t *' {aka 'float *'} but argument is of type 'float (*)[1024]'
 2801 |   float32_t * pSrc,
      |   ~~~~~~~~~~~~^~~~
../Core/Src/workman.c:104:25: warning: passing argument 2 of 'arm_copy_f32' from incompatible pointer type [-Wincompatible-pointer-types]
  104 |  arm_copy_f32(&dataCh2, &bufCh2, 1024);
      |                         ^~~~~~~
      |                         |
      |                         float (*)[1024]
In file included from ../Core/Inc/main.h:37,
                 from ../Core/Inc/workman.h:4,
                 from ../Core/Src/workman.c:1:
../Drivers/DSP/Inc/arm_math.h:2802:15: note: expected 'float32_t *' {aka 'float *'} but argument is of type 'float (*)[1024]'
 2802 |   float32_t * pDst,
      |   ~~~~~~~~~~~~^~~~
../Core/Src/workman.c:98:22: warning: variable 'differ' set but not used [-Wunused-but-set-variable]
   98 |  float phase1,phase2,differ;
      |                      ^~~~~~
../Core/Src/workman.c:98:15: warning: variable 'phase2' set but not used [-Wunused-but-set-variable]
   98 |  float phase1,phase2,differ;
      |               ^~~~~~
../Core/Src/workman.c:98:8: warning: variable 'phase1' set but not used [-Wunused-but-set-variable]
   98 |  float phase1,phase2,differ;
      |        ^~~~~~
../Core/Src/workman.c: In function 'resUart6':
../Core/Src/workman.c:133:3: warning: implicit declaration of function 'Write_frequence' [-Wimplicit-function-declaration]
  133 |   Write_frequence(0, 100);
      |   ^~~~~~~~~~~~~~~
arm-none-eabi-gcc -o "diansai_19_C.elf" @"objects.list"   -mcpu=cortex-m4 -T"G:\CubeProject\diansai_19_C\STM32F407ZGTX_FLASH.ld" --specs=nosys.specs -Wl,-Map="diansai_19_C.map" -Wl,--gc-sections -static --specs=nano.specs -mfpu=fpv4-sp-d16 -mfloat-abi=hard -mthumb -u _printf_float -Wl,--start-group -lc -lm -Wl,--end-group
Finished building target: diansai_19_C.elf
 
arm-none-eabi-objdump -h -S  diansai_19_C.elf  > "diansai_19_C.list"
arm-none-eabi-objcopy  -O binary  diansai_19_C.elf  "diansai_19_C.bin"
arm-none-eabi-size   diansai_19_C.elf 
   text	   data	    bss	    dec	    hex	filename
 127296	    552	  14560	 142408	  22c48	diansai_19_C.elf
Finished building: default.size.stdout
 
Finished building: diansai_19_C.bin
 
Finished building: diansai_19_C.list
 
